{"D:\\real-estate\\src\\__tests__\\mongodb-memory-server.ts": {"path":"D:\\real-estate\\src\\__tests__\\mongodb-memory-server.ts","statementMap":{"0":{"start":{"line":1,"column":0},"end":{"line":1,"column":32}},"1":{"start":{"line":2,"column":0},"end":{"line":2,"column":58}},"2":{"start":{"line":6,"column":0},"end":{"line":17,"column":3}},"3":{"start":{"line":7,"column":2},"end":{"line":7,"column":25}},"4":{"start":{"line":9,"column":2},"end":{"line":13,"column":5}},"5":{"start":{"line":15,"column":14},"end":{"line":15,"column":28}},"6":{"start":{"line":16,"column":2},"end":{"line":16,"column":30}},"7":{"start":{"line":19,"column":0},"end":{"line":24,"column":3}},"8":{"start":{"line":20,"column":2},"end":{"line":20,"column":30}},"9":{"start":{"line":21,"column":2},"end":{"line":23,"column":3}},"10":{"start":{"line":22,"column":4},"end":{"line":22,"column":23}}},"fnMap":{"0":{"name":"(anonymous_1)","decl":{"start":{"line":6,"column":10},"end":{"line":6,"column":15}},"loc":{"start":{"line":6,"column":21},"end":{"line":17,"column":1}}},"1":{"name":"(anonymous_2)","decl":{"start":{"line":19,"column":9},"end":{"line":19,"column":14}},"loc":{"start":{"line":19,"column":20},"end":{"line":24,"column":1}}}},"branchMap":{"0":{"loc":{"start":{"line":21,"column":2},"end":{"line":23,"column":3}},"type":"if","locations":[{"start":{"line":21,"column":2},"end":{"line":23,"column":3}},{"start":{},"end":{}}]}},"s":{"0":0,"1":0,"2":0,"3":0,"4":0,"5":0,"6":0,"7":0,"8":0,"9":0,"10":0},"f":{"0":0,"1":0},"b":{"0":[0,0]}}
,"D:\\real-estate\\src\\core\\user\\domain\\normalizeRole.ts": {"path":"D:\\real-estate\\src\\core\\user\\domain\\normalizeRole.ts","statementMap":{"0":{"start":{"line":3,"column":0},"end":{"line":3,"column":16}},"1":{"start":{"line":5,"column":2},"end":{"line":5,"column":27}},"2":{"start":{"line":5,"column":13},"end":{"line":5,"column":27}},"3":{"start":{"line":8,"column":2},"end":{"line":8,"column":56}}},"fnMap":{"0":{"name":"normalizeRole","decl":{"start":{"line":3,"column":16},"end":{"line":3,"column":29}},"loc":{"start":{"line":3,"column":42},"end":{"line":9,"column":1}}}},"branchMap":{"0":{"loc":{"start":{"line":5,"column":2},"end":{"line":5,"column":27}},"type":"if","locations":[{"start":{"line":5,"column":2},"end":{"line":5,"column":27}},{"start":{},"end":{}}]}},"s":{"0":0,"1":0,"2":0,"3":0},"f":{"0":0},"b":{"0":[0,0]}}
,"D:\\real-estate\\src\\core\\user\\domain\\role.map.ts": {"path":"D:\\real-estate\\src\\core\\user\\domain\\role.map.ts","statementMap":{"0":{"start":{"line":1,"column":13},"end":{"line":1,"column":28}},"1":{"start":{"line":2,"column":13},"end":{"line":2,"column":44}},"2":{"start":{"line":3,"column":13},"end":{"line":3,"column":29}}},"fnMap":{},"branchMap":{},"s":{"0":0,"1":0,"2":0},"f":{},"b":{}}
,"D:\\real-estate\\src\\core\\user\\services\\user.service.ts": {"path":"D:\\real-estate\\src\\core\\user\\services\\user.service.ts","statementMap":{"0":{"start":{"line":1,"column":0},"end":{"line":1,"column":54}},"1":{"start":{"line":17,"column":4},"end":{"line":17,"column":41}},"2":{"start":{"line":21,"column":17},"end":{"line":21,"column":55}},"3":{"start":{"line":22,"column":4},"end":{"line":22,"column":27}},"4":{"start":{"line":22,"column":15},"end":{"line":22,"column":27}},"5":{"start":{"line":24,"column":4},"end":{"line":24,"column":41}},"6":{"start":{"line":25,"column":4},"end":{"line":25,"column":16}},"7":{"start":{"line":29,"column":0},"end":{"line":29,"column":27}}},"fnMap":{"0":{"name":"(anonymous_0)","decl":{"start":{"line":16,"column":2},"end":{"line":16,"column":14}},"loc":{"start":{"line":16,"column":44},"end":{"line":18,"column":3}}},"1":{"name":"(anonymous_1)","decl":{"start":{"line":20,"column":2},"end":{"line":20,"column":7}},"loc":{"start":{"line":20,"column":30},"end":{"line":26,"column":3}}}},"branchMap":{"0":{"loc":{"start":{"line":22,"column":4},"end":{"line":22,"column":27}},"type":"if","locations":[{"start":{"line":22,"column":4},"end":{"line":22,"column":27}},{"start":{},"end":{}}]}},"s":{"0":0,"1":0,"2":0,"3":0,"4":0,"5":0,"6":0,"7":0},"f":{"0":0,"1":0},"b":{"0":[0,0]}}
,"D:\\real-estate\\src\\gateway\\index.ts": {"path":"D:\\real-estate\\src\\gateway\\index.ts","statementMap":{"0":{"start":{"line":1,"column":0},"end":{"line":1,"column":23}},"1":{"start":{"line":2,"column":0},"end":{"line":2,"column":20}},"2":{"start":{"line":3,"column":0},"end":{"line":3,"column":24}},"3":{"start":{"line":4,"column":0},"end":{"line":4,"column":30}},"4":{"start":{"line":5,"column":0},"end":{"line":5,"column":24}},"5":{"start":{"line":6,"column":0},"end":{"line":6,"column":24}},"6":{"start":{"line":7,"column":0},"end":{"line":7,"column":41}},"7":{"start":{"line":8,"column":0},"end":{"line":8,"column":47}},"8":{"start":{"line":9,"column":0},"end":{"line":9,"column":33}},"9":{"start":{"line":10,"column":0},"end":{"line":10,"column":46}},"10":{"start":{"line":11,"column":0},"end":{"line":11,"column":62}},"11":{"start":{"line":12,"column":0},"end":{"line":12,"column":48}},"12":{"start":{"line":13,"column":0},"end":{"line":13,"column":84}},"13":{"start":{"line":14,"column":0},"end":{"line":14,"column":64}},"14":{"start":{"line":16,"column":12},"end":{"line":16,"column":21}},"15":{"start":{"line":17,"column":19},"end":{"line":17,"column":41}},"16":{"start":{"line":27,"column":2},"end":{"line":27,"column":37}},"17":{"start":{"line":32,"column":24},"end":{"line":32,"column":72}},"18":{"start":{"line":34,"column":18},"end":{"line":39,"column":4}},"19":{"start":{"line":37,"column":6},"end":{"line":37,"column":50}},"20":{"start":{"line":44,"column":17},"end":{"line":78,"column":4}},"21":{"start":{"line":51,"column":10},"end":{"line":74,"column":12}},"22":{"start":{"line":53,"column":30},"end":{"line":53,"column":42}},"23":{"start":{"line":55,"column":14},"end":{"line":55,"column":31}},"24":{"start":{"line":55,"column":24},"end":{"line":55,"column":31}},"25":{"start":{"line":57,"column":14},"end":{"line":72,"column":15}},"26":{"start":{"line":58,"column":29},"end":{"line":58,"column":67}},"27":{"start":{"line":61,"column":16},"end":{"line":71,"column":17}},"28":{"start":{"line":62,"column":18},"end":{"line":67,"column":21}},"29":{"start":{"line":70,"column":18},"end":{"line":70,"column":54}},"30":{"start":{"line":81,"column":2},"end":{"line":81,"column":23}},"31":{"start":{"line":86,"column":34},"end":{"line":86,"column":38}},"32":{"start":{"line":88,"column":2},"end":{"line":100,"column":3}},"33":{"start":{"line":91,"column":6},"end":{"line":91,"column":58}},"34":{"start":{"line":93,"column":4},"end":{"line":93,"column":64}},"35":{"start":{"line":95,"column":4},"end":{"line":95,"column":39}},"36":{"start":{"line":97,"column":4},"end":{"line":99,"column":6}},"37":{"start":{"line":105,"column":2},"end":{"line":105,"column":72}},"38":{"start":{"line":106,"column":2},"end":{"line":106,"column":26}},"39":{"start":{"line":107,"column":2},"end":{"line":107,"column":26}},"40":{"start":{"line":109,"column":2},"end":{"line":177,"column":4}},"41":{"start":{"line":113,"column":8},"end":{"line":113,"column":77}},"42":{"start":{"line":114,"column":30},"end":{"line":114,"column":53}},"43":{"start":{"line":115,"column":27},"end":{"line":115,"column":52}},"44":{"start":{"line":116,"column":8},"end":{"line":118,"column":9}},"45":{"start":{"line":117,"column":10},"end":{"line":117,"column":30}},"46":{"start":{"line":120,"column":8},"end":{"line":122,"column":9}},"47":{"start":{"line":121,"column":10},"end":{"line":121,"column":47}},"48":{"start":{"line":124,"column":22},"end":{"line":124,"column":55}},"49":{"start":{"line":125,"column":26},"end":{"line":125,"column":46}},"50":{"start":{"line":127,"column":8},"end":{"line":130,"column":9}},"51":{"start":{"line":129,"column":10},"end":{"line":129,"column":30}},"52":{"start":{"line":132,"column":8},"end":{"line":134,"column":9}},"53":{"start":{"line":133,"column":10},"end":{"line":133,"column":43}},"54":{"start":{"line":137,"column":25},"end":{"line":139,"column":24}},"55":{"start":{"line":141,"column":8},"end":{"line":141,"column":49}},"56":{"start":{"line":142,"column":24},"end":{"line":142,"column":57}},"57":{"start":{"line":143,"column":8},"end":{"line":145,"column":9}},"58":{"start":{"line":144,"column":10},"end":{"line":144,"column":30}},"59":{"start":{"line":147,"column":8},"end":{"line":150,"column":9}},"60":{"start":{"line":149,"column":10},"end":{"line":149,"column":30}},"61":{"start":{"line":152,"column":8},"end":{"line":155,"column":10}},"62":{"start":{"line":157,"column":8},"end":{"line":174,"column":9}},"63":{"start":{"line":158,"column":27},"end":{"line":161,"column":26}},"64":{"start":{"line":163,"column":10},"end":{"line":163,"column":51}},"65":{"start":{"line":165,"column":10},"end":{"line":170,"column":12}},"66":{"start":{"line":172,"column":10},"end":{"line":172,"column":69}},"67":{"start":{"line":173,"column":10},"end":{"line":173,"column":30}},"68":{"start":{"line":182,"column":2},"end":{"line":184,"column":5}},"69":{"start":{"line":183,"column":4},"end":{"line":183,"column":71}},"70":{"start":{"line":187,"column":0},"end":{"line":187,"column":15}}},"fnMap":{"0":{"name":"startGateway","decl":{"start":{"line":26,"column":15},"end":{"line":26,"column":27}},"loc":{"start":{"line":26,"column":27},"end":{"line":185,"column":1}}},"1":{"name":"(anonymous_11)","decl":{"start":{"line":36,"column":4},"end":{"line":36,"column":16}},"loc":{"start":{"line":36,"column":24},"end":{"line":38,"column":5}}},"2":{"name":"(anonymous_12)","decl":{"start":{"line":50,"column":8},"end":{"line":50,"column":13}},"loc":{"start":{"line":50,"column":29},"end":{"line":75,"column":9}}},"3":{"name":"(anonymous_13)","decl":{"start":{"line":52,"column":12},"end":{"line":52,"column":17}},"loc":{"start":{"line":52,"column":61},"end":{"line":73,"column":13}}},"4":{"name":"(anonymous_14)","decl":{"start":{"line":112,"column":15},"end":{"line":112,"column":20}},"loc":{"start":{"line":112,"column":58},"end":{"line":175,"column":7}}},"5":{"name":"(anonymous_15)","decl":{"start":{"line":182,"column":26},"end":{"line":182,"column":29}},"loc":{"start":{"line":182,"column":31},"end":{"line":184,"column":3}}}},"branchMap":{"0":{"loc":{"start":{"line":55,"column":14},"end":{"line":55,"column":31}},"type":"if","locations":[{"start":{"line":55,"column":14},"end":{"line":55,"column":31}},{"start":{},"end":{}}]},"1":{"loc":{"start":{"line":57,"column":14},"end":{"line":72,"column":15}},"type":"if","locations":[{"start":{"line":57,"column":14},"end":{"line":72,"column":15}},{"start":{},"end":{}}]},"2":{"loc":{"start":{"line":61,"column":16},"end":{"line":71,"column":17}},"type":"if","locations":[{"start":{"line":61,"column":16},"end":{"line":71,"column":17}},{"start":{},"end":{}}]},"3":{"loc":{"start":{"line":91,"column":6},"end":{"line":91,"column":58}},"type":"binary-expr","locations":[{"start":{"line":91,"column":6},"end":{"line":91,"column":37}},{"start":{"line":91,"column":41},"end":{"line":91,"column":58}}]},"4":{"loc":{"start":{"line":116,"column":8},"end":{"line":118,"column":9}},"type":"if","locations":[{"start":{"line":116,"column":8},"end":{"line":118,"column":9}},{"start":{},"end":{}}]},"5":{"loc":{"start":{"line":120,"column":8},"end":{"line":122,"column":9}},"type":"if","locations":[{"start":{"line":120,"column":8},"end":{"line":122,"column":9}},{"start":{},"end":{}}]},"6":{"loc":{"start":{"line":127,"column":8},"end":{"line":130,"column":9}},"type":"if","locations":[{"start":{"line":127,"column":8},"end":{"line":130,"column":9}},{"start":{},"end":{}}]},"7":{"loc":{"start":{"line":132,"column":8},"end":{"line":134,"column":9}},"type":"if","locations":[{"start":{"line":132,"column":8},"end":{"line":134,"column":9}},{"start":{},"end":{}}]},"8":{"loc":{"start":{"line":143,"column":8},"end":{"line":145,"column":9}},"type":"if","locations":[{"start":{"line":143,"column":8},"end":{"line":145,"column":9}},{"start":{},"end":{}}]},"9":{"loc":{"start":{"line":143,"column":12},"end":{"line":143,"column":100}},"type":"binary-expr","locations":[{"start":{"line":143,"column":12},"end":{"line":143,"column":58}},{"start":{"line":143,"column":62},"end":{"line":143,"column":100}}]},"10":{"loc":{"start":{"line":147,"column":8},"end":{"line":150,"column":9}},"type":"if","locations":[{"start":{"line":147,"column":8},"end":{"line":150,"column":9}},{"start":{},"end":{}}]},"11":{"loc":{"start":{"line":160,"column":20},"end":{"line":160,"column":60}},"type":"binary-expr","locations":[{"start":{"line":160,"column":20},"end":{"line":160,"column":42}},{"start":{"line":160,"column":46},"end":{"line":160,"column":60}}]}},"s":{"0":0,"1":0,"2":0,"3":0,"4":0,"5":0,"6":0,"7":0,"8":0,"9":0,"10":0,"11":0,"12":0,"13":0,"14":0,"15":0,"16":0,"17":0,"18":0,"19":0,"20":0,"21":0,"22":0,"23":0,"24":0,"25":0,"26":0,"27":0,"28":0,"29":0,"30":0,"31":0,"32":0,"33":0,"34":0,"35":0,"36":0,"37":0,"38":0,"39":0,"40":0,"41":0,"42":0,"43":0,"44":0,"45":0,"46":0,"47":0,"48":0,"49":0,"50":0,"51":0,"52":0,"53":0,"54":0,"55":0,"56":0,"57":0,"58":0,"59":0,"60":0,"61":0,"62":0,"63":0,"64":0,"65":0,"66":0,"67":0,"68":0,"69":0,"70":0},"f":{"0":0,"1":0,"2":0,"3":0,"4":0,"5":0},"b":{"0":[0,0],"1":[0,0],"2":[0,0],"3":[0,0],"4":[0,0],"5":[0,0],"6":[0,0],"7":[0,0],"8":[0,0],"9":[0,0],"10":[0,0],"11":[0,0]}}
,"D:\\real-estate\\src\\gateway\\resolvers.ts": {"path":"D:\\real-estate\\src\\gateway\\resolvers.ts","statementMap":{"0":{"start":{"line":21,"column":0},"end":{"line":37,"column":2}},"1":{"start":{"line":24,"column":21},"end":{"line":24,"column":54}},"2":{"start":{"line":28,"column":52},"end":{"line":28,"column":58}},"3":{"start":{"line":30,"column":6},"end":{"line":34,"column":8}}},"fnMap":{"0":{"name":"(anonymous_0)","decl":{"start":{"line":23,"column":16},"end":{"line":23,"column":21}},"loc":{"start":{"line":23,"column":87},"end":{"line":35,"column":5}}}},"branchMap":{},"s":{"0":0,"1":0,"2":0,"3":0},"f":{"0":0},"b":{}}
,"D:\\real-estate\\src\\gateway\\cookies\\authCookiePlugin.ts": {"path":"D:\\real-estate\\src\\gateway\\cookies\\authCookiePlugin.ts","statementMap":{"0":{"start":{"line":28,"column":0},"end":{"line":28,"column":16}},"1":{"start":{"line":29,"column":2},"end":{"line":95,"column":4}},"2":{"start":{"line":31,"column":6},"end":{"line":93,"column":8}},"3":{"start":{"line":33,"column":22},"end":{"line":33,"column":38}},"4":{"start":{"line":34,"column":10},"end":{"line":34,"column":27}},"5":{"start":{"line":34,"column":20},"end":{"line":34,"column":27}},"6":{"start":{"line":39,"column":10},"end":{"line":48,"column":11}},"7":{"start":{"line":41,"column":12},"end":{"line":41,"column":60}},"8":{"start":{"line":42,"column":17},"end":{"line":48,"column":11}},"9":{"start":{"line":44,"column":12},"end":{"line":44,"column":70}},"10":{"start":{"line":47,"column":12},"end":{"line":47,"column":55}},"11":{"start":{"line":50,"column":10},"end":{"line":50,"column":36}},"12":{"start":{"line":50,"column":29},"end":{"line":50,"column":36}},"13":{"start":{"line":53,"column":10},"end":{"line":71,"column":11}},"14":{"start":{"line":54,"column":50},"end":{"line":54,"column":73}},"15":{"start":{"line":56,"column":12},"end":{"line":62,"column":13}},"16":{"start":{"line":57,"column":14},"end":{"line":61,"column":17}},"17":{"start":{"line":64,"column":12},"end":{"line":70,"column":13}},"18":{"start":{"line":65,"column":14},"end":{"line":69,"column":17}},"19":{"start":{"line":74,"column":10},"end":{"line":84,"column":11}},"20":{"start":{"line":75,"column":36},"end":{"line":75,"column":61}},"21":{"start":{"line":77,"column":12},"end":{"line":83,"column":13}},"22":{"start":{"line":78,"column":14},"end":{"line":82,"column":17}},"23":{"start":{"line":87,"column":10},"end":{"line":91,"column":11}},"24":{"start":{"line":88,"column":12},"end":{"line":88,"column":43}},"25":{"start":{"line":89,"column":12},"end":{"line":89,"column":44}},"26":{"start":{"line":90,"column":12},"end":{"line":90,"column":42}}},"fnMap":{"0":{"name":"authCookiePlugin","decl":{"start":{"line":28,"column":16},"end":{"line":28,"column":32}},"loc":{"start":{"line":28,"column":32},"end":{"line":96,"column":1}}},"1":{"name":"(anonymous_1)","decl":{"start":{"line":30,"column":4},"end":{"line":30,"column":9}},"loc":{"start":{"line":30,"column":25},"end":{"line":94,"column":5}}},"2":{"name":"(anonymous_2)","decl":{"start":{"line":32,"column":8},"end":{"line":32,"column":13}},"loc":{"start":{"line":32,"column":57},"end":{"line":92,"column":9}}}},"branchMap":{"0":{"loc":{"start":{"line":34,"column":10},"end":{"line":34,"column":27}},"type":"if","locations":[{"start":{"line":34,"column":10},"end":{"line":34,"column":27}},{"start":{},"end":{}}]},"1":{"loc":{"start":{"line":39,"column":10},"end":{"line":48,"column":11}},"type":"if","locations":[{"start":{"line":39,"column":10},"end":{"line":48,"column":11}},{"start":{"line":42,"column":17},"end":{"line":48,"column":11}}]},"2":{"loc":{"start":{"line":42,"column":17},"end":{"line":48,"column":11}},"type":"if","locations":[{"start":{"line":42,"column":17},"end":{"line":48,"column":11}},{"start":{"line":45,"column":17},"end":{"line":48,"column":11}}]},"3":{"loc":{"start":{"line":50,"column":10},"end":{"line":50,"column":36}},"type":"if","locations":[{"start":{"line":50,"column":10},"end":{"line":50,"column":36}},{"start":{},"end":{}}]},"4":{"loc":{"start":{"line":53,"column":10},"end":{"line":71,"column":11}},"type":"if","locations":[{"start":{"line":53,"column":10},"end":{"line":71,"column":11}},{"start":{},"end":{}}]},"5":{"loc":{"start":{"line":56,"column":12},"end":{"line":62,"column":13}},"type":"if","locations":[{"start":{"line":56,"column":12},"end":{"line":62,"column":13}},{"start":{},"end":{}}]},"6":{"loc":{"start":{"line":64,"column":12},"end":{"line":70,"column":13}},"type":"if","locations":[{"start":{"line":64,"column":12},"end":{"line":70,"column":13}},{"start":{},"end":{}}]},"7":{"loc":{"start":{"line":74,"column":10},"end":{"line":84,"column":11}},"type":"if","locations":[{"start":{"line":74,"column":10},"end":{"line":84,"column":11}},{"start":{},"end":{}}]},"8":{"loc":{"start":{"line":77,"column":12},"end":{"line":83,"column":13}},"type":"if","locations":[{"start":{"line":77,"column":12},"end":{"line":83,"column":13}},{"start":{},"end":{}}]},"9":{"loc":{"start":{"line":87,"column":10},"end":{"line":91,"column":11}},"type":"if","locations":[{"start":{"line":87,"column":10},"end":{"line":91,"column":11}},{"start":{},"end":{}}]},"10":{"loc":{"start":{"line":87,"column":14},"end":{"line":87,"column":79}},"type":"binary-expr","locations":[{"start":{"line":87,"column":14},"end":{"line":87,"column":42}},{"start":{"line":87,"column":46},"end":{"line":87,"column":79}}]}},"s":{"0":0,"1":0,"2":0,"3":0,"4":0,"5":0,"6":0,"7":0,"8":0,"9":0,"10":0,"11":0,"12":0,"13":0,"14":0,"15":0,"16":0,"17":0,"18":0,"19":0,"20":0,"21":0,"22":0,"23":0,"24":0,"25":0,"26":0},"f":{"0":0,"1":0,"2":0},"b":{"0":[0,0],"1":[0,0],"2":[0,0],"3":[0,0],"4":[0,0],"5":[0,0],"6":[0,0],"7":[0,0],"8":[0,0],"9":[0,0],"10":[0,0]}}
,"D:\\real-estate\\src\\gateway\\cookies\\clearAuthCookies.ts": {"path":"D:\\real-estate\\src\\gateway\\cookies\\clearAuthCookies.ts","statementMap":{"0":{"start":{"line":12,"column":0},"end":{"line":12,"column":16}},"1":{"start":{"line":3,"column":0},"end":{"line":3,"column":null}},"2":{"start":{"line":13,"column":2},"end":{"line":16,"column":4}},"3":{"start":{"line":17,"column":2},"end":{"line":20,"column":4}}},"fnMap":{"0":{"name":"clearAuthCookies","decl":{"start":{"line":12,"column":16},"end":{"line":12,"column":32}},"loc":{"start":{"line":12,"column":46},"end":{"line":21,"column":1}}}},"branchMap":{},"s":{"0":0,"1":0,"2":0,"3":0},"f":{"0":0},"b":{}}
,"D:\\real-estate\\src\\gateway\\cookies\\cookieOptions.ts": {"path":"D:\\real-estate\\src\\gateway\\cookies\\cookieOptions.ts","statementMap":{"0":{"start":{"line":3,"column":15},"end":{"line":3,"column":52}},"1":{"start":{"line":13,"column":13},"end":{"line":18,"column":2}},"2":{"start":{"line":20,"column":13},"end":{"line":26,"column":2}}},"fnMap":{},"branchMap":{"0":{"loc":{"start":{"line":16,"column":12},"end":{"line":16,"column":35}},"type":"cond-expr","locations":[{"start":{"line":16,"column":21},"end":{"line":16,"column":27}},{"start":{"line":16,"column":30},"end":{"line":16,"column":35}}]},"1":{"loc":{"start":{"line":23,"column":12},"end":{"line":23,"column":35}},"type":"cond-expr","locations":[{"start":{"line":23,"column":21},"end":{"line":23,"column":27}},{"start":{"line":23,"column":30},"end":{"line":23,"column":35}}]}},"s":{"0":0,"1":0,"2":0},"f":{},"b":{"0":[0,0],"1":[0,0]}}
,"D:\\real-estate\\src\\gateway\\helpers\\classifyToken.ts": {"path":"D:\\real-estate\\src\\gateway\\helpers\\classifyToken.ts","statementMap":{"0":{"start":{"line":5,"column":0},"end":{"line":5,"column":16}},"1":{"start":{"line":3,"column":0},"end":{"line":3,"column":47}},"2":{"start":{"line":6,"column":18},"end":{"line":6,"column":56}},"3":{"start":{"line":8,"column":2},"end":{"line":10,"column":3}},"4":{"start":{"line":9,"column":4},"end":{"line":9,"column":21}},"5":{"start":{"line":12,"column":2},"end":{"line":14,"column":3}},"6":{"start":{"line":13,"column":4},"end":{"line":13,"column":22}},"7":{"start":{"line":16,"column":2},"end":{"line":21,"column":3}},"8":{"start":{"line":20,"column":4},"end":{"line":20,"column":22}},"9":{"start":{"line":23,"column":2},"end":{"line":23,"column":19}}},"fnMap":{"0":{"name":"classifyToken","decl":{"start":{"line":5,"column":16},"end":{"line":5,"column":29}},"loc":{"start":{"line":5,"column":43},"end":{"line":24,"column":1}}}},"branchMap":{"0":{"loc":{"start":{"line":8,"column":2},"end":{"line":10,"column":3}},"type":"if","locations":[{"start":{"line":8,"column":2},"end":{"line":10,"column":3}},{"start":{},"end":{}}]},"1":{"loc":{"start":{"line":8,"column":6},"end":{"line":8,"column":45}},"type":"binary-expr","locations":[{"start":{"line":8,"column":6},"end":{"line":8,"column":14}},{"start":{"line":8,"column":18},"end":{"line":8,"column":45}}]},"2":{"loc":{"start":{"line":12,"column":2},"end":{"line":14,"column":3}},"type":"if","locations":[{"start":{"line":12,"column":2},"end":{"line":14,"column":3}},{"start":{},"end":{}}]},"3":{"loc":{"start":{"line":16,"column":2},"end":{"line":21,"column":3}},"type":"if","locations":[{"start":{"line":16,"column":2},"end":{"line":21,"column":3}},{"start":{},"end":{}}]},"4":{"loc":{"start":{"line":17,"column":4},"end":{"line":18,"column":60}},"type":"binary-expr","locations":[{"start":{"line":17,"column":4},"end":{"line":17,"column":49}},{"start":{"line":18,"column":4},"end":{"line":18,"column":60}}]}},"s":{"0":0,"1":0,"2":0,"3":0,"4":0,"5":0,"6":0,"7":0,"8":0,"9":0},"f":{"0":0},"b":{"0":[0,0],"1":[0,0],"2":[0,0],"3":[0,0],"4":[0,0]}}
,"D:\\real-estate\\src\\gateway\\plugins\\authCookiePlugin.ts": {"path":"D:\\real-estate\\src\\gateway\\plugins\\authCookiePlugin.ts","statementMap":{"0":{"start":{"line":46,"column":0},"end":{"line":46,"column":16}},"1":{"start":{"line":2,"column":0},"end":{"line":2,"column":28}},"2":{"start":{"line":47,"column":2},"end":{"line":120,"column":4}},"3":{"start":{"line":49,"column":6},"end":{"line":118,"column":8}},"4":{"start":{"line":51,"column":26},"end":{"line":51,"column":38}},"5":{"start":{"line":52,"column":10},"end":{"line":52,"column":27}},"6":{"start":{"line":52,"column":20},"end":{"line":52,"column":27}},"7":{"start":{"line":57,"column":10},"end":{"line":66,"column":11}},"8":{"start":{"line":59,"column":12},"end":{"line":59,"column":60}},"9":{"start":{"line":60,"column":17},"end":{"line":66,"column":11}},"10":{"start":{"line":62,"column":12},"end":{"line":62,"column":70}},"11":{"start":{"line":65,"column":12},"end":{"line":65,"column":55}},"12":{"start":{"line":68,"column":10},"end":{"line":68,"column":36}},"13":{"start":{"line":68,"column":29},"end":{"line":68,"column":36}},"14":{"start":{"line":71,"column":12},"end":{"line":74,"column":36}},"15":{"start":{"line":76,"column":10},"end":{"line":76,"column":31}},"16":{"start":{"line":76,"column":24},"end":{"line":76,"column":31}},"17":{"start":{"line":79,"column":10},"end":{"line":84,"column":11}},"18":{"start":{"line":80,"column":12},"end":{"line":80,"column":43}},"19":{"start":{"line":81,"column":12},"end":{"line":81,"column":44}},"20":{"start":{"line":82,"column":12},"end":{"line":82,"column":42}},"21":{"start":{"line":83,"column":12},"end":{"line":83,"column":19}},"22":{"start":{"line":87,"column":48},"end":{"line":87,"column":73}},"23":{"start":{"line":89,"column":10},"end":{"line":97,"column":11}},"24":{"start":{"line":90,"column":12},"end":{"line":96,"column":15}},"25":{"start":{"line":99,"column":10},"end":{"line":107,"column":11}},"26":{"start":{"line":100,"column":12},"end":{"line":106,"column":15}},"27":{"start":{"line":110,"column":23},"end":{"line":110,"column":61}},"28":{"start":{"line":111,"column":10},"end":{"line":116,"column":13}}},"fnMap":{"0":{"name":"authCookiePlugin","decl":{"start":{"line":46,"column":16},"end":{"line":46,"column":32}},"loc":{"start":{"line":46,"column":32},"end":{"line":121,"column":1}}},"1":{"name":"(anonymous_2)","decl":{"start":{"line":48,"column":4},"end":{"line":48,"column":9}},"loc":{"start":{"line":48,"column":25},"end":{"line":119,"column":5}}},"2":{"name":"(anonymous_3)","decl":{"start":{"line":50,"column":8},"end":{"line":50,"column":13}},"loc":{"start":{"line":50,"column":57},"end":{"line":117,"column":9}}}},"branchMap":{"0":{"loc":{"start":{"line":52,"column":10},"end":{"line":52,"column":27}},"type":"if","locations":[{"start":{"line":52,"column":10},"end":{"line":52,"column":27}},{"start":{},"end":{}}]},"1":{"loc":{"start":{"line":57,"column":10},"end":{"line":66,"column":11}},"type":"if","locations":[{"start":{"line":57,"column":10},"end":{"line":66,"column":11}},{"start":{"line":60,"column":17},"end":{"line":66,"column":11}}]},"2":{"loc":{"start":{"line":60,"column":17},"end":{"line":66,"column":11}},"type":"if","locations":[{"start":{"line":60,"column":17},"end":{"line":66,"column":11}},{"start":{"line":63,"column":17},"end":{"line":66,"column":11}}]},"3":{"loc":{"start":{"line":68,"column":10},"end":{"line":68,"column":36}},"type":"if","locations":[{"start":{"line":68,"column":10},"end":{"line":68,"column":36}},{"start":{},"end":{}}]},"4":{"loc":{"start":{"line":71,"column":12},"end":{"line":74,"column":36}},"type":"binary-expr","locations":[{"start":{"line":71,"column":12},"end":{"line":71,"column":35}},{"start":{"line":72,"column":12},"end":{"line":72,"column":37}},{"start":{"line":73,"column":12},"end":{"line":73,"column":31}},{"start":{"line":74,"column":12},"end":{"line":74,"column":36}}]},"5":{"loc":{"start":{"line":76,"column":10},"end":{"line":76,"column":31}},"type":"if","locations":[{"start":{"line":76,"column":10},"end":{"line":76,"column":31}},{"start":{},"end":{}}]},"6":{"loc":{"start":{"line":79,"column":10},"end":{"line":84,"column":11}},"type":"if","locations":[{"start":{"line":79,"column":10},"end":{"line":84,"column":11}},{"start":{},"end":{}}]},"7":{"loc":{"start":{"line":89,"column":10},"end":{"line":97,"column":11}},"type":"if","locations":[{"start":{"line":89,"column":10},"end":{"line":97,"column":11}},{"start":{},"end":{}}]},"8":{"loc":{"start":{"line":99,"column":10},"end":{"line":107,"column":11}},"type":"if","locations":[{"start":{"line":99,"column":10},"end":{"line":107,"column":11}},{"start":{},"end":{}}]}},"s":{"0":0,"1":0,"2":0,"3":0,"4":0,"5":0,"6":0,"7":0,"8":0,"9":0,"10":0,"11":0,"12":0,"13":0,"14":0,"15":0,"16":0,"17":0,"18":0,"19":0,"20":0,"21":0,"22":0,"23":0,"24":0,"25":0,"26":0,"27":0,"28":0},"f":{"0":0,"1":0,"2":0},"b":{"0":[0,0],"1":[0,0],"2":[0,0],"3":[0,0],"4":[0,0,0,0],"5":[0,0],"6":[0,0],"7":[0,0],"8":[0,0]}}
,"D:\\real-estate\\src\\infrastructure\\userApolloClient.ts": {"path":"D:\\real-estate\\src\\infrastructure\\userApolloClient.ts","statementMap":{"0":{"start":{"line":6,"column":0},"end":{"line":6,"column":16}},"1":{"start":{"line":1,"column":0},"end":{"line":1,"column":76}},"2":{"start":{"line":2,"column":0},"end":{"line":2,"column":32}},"3":{"start":{"line":3,"column":0},"end":{"line":3,"column":28}},"4":{"start":{"line":4,"column":0},"end":{"line":4,"column":16}},"5":{"start":{"line":8,"column":4},"end":{"line":8,"column":68}},"6":{"start":{"line":10,"column":2},"end":{"line":14,"column":3}},"7":{"start":{"line":11,"column":4},"end":{"line":13,"column":6}},"8":{"start":{"line":16,"column":2},"end":{"line":22,"column":5}},"9":{"start":{"line":25,"column":13},"end":{"line":25,"column":57}}},"fnMap":{"0":{"name":"createUserApolloClient","decl":{"start":{"line":6,"column":16},"end":{"line":6,"column":38}},"loc":{"start":{"line":6,"column":38},"end":{"line":23,"column":1}}}},"branchMap":{"0":{"loc":{"start":{"line":8,"column":4},"end":{"line":8,"column":68}},"type":"binary-expr","locations":[{"start":{"line":8,"column":4},"end":{"line":8,"column":33}},{"start":{"line":8,"column":37},"end":{"line":8,"column":68}}]},"1":{"loc":{"start":{"line":10,"column":2},"end":{"line":14,"column":3}},"type":"if","locations":[{"start":{"line":10,"column":2},"end":{"line":14,"column":3}},{"start":{},"end":{}}]}},"s":{"0":0,"1":0,"2":0,"3":0,"4":0,"5":0,"6":0,"7":0,"8":0,"9":0},"f":{"0":0},"b":{"0":[0,0],"1":[0,0]}}
,"D:\\real-estate\\src\\infrastructure\\auth\\authenticatedDataSource.ts": {"path":"D:\\real-estate\\src\\infrastructure\\auth\\authenticatedDataSource.ts","statementMap":{"0":{"start":{"line":2,"column":0},"end":{"line":2,"column":91}},"1":{"start":{"line":18,"column":4},"end":{"line":18,"column":30}},"2":{"start":{"line":18,"column":23},"end":{"line":18,"column":30}},"3":{"start":{"line":22,"column":21},"end":{"line":22,"column":56}},"4":{"start":{"line":23,"column":0},"end":{"line":25,"column":1}},"5":{"start":{"line":24,"column":2},"end":{"line":24,"column":56}},"6":{"start":{"line":28,"column":4},"end":{"line":33,"column":5}},"7":{"start":{"line":29,"column":6},"end":{"line":32,"column":8}},"8":{"start":{"line":14,"column":0},"end":{"line":14,"column":21}}},"fnMap":{"0":{"name":"(anonymous_0)","decl":{"start":{"line":15,"column":11},"end":{"line":15,"column":26}},"loc":{"start":{"line":16,"column":66},"end":{"line":34,"column":3}}}},"branchMap":{"0":{"loc":{"start":{"line":18,"column":4},"end":{"line":18,"column":30}},"type":"if","locations":[{"start":{"line":18,"column":4},"end":{"line":18,"column":30}},{"start":{},"end":{}}]},"1":{"loc":{"start":{"line":23,"column":0},"end":{"line":25,"column":1}},"type":"if","locations":[{"start":{"line":23,"column":0},"end":{"line":25,"column":1}},{"start":{},"end":{}}]},"2":{"loc":{"start":{"line":28,"column":4},"end":{"line":33,"column":5}},"type":"if","locations":[{"start":{"line":28,"column":4},"end":{"line":33,"column":5}},{"start":{},"end":{}}]}},"s":{"0":0,"1":0,"2":0,"3":0,"4":0,"5":0,"6":0,"7":0,"8":0},"f":{"0":0},"b":{"0":[0,0],"1":[0,0],"2":[0,0]}}
,"D:\\real-estate\\src\\infrastructure\\auth\\extractToken.ts": {"path":"D:\\real-estate\\src\\infrastructure\\auth\\extractToken.ts","statementMap":{"0":{"start":{"line":8,"column":15},"end":{"line":8,"column":40}},"1":{"start":{"line":9,"column":2},"end":{"line":9,"column":25}},"2":{"start":{"line":9,"column":13},"end":{"line":9,"column":25}},"3":{"start":{"line":10,"column":2},"end":{"line":12,"column":3}},"4":{"start":{"line":11,"column":4},"end":{"line":11,"column":25}},"5":{"start":{"line":13,"column":2},"end":{"line":13,"column":14}},"6":{"start":{"line":16,"column":0},"end":{"line":16,"column":28}}},"fnMap":{"0":{"name":"extractToken","decl":{"start":{"line":7,"column":9},"end":{"line":7,"column":21}},"loc":{"start":{"line":7,"column":34},"end":{"line":14,"column":1}}}},"branchMap":{"0":{"loc":{"start":{"line":9,"column":2},"end":{"line":9,"column":25}},"type":"if","locations":[{"start":{"line":9,"column":2},"end":{"line":9,"column":25}},{"start":{},"end":{}}]},"1":{"loc":{"start":{"line":10,"column":2},"end":{"line":12,"column":3}},"type":"if","locations":[{"start":{"line":10,"column":2},"end":{"line":12,"column":3}},{"start":{},"end":{}}]},"2":{"loc":{"start":{"line":10,"column":6},"end":{"line":10,"column":60}},"type":"binary-expr","locations":[{"start":{"line":10,"column":6},"end":{"line":10,"column":30}},{"start":{"line":10,"column":34},"end":{"line":10,"column":60}}]}},"s":{"0":0,"1":0,"2":0,"3":0,"4":0,"5":0,"6":0},"f":{"0":0},"b":{"0":[0,0],"1":[0,0],"2":[0,0]}}
,"D:\\real-estate\\src\\infrastructure\\auth\\setAuthCookies.ts": {"path":"D:\\real-estate\\src\\infrastructure\\auth\\setAuthCookies.ts","statementMap":{"0":{"start":{"line":14,"column":0},"end":{"line":14,"column":16}},"1":{"start":{"line":4,"column":0},"end":{"line":4,"column":null}},"2":{"start":{"line":18,"column":2},"end":{"line":20,"column":3}},"3":{"start":{"line":19,"column":4},"end":{"line":19,"column":59}},"4":{"start":{"line":22,"column":2},"end":{"line":26,"column":4}},"5":{"start":{"line":28,"column":2},"end":{"line":36,"column":3}},"6":{"start":{"line":29,"column":4},"end":{"line":35,"column":7}}},"fnMap":{"0":{"name":"setAuthCookies","decl":{"start":{"line":14,"column":16},"end":{"line":14,"column":30}},"loc":{"start":{"line":16,"column":43},"end":{"line":37,"column":1}}}},"branchMap":{"0":{"loc":{"start":{"line":18,"column":2},"end":{"line":20,"column":3}},"type":"if","locations":[{"start":{"line":18,"column":2},"end":{"line":20,"column":3}},{"start":{},"end":{}}]},"1":{"loc":{"start":{"line":28,"column":2},"end":{"line":36,"column":3}},"type":"if","locations":[{"start":{"line":28,"column":2},"end":{"line":36,"column":3}},{"start":{},"end":{}}]}},"s":{"0":0,"1":0,"2":0,"3":0,"4":0,"5":0,"6":0},"f":{"0":0},"b":{"0":[0,0],"1":[0,0]}}
,"D:\\real-estate\\src\\infrastructure\\auth\\verifyJwt.ts": {"path":"D:\\real-estate\\src\\infrastructure\\auth\\verifyJwt.ts","statementMap":{"0":{"start":{"line":2,"column":0},"end":{"line":2,"column":28}},"1":{"start":{"line":3,"column":0},"end":{"line":3,"column":16}},"2":{"start":{"line":4,"column":0},"end":{"line":4,"column":31}},"3":{"start":{"line":12,"column":24},"end":{"line":12,"column":50}},"4":{"start":{"line":14,"column":2},"end":{"line":16,"column":3}},"5":{"start":{"line":15,"column":4},"end":{"line":15,"column":52}},"6":{"start":{"line":22,"column":2},"end":{"line":29,"column":18}},"7":{"start":{"line":32,"column":0},"end":{"line":32,"column":25}}},"fnMap":{"0":{"name":"verifyJwt","decl":{"start":{"line":21,"column":9},"end":{"line":21,"column":18}},"loc":{"start":{"line":21,"column":32},"end":{"line":30,"column":1}}}},"branchMap":{"0":{"loc":{"start":{"line":14,"column":2},"end":{"line":16,"column":3}},"type":"if","locations":[{"start":{"line":14,"column":2},"end":{"line":16,"column":3}},{"start":{},"end":{}}]}},"s":{"0":0,"1":0,"2":0,"3":0,"4":0,"5":0,"6":0,"7":0},"f":{"0":0},"b":{"0":[0,0]}}
,"D:\\real-estate\\src\\infrastructure\\redis\\redis.ts": {"path":"D:\\real-estate\\src\\infrastructure\\redis\\redis.ts","statementMap":{"0":{"start":{"line":8,"column":0},"end":{"line":8,"column":16}},"1":{"start":{"line":23,"column":0},"end":{"line":23,"column":7}},"2":{"start":{"line":2,"column":0},"end":{"line":2,"column":28}},"3":{"start":{"line":3,"column":0},"end":{"line":3,"column":28}},"4":{"start":{"line":4,"column":0},"end":{"line":4,"column":16}},"5":{"start":{"line":6,"column":26},"end":{"line":6,"column":30}},"6":{"start":{"line":9,"column":2},"end":{"line":9,"column":26}},"7":{"start":{"line":9,"column":13},"end":{"line":9,"column":26}},"8":{"start":{"line":10,"column":2},"end":{"line":10,"column":74}},"9":{"start":{"line":10,"column":30},"end":{"line":10,"column":74}},"10":{"start":{"line":12,"column":2},"end":{"line":15,"column":5}},"11":{"start":{"line":17,"column":2},"end":{"line":17,"column":62}},"12":{"start":{"line":17,"column":28},"end":{"line":17,"column":60}},"13":{"start":{"line":18,"column":2},"end":{"line":18,"column":73}},"14":{"start":{"line":18,"column":36},"end":{"line":18,"column":71}},"15":{"start":{"line":20,"column":2},"end":{"line":20,"column":15}},"16":{"start":{"line":24,"column":2},"end":{"line":27,"column":3}},"17":{"start":{"line":25,"column":4},"end":{"line":25,"column":23}},"18":{"start":{"line":26,"column":4},"end":{"line":26,"column":17}},"19":{"start":{"line":29,"column":0},"end":{"line":29,"column":21}}},"fnMap":{"0":{"name":"createRedis","decl":{"start":{"line":8,"column":16},"end":{"line":8,"column":27}},"loc":{"start":{"line":8,"column":27},"end":{"line":21,"column":1}}},"1":{"name":"(anonymous_2)","decl":{"start":{"line":17,"column":22},"end":{"line":17,"column":25}},"loc":{"start":{"line":17,"column":28},"end":{"line":17,"column":60}}},"2":{"name":"(anonymous_3)","decl":{"start":{"line":18,"column":20},"end":{"line":18,"column":21}},"loc":{"start":{"line":18,"column":36},"end":{"line":18,"column":71}}},"3":{"name":"closeRedis","decl":{"start":{"line":23,"column":22},"end":{"line":23,"column":32}},"loc":{"start":{"line":23,"column":32},"end":{"line":28,"column":1}}}},"branchMap":{"0":{"loc":{"start":{"line":9,"column":2},"end":{"line":9,"column":26}},"type":"if","locations":[{"start":{"line":9,"column":2},"end":{"line":9,"column":26}},{"start":{},"end":{}}]},"1":{"loc":{"start":{"line":10,"column":2},"end":{"line":10,"column":74}},"type":"if","locations":[{"start":{"line":10,"column":2},"end":{"line":10,"column":74}},{"start":{},"end":{}}]},"2":{"loc":{"start":{"line":24,"column":2},"end":{"line":27,"column":3}},"type":"if","locations":[{"start":{"line":24,"column":2},"end":{"line":27,"column":3}},{"start":{},"end":{}}]}},"s":{"0":1,"1":1,"2":1,"3":1,"4":1,"5":1,"6":0,"7":0,"8":0,"9":0,"10":0,"11":0,"12":0,"13":0,"14":0,"15":0,"16":0,"17":0,"18":0,"19":1},"f":{"0":0,"1":0,"2":0,"3":0},"b":{"0":[0,0],"1":[0,0],"2":[0,0]}}
,"D:\\real-estate\\src\\infrastructure\\utils\\errors.ts": {"path":"D:\\real-estate\\src\\infrastructure\\utils\\errors.ts","statementMap":{"0":{"start":{"line":1,"column":0},"end":{"line":1,"column":39}},"1":{"start":{"line":5,"column":4},"end":{"line":9,"column":7}},"2":{"start":{"line":34,"column":9},"end":{"line":34,"column":28}},"3":{"start":{"line":15,"column":4},"end":{"line":19,"column":7}},"4":{"start":{"line":34,"column":30},"end":{"line":34,"column":44}},"5":{"start":{"line":25,"column":4},"end":{"line":29,"column":7}},"6":{"start":{"line":34,"column":45},"end":{"line":34,"column":59}}},"fnMap":{"0":{"name":"(anonymous_0)","decl":{"start":{"line":4,"column":2},"end":{"line":4,"column":14}},"loc":{"start":{"line":4,"column":29},"end":{"line":10,"column":3}}},"1":{"name":"(anonymous_1)","decl":{"start":{"line":14,"column":2},"end":{"line":14,"column":14}},"loc":{"start":{"line":14,"column":29},"end":{"line":20,"column":3}}},"2":{"name":"(anonymous_2)","decl":{"start":{"line":24,"column":2},"end":{"line":24,"column":14}},"loc":{"start":{"line":24,"column":29},"end":{"line":30,"column":3}}}},"branchMap":{},"s":{"0":3,"1":1,"2":3,"3":2,"4":3,"5":4,"6":3},"f":{"0":1,"1":2,"2":4},"b":{}}
,"D:\\real-estate\\src\\infrastructure\\utils\\handleError.ts": {"path":"D:\\real-estate\\src\\infrastructure\\utils\\handleError.ts","statementMap":{"0":{"start":{"line":4,"column":20},"end":{"line":28,"column":3}},"1":{"start":{"line":5,"column":23},"end":{"line":5,"column":30}},"2":{"start":{"line":6,"column":25},"end":{"line":12,"column":6}},"3":{"start":{"line":14,"column":4},"end":{"line":22,"column":5}},"4":{"start":{"line":15,"column":6},"end":{"line":15,"column":61}},"5":{"start":{"line":16,"column":6},"end":{"line":21,"column":8}},"6":{"start":{"line":24,"column":4},"end":{"line":27,"column":6}},"7":{"start":{"line":30,"column":2},"end":{"line":30,"column":29}}},"fnMap":{"0":{"name":"(anonymous_0)","decl":{"start":{"line":4,"column":20},"end":{"line":4,"column":21}},"loc":{"start":{"line":4,"column":77},"end":{"line":28,"column":3}}}},"branchMap":{"0":{"loc":{"start":{"line":8,"column":12},"end":{"line":8,"column":54}},"type":"binary-expr","locations":[{"start":{"line":8,"column":12},"end":{"line":8,"column":34}},{"start":{"line":8,"column":38},"end":{"line":8,"column":54}}]},"1":{"loc":{"start":{"line":14,"column":4},"end":{"line":22,"column":5}},"type":"if","locations":[{"start":{"line":14,"column":4},"end":{"line":22,"column":5}},{"start":{},"end":{}}]},"2":{"loc":{"start":{"line":18,"column":14},"end":{"line":18,"column":56}},"type":"binary-expr","locations":[{"start":{"line":18,"column":14},"end":{"line":18,"column":36}},{"start":{"line":18,"column":40},"end":{"line":18,"column":56}}]}},"s":{"0":0,"1":0,"2":0,"3":0,"4":0,"5":0,"6":0,"7":0},"f":{"0":0},"b":{"0":[0,0],"1":[0,0],"2":[0,0]}}
,"D:\\real-estate\\src\\middleware\\authenticate.ts": {"path":"D:\\real-estate\\src\\middleware\\authenticate.ts","statementMap":{"0":{"start":{"line":24,"column":0},"end":{"line":24,"column":16}},"1":{"start":{"line":2,"column":0},"end":{"line":2,"column":31}},"2":{"start":{"line":4,"column":0},"end":{"line":4,"column":62}},"3":{"start":{"line":25,"column":2},"end":{"line":60,"column":4}},"4":{"start":{"line":26,"column":17},"end":{"line":26,"column":42}},"5":{"start":{"line":27,"column":4},"end":{"line":27,"column":44}},"6":{"start":{"line":27,"column":15},"end":{"line":27,"column":44}},"7":{"start":{"line":29,"column":18},"end":{"line":29,"column":45}},"8":{"start":{"line":31,"column":4},"end":{"line":59,"column":5}},"9":{"start":{"line":32,"column":22},"end":{"line":38,"column":null}},"10":{"start":{"line":41,"column":7},"end":{"line":41,"column":34}},"11":{"start":{"line":43,"column":6},"end":{"line":54,"column":7}},"12":{"start":{"line":44,"column":8},"end":{"line":53,"column":10}},"13":{"start":{"line":56,"column":6},"end":{"line":56,"column":13}},"14":{"start":{"line":58,"column":6},"end":{"line":58,"column":28}}},"fnMap":{"0":{"name":"authenticate","decl":{"start":{"line":24,"column":16},"end":{"line":24,"column":28}},"loc":{"start":{"line":24,"column":59},"end":{"line":61,"column":1}}},"1":{"name":"(anonymous_2)","decl":{"start":{"line":25,"column":9},"end":{"line":25,"column":14}},"loc":{"start":{"line":25,"column":67},"end":{"line":60,"column":3}}}},"branchMap":{"0":{"loc":{"start":{"line":27,"column":4},"end":{"line":27,"column":44}},"type":"if","locations":[{"start":{"line":27,"column":4},"end":{"line":27,"column":44}},{"start":{},"end":{}}]},"1":{"loc":{"start":{"line":43,"column":6},"end":{"line":54,"column":7}},"type":"if","locations":[{"start":{"line":43,"column":6},"end":{"line":54,"column":7}},{"start":{},"end":{}}]}},"s":{"0":0,"1":0,"2":0,"3":0,"4":0,"5":0,"6":0,"7":0,"8":0,"9":0,"10":0,"11":0,"12":0,"13":0,"14":0},"f":{"0":0,"1":0},"b":{"0":[0,0],"1":[0,0]}}
,"D:\\real-estate\\src\\security\\actions.ts": {"path":"D:\\real-estate\\src\\security\\actions.ts","statementMap":{"0":{"start":{"line":3,"column":0},"end":{"line":3,"column":null}},"1":{"start":{"line":4,"column":2},"end":{"line":4,"column":null}},"2":{"start":{"line":5,"column":2},"end":{"line":5,"column":null}},"3":{"start":{"line":6,"column":2},"end":{"line":6,"column":null}},"4":{"start":{"line":8,"column":2},"end":{"line":8,"column":null}},"5":{"start":{"line":9,"column":2},"end":{"line":9,"column":null}}},"fnMap":{"0":{"name":"(anonymous_0)","decl":{"start":{"line":3,"column":0},"end":{"line":3,"column":12}},"loc":{"start":{"line":3,"column":26},"end":{"line":10,"column":1}}}},"branchMap":{"0":{"loc":{"start":{"line":3,"column":12},"end":{"line":3,"column":null}},"type":"binary-expr","locations":[{"start":{"line":3,"column":12},"end":{"line":3,"column":26}},{"start":{"line":3,"column":26},"end":{"line":3,"column":null}}]}},"s":{"0":0,"1":0,"2":0,"3":0,"4":0,"5":0},"f":{"0":0},"b":{"0":[0,0]}}
,"D:\\real-estate\\src\\security\\permission.service.ts": {"path":"D:\\real-estate\\src\\security\\permission.service.ts","statementMap":{"0":{"start":{"line":2,"column":0},"end":{"line":2,"column":43}},"1":{"start":{"line":3,"column":0},"end":{"line":3,"column":62}},"2":{"start":{"line":13,"column":20},"end":{"line":13,"column":51}},"3":{"start":{"line":14,"column":19},"end":{"line":14,"column":62}},"4":{"start":{"line":16,"column":4},"end":{"line":20,"column":5}},"5":{"start":{"line":17,"column":6},"end":{"line":19,"column":8}},"6":{"start":{"line":9,"column":0},"end":{"line":9,"column":21}}},"fnMap":{"0":{"name":"(anonymous_0)","decl":{"start":{"line":11,"column":2},"end":{"line":11,"column":15}},"loc":{"start":{"line":11,"column":58},"end":{"line":21,"column":3}}}},"branchMap":{"0":{"loc":{"start":{"line":16,"column":4},"end":{"line":20,"column":5}},"type":"if","locations":[{"start":{"line":16,"column":4},"end":{"line":20,"column":5}},{"start":{},"end":{}}]},"1":{"loc":{"start":{"line":16,"column":8},"end":{"line":16,"column":27}},"type":"binary-expr","locations":[{"start":{"line":16,"column":8},"end":{"line":16,"column":16}},{"start":{"line":16,"column":20},"end":{"line":16,"column":27}}]}},"s":{"0":1,"1":1,"2":3,"3":3,"4":3,"5":1,"6":1},"f":{"0":3},"b":{"0":[1,2],"1":[3,2]}}
,"D:\\real-estate\\src\\security\\policy.engine.ts": {"path":"D:\\real-estate\\src\\security\\policy.engine.ts","statementMap":{"0":{"start":{"line":4,"column":0},"end":{"line":4,"column":56}},"1":{"start":{"line":5,"column":0},"end":{"line":5,"column":43}},"2":{"start":{"line":12,"column":4},"end":{"line":68,"column":6}},"3":{"start":{"line":18,"column":8},"end":{"line":18,"column":36}},"4":{"start":{"line":18,"column":23},"end":{"line":18,"column":36}},"5":{"start":{"line":20,"column":8},"end":{"line":20,"column":54}},"6":{"start":{"line":20,"column":42},"end":{"line":20,"column":54}},"7":{"start":{"line":22,"column":8},"end":{"line":22,"column":51}},"8":{"start":{"line":26,"column":8},"end":{"line":26,"column":36}},"9":{"start":{"line":26,"column":23},"end":{"line":26,"column":36}},"10":{"start":{"line":28,"column":8},"end":{"line":28,"column":54}},"11":{"start":{"line":28,"column":42},"end":{"line":28,"column":54}},"12":{"start":{"line":30,"column":8},"end":{"line":30,"column":51}},"13":{"start":{"line":34,"column":8},"end":{"line":34,"column":36}},"14":{"start":{"line":34,"column":23},"end":{"line":34,"column":36}},"15":{"start":{"line":36,"column":8},"end":{"line":36,"column":44}},"16":{"start":{"line":44,"column":8},"end":{"line":44,"column":36}},"17":{"start":{"line":44,"column":23},"end":{"line":44,"column":36}},"18":{"start":{"line":46,"column":8},"end":{"line":46,"column":54}},"19":{"start":{"line":46,"column":42},"end":{"line":46,"column":54}},"20":{"start":{"line":48,"column":8},"end":{"line":48,"column":20}},"21":{"start":{"line":52,"column":8},"end":{"line":52,"column":36}},"22":{"start":{"line":52,"column":23},"end":{"line":52,"column":36}},"23":{"start":{"line":54,"column":8},"end":{"line":54,"column":54}},"24":{"start":{"line":54,"column":42},"end":{"line":54,"column":54}},"25":{"start":{"line":56,"column":8},"end":{"line":56,"column":51}},"26":{"start":{"line":64,"column":8},"end":{"line":64,"column":36}},"27":{"start":{"line":64,"column":23},"end":{"line":64,"column":36}},"28":{"start":{"line":65,"column":8},"end":{"line":65,"column":47}},"29":{"start":{"line":77,"column":38},"end":{"line":77,"column":45}},"30":{"start":{"line":79,"column":4},"end":{"line":81,"column":5}},"31":{"start":{"line":80,"column":6},"end":{"line":80,"column":19}},"32":{"start":{"line":84,"column":4},"end":{"line":86,"column":5}},"33":{"start":{"line":85,"column":6},"end":{"line":85,"column":18}},"34":{"start":{"line":89,"column":4},"end":{"line":95,"column":5}},"35":{"start":{"line":94,"column":6},"end":{"line":94,"column":18}},"36":{"start":{"line":97,"column":4},"end":{"line":97,"column":17}},"37":{"start":{"line":9,"column":0},"end":{"line":9,"column":21}}},"fnMap":{"0":{"name":"(anonymous_0)","decl":{"start":{"line":11,"column":2},"end":{"line":11,"column":null}},"loc":{"start":{"line":11,"column":2},"end":{"line":69,"column":3}}},"1":{"name":"(anonymous_1)","decl":{"start":{"line":17,"column":43},"end":{"line":17,"column":44}},"loc":{"start":{"line":17,"column":51},"end":{"line":23,"column":7}}},"2":{"name":"(anonymous_2)","decl":{"start":{"line":25,"column":45},"end":{"line":25,"column":46}},"loc":{"start":{"line":25,"column":53},"end":{"line":31,"column":7}}},"3":{"name":"(anonymous_3)","decl":{"start":{"line":33,"column":45},"end":{"line":33,"column":46}},"loc":{"start":{"line":33,"column":53},"end":{"line":37,"column":7}}},"4":{"name":"(anonymous_4)","decl":{"start":{"line":43,"column":46},"end":{"line":43,"column":47}},"loc":{"start":{"line":43,"column":54},"end":{"line":49,"column":7}}},"5":{"name":"(anonymous_5)","decl":{"start":{"line":51,"column":48},"end":{"line":51,"column":49}},"loc":{"start":{"line":51,"column":56},"end":{"line":57,"column":7}}},"6":{"name":"(anonymous_6)","decl":{"start":{"line":63,"column":48},"end":{"line":63,"column":49}},"loc":{"start":{"line":63,"column":56},"end":{"line":66,"column":7}}},"7":{"name":"(anonymous_7)","decl":{"start":{"line":71,"column":2},"end":{"line":71,"column":5}},"loc":{"start":{"line":74,"column":26},"end":{"line":98,"column":3}}}},"branchMap":{"0":{"loc":{"start":{"line":18,"column":8},"end":{"line":18,"column":36}},"type":"if","locations":[{"start":{"line":18,"column":8},"end":{"line":18,"column":36}},{"start":{},"end":{}}]},"1":{"loc":{"start":{"line":20,"column":8},"end":{"line":20,"column":54}},"type":"if","locations":[{"start":{"line":20,"column":8},"end":{"line":20,"column":54}},{"start":{},"end":{}}]},"2":{"loc":{"start":{"line":26,"column":8},"end":{"line":26,"column":36}},"type":"if","locations":[{"start":{"line":26,"column":8},"end":{"line":26,"column":36}},{"start":{},"end":{}}]},"3":{"loc":{"start":{"line":28,"column":8},"end":{"line":28,"column":54}},"type":"if","locations":[{"start":{"line":28,"column":8},"end":{"line":28,"column":54}},{"start":{},"end":{}}]},"4":{"loc":{"start":{"line":34,"column":8},"end":{"line":34,"column":36}},"type":"if","locations":[{"start":{"line":34,"column":8},"end":{"line":34,"column":36}},{"start":{},"end":{}}]},"5":{"loc":{"start":{"line":44,"column":8},"end":{"line":44,"column":36}},"type":"if","locations":[{"start":{"line":44,"column":8},"end":{"line":44,"column":36}},{"start":{},"end":{}}]},"6":{"loc":{"start":{"line":46,"column":8},"end":{"line":46,"column":54}},"type":"if","locations":[{"start":{"line":46,"column":8},"end":{"line":46,"column":54}},{"start":{},"end":{}}]},"7":{"loc":{"start":{"line":52,"column":8},"end":{"line":52,"column":36}},"type":"if","locations":[{"start":{"line":52,"column":8},"end":{"line":52,"column":36}},{"start":{},"end":{}}]},"8":{"loc":{"start":{"line":54,"column":8},"end":{"line":54,"column":54}},"type":"if","locations":[{"start":{"line":54,"column":8},"end":{"line":54,"column":54}},{"start":{},"end":{}}]},"9":{"loc":{"start":{"line":64,"column":8},"end":{"line":64,"column":36}},"type":"if","locations":[{"start":{"line":64,"column":8},"end":{"line":64,"column":36}},{"start":{},"end":{}}]},"10":{"loc":{"start":{"line":79,"column":4},"end":{"line":81,"column":5}},"type":"if","locations":[{"start":{"line":79,"column":4},"end":{"line":81,"column":5}},{"start":{},"end":{}}]},"11":{"loc":{"start":{"line":84,"column":4},"end":{"line":86,"column":5}},"type":"if","locations":[{"start":{"line":84,"column":4},"end":{"line":86,"column":5}},{"start":{},"end":{}}]},"12":{"loc":{"start":{"line":89,"column":4},"end":{"line":95,"column":5}},"type":"if","locations":[{"start":{"line":89,"column":4},"end":{"line":95,"column":5}},{"start":{},"end":{}}]},"13":{"loc":{"start":{"line":90,"column":6},"end":{"line":92,"column":33}},"type":"binary-expr","locations":[{"start":{"line":90,"column":6},"end":{"line":90,"column":28}},{"start":{"line":91,"column":6},"end":{"line":91,"column":21}},{"start":{"line":92,"column":6},"end":{"line":92,"column":33}}]}},"s":{"0":0,"1":0,"2":0,"3":0,"4":0,"5":0,"6":0,"7":0,"8":0,"9":0,"10":0,"11":0,"12":0,"13":0,"14":0,"15":0,"16":0,"17":0,"18":0,"19":0,"20":0,"21":0,"22":0,"23":0,"24":0,"25":0,"26":0,"27":0,"28":0,"29":0,"30":0,"31":0,"32":0,"33":0,"34":0,"35":0,"36":0,"37":0},"f":{"0":0,"1":0,"2":0,"3":0,"4":0,"5":0,"6":0,"7":0},"b":{"0":[0,0],"1":[0,0],"2":[0,0],"3":[0,0],"4":[0,0],"5":[0,0],"6":[0,0],"7":[0,0],"8":[0,0],"9":[0,0],"10":[0,0],"11":[0,0],"12":[0,0],"13":[0,0,0]}}
,"D:\\real-estate\\src\\security\\resourceTypes.ts": {"path":"D:\\real-estate\\src\\security\\resourceTypes.ts","statementMap":{"0":{"start":{"line":3,"column":0},"end":{"line":3,"column":null}},"1":{"start":{"line":4,"column":2},"end":{"line":4,"column":null}},"2":{"start":{"line":5,"column":2},"end":{"line":5,"column":null}},"3":{"start":{"line":6,"column":2},"end":{"line":6,"column":null}}},"fnMap":{"0":{"name":"(anonymous_0)","decl":{"start":{"line":3,"column":0},"end":{"line":3,"column":12}},"loc":{"start":{"line":3,"column":32},"end":{"line":7,"column":1}}}},"branchMap":{"0":{"loc":{"start":{"line":3,"column":12},"end":{"line":3,"column":null}},"type":"binary-expr","locations":[{"start":{"line":3,"column":12},"end":{"line":3,"column":32}},{"start":{"line":3,"column":32},"end":{"line":3,"column":null}}]}},"s":{"0":0,"1":0,"2":0,"3":0},"f":{"0":0},"b":{"0":[0,0]}}
,"D:\\real-estate\\src\\security\\audit\\securityAudit.ts": {"path":"D:\\real-estate\\src\\security\\audit\\securityAudit.ts","statementMap":{"0":{"start":{"line":13,"column":4},"end":{"line":13,"column":46}},"1":{"start":{"line":11,"column":0},"end":{"line":11,"column":13}}},"fnMap":{"0":{"name":"(anonymous_0)","decl":{"start":{"line":12,"column":2},"end":{"line":12,"column":6}},"loc":{"start":{"line":12,"column":29},"end":{"line":14,"column":3}}},"1":{"name":"(anonymous_1)","decl":{"start":{"line":16,"column":2},"end":{"line":16,"column":15}},"loc":{"start":{"line":16,"column":35},"end":{"line":18,"column":3}}}},"branchMap":{},"s":{"0":0,"1":0},"f":{"0":0,"1":0},"b":{}}
,"D:\\real-estate\\src\\security\\builder\\authLoginEvent.ts": {"path":"D:\\real-estate\\src\\security\\builder\\authLoginEvent.ts","statementMap":{"0":{"start":{"line":3,"column":0},"end":{"line":3,"column":78}},"1":{"start":{"line":33,"column":35},"end":{"line":54,"column":12}},"2":{"start":{"line":42,"column":2},"end":{"line":54,"column":12}},"3":{"start":{"line":33,"column":13},"end":{"line":33,"column":35}},"4":{"start":{"line":58,"column":36},"end":{"line":80,"column":10}},"5":{"start":{"line":64,"column":21},"end":{"line":80,"column":10}},"6":{"start":{"line":58,"column":13},"end":{"line":58,"column":36}},"7":{"start":{"line":82,"column":36},"end":{"line":97,"column":12}},"8":{"start":{"line":89,"column":2},"end":{"line":97,"column":12}},"9":{"start":{"line":82,"column":13},"end":{"line":82,"column":36}}},"fnMap":{"0":{"name":"(anonymous_0)","decl":{"start":{"line":33,"column":35},"end":{"line":33,"column":36}},"loc":{"start":{"line":42,"column":2},"end":{"line":54,"column":12}}},"1":{"name":"(anonymous_1)","decl":{"start":{"line":58,"column":36},"end":{"line":58,"column":37}},"loc":{"start":{"line":64,"column":21},"end":{"line":80,"column":10}}},"2":{"name":"(anonymous_2)","decl":{"start":{"line":82,"column":36},"end":{"line":82,"column":37}},"loc":{"start":{"line":89,"column":2},"end":{"line":97,"column":12}}}},"branchMap":{},"s":{"0":0,"1":0,"2":0,"3":0,"4":0,"5":0,"6":0,"7":0,"8":0,"9":0},"f":{"0":0,"1":0,"2":0},"b":{}}
,"D:\\real-estate\\src\\security\\builder\\securityEvent.builder.ts": {"path":"D:\\real-estate\\src\\security\\builder\\securityEvent.builder.ts","statementMap":{"0":{"start":{"line":2,"column":0},"end":{"line":2,"column":36}},"1":{"start":{"line":44,"column":10},"end":{"line":44,"column":32}},"2":{"start":{"line":48,"column":20},"end":{"line":48,"column":46}},"3":{"start":{"line":49,"column":4},"end":{"line":49,"column":28}},"4":{"start":{"line":50,"column":4},"end":{"line":50,"column":19}},"5":{"start":{"line":54,"column":4},"end":{"line":57,"column":6}},"6":{"start":{"line":58,"column":4},"end":{"line":58,"column":16}},"7":{"start":{"line":62,"column":4},"end":{"line":62,"column":27}},"8":{"start":{"line":63,"column":4},"end":{"line":63,"column":16}},"9":{"start":{"line":67,"column":4},"end":{"line":67,"column":29}},"10":{"start":{"line":68,"column":4},"end":{"line":68,"column":16}},"11":{"start":{"line":72,"column":4},"end":{"line":72,"column":27}},"12":{"start":{"line":73,"column":4},"end":{"line":73,"column":16}},"13":{"start":{"line":77,"column":4},"end":{"line":77,"column":27}},"14":{"start":{"line":78,"column":4},"end":{"line":78,"column":16}},"15":{"start":{"line":82,"column":4},"end":{"line":91,"column":6}},"16":{"start":{"line":97,"column":4},"end":{"line":103,"column":5}},"17":{"start":{"line":98,"column":6},"end":{"line":102,"column":8}},"18":{"start":{"line":105,"column":4},"end":{"line":109,"column":6}},"19":{"start":{"line":113,"column":4},"end":{"line":119,"column":6}},"20":{"start":{"line":123,"column":4},"end":{"line":126,"column":6}},"21":{"start":{"line":130,"column":4},"end":{"line":130,"column":30}},"22":{"start":{"line":130,"column":18},"end":{"line":130,"column":30}},"23":{"start":{"line":132,"column":18},"end":{"line":132,"column":53}},"24":{"start":{"line":133,"column":4},"end":{"line":133,"column":26}},"25":{"start":{"line":134,"column":4},"end":{"line":134,"column":23}},"26":{"start":{"line":135,"column":4},"end":{"line":135,"column":30}},"27":{"start":{"line":137,"column":4},"end":{"line":137,"column":17}},"28":{"start":{"line":38,"column":0},"end":{"line":38,"column":13}}},"fnMap":{"0":{"name":"(anonymous_0)","decl":{"start":{"line":38,"column":0},"end":{"line":38,"column":13}},"loc":{"start":{"line":38,"column":0},"end":{"line":139,"column":1}}},"1":{"name":"(anonymous_1)","decl":{"start":{"line":47,"column":2},"end":{"line":47,"column":8}},"loc":{"start":{"line":47,"column":30},"end":{"line":51,"column":3}}},"2":{"name":"(anonymous_2)","decl":{"start":{"line":53,"column":2},"end":{"line":53,"column":11}},"loc":{"start":{"line":53,"column":52},"end":{"line":59,"column":3}}},"3":{"name":"(anonymous_3)","decl":{"start":{"line":61,"column":2},"end":{"line":61,"column":13}},"loc":{"start":{"line":61,"column":30},"end":{"line":64,"column":3}}},"4":{"name":"(anonymous_4)","decl":{"start":{"line":66,"column":2},"end":{"line":66,"column":14}},"loc":{"start":{"line":66,"column":33},"end":{"line":69,"column":3}}},"5":{"name":"(anonymous_5)","decl":{"start":{"line":71,"column":2},"end":{"line":71,"column":13}},"loc":{"start":{"line":71,"column":26},"end":{"line":74,"column":3}}},"6":{"name":"(anonymous_6)","decl":{"start":{"line":76,"column":2},"end":{"line":76,"column":13}},"loc":{"start":{"line":76,"column":30},"end":{"line":79,"column":3}}},"7":{"name":"(anonymous_7)","decl":{"start":{"line":81,"column":2},"end":{"line":81,"column":7}},"loc":{"start":{"line":81,"column":7},"end":{"line":92,"column":3}}},"8":{"name":"(anonymous_8)","decl":{"start":{"line":96,"column":10},"end":{"line":96,"column":20}},"loc":{"start":{"line":96,"column":57},"end":{"line":110,"column":3}}},"9":{"name":"(anonymous_9)","decl":{"start":{"line":112,"column":10},"end":{"line":112,"column":22}},"loc":{"start":{"line":112,"column":40},"end":{"line":120,"column":3}}},"10":{"name":"(anonymous_10)","decl":{"start":{"line":122,"column":10},"end":{"line":122,"column":23}},"loc":{"start":{"line":122,"column":43},"end":{"line":127,"column":3}}},"11":{"name":"(anonymous_11)","decl":{"start":{"line":129,"column":10},"end":{"line":129,"column":25}},"loc":{"start":{"line":129,"column":38},"end":{"line":138,"column":3}}}},"branchMap":{"0":{"loc":{"start":{"line":97,"column":4},"end":{"line":103,"column":5}},"type":"if","locations":[{"start":{"line":97,"column":4},"end":{"line":103,"column":5}},{"start":{},"end":{}}]},"1":{"loc":{"start":{"line":107,"column":12},"end":{"line":107,"column":31}},"type":"binary-expr","locations":[{"start":{"line":107,"column":12},"end":{"line":107,"column":21}},{"start":{"line":107,"column":25},"end":{"line":107,"column":31}}]},"2":{"loc":{"start":{"line":114,"column":10},"end":{"line":114,"column":29}},"type":"binary-expr","locations":[{"start":{"line":114,"column":10},"end":{"line":114,"column":21}},{"start":{"line":114,"column":25},"end":{"line":114,"column":29}}]},"3":{"loc":{"start":{"line":115,"column":17},"end":{"line":115,"column":43}},"type":"binary-expr","locations":[{"start":{"line":115,"column":17},"end":{"line":115,"column":35}},{"start":{"line":115,"column":39},"end":{"line":115,"column":43}}]},"4":{"loc":{"start":{"line":116,"column":14},"end":{"line":116,"column":37}},"type":"binary-expr","locations":[{"start":{"line":116,"column":14},"end":{"line":116,"column":29}},{"start":{"line":116,"column":33},"end":{"line":116,"column":37}}]},"5":{"loc":{"start":{"line":117,"column":12},"end":{"line":117,"column":33}},"type":"binary-expr","locations":[{"start":{"line":117,"column":12},"end":{"line":117,"column":25}},{"start":{"line":117,"column":29},"end":{"line":117,"column":33}}]},"6":{"loc":{"start":{"line":118,"column":19},"end":{"line":118,"column":47}},"type":"binary-expr","locations":[{"start":{"line":118,"column":19},"end":{"line":118,"column":39}},{"start":{"line":118,"column":43},"end":{"line":118,"column":47}}]},"7":{"loc":{"start":{"line":124,"column":12},"end":{"line":124,"column":39}},"type":"binary-expr","locations":[{"start":{"line":124,"column":12},"end":{"line":124,"column":26}},{"start":{"line":124,"column":30},"end":{"line":124,"column":39}}]},"8":{"loc":{"start":{"line":125,"column":10},"end":{"line":125,"column":30}},"type":"binary-expr","locations":[{"start":{"line":125,"column":10},"end":{"line":125,"column":22}},{"start":{"line":125,"column":26},"end":{"line":125,"column":30}}]},"9":{"loc":{"start":{"line":130,"column":4},"end":{"line":130,"column":30}},"type":"if","locations":[{"start":{"line":130,"column":4},"end":{"line":130,"column":30}},{"start":{},"end":{}}]}},"s":{"0":0,"1":0,"2":0,"3":0,"4":0,"5":0,"6":0,"7":0,"8":0,"9":0,"10":0,"11":0,"12":0,"13":0,"14":0,"15":0,"16":0,"17":0,"18":0,"19":0,"20":0,"21":0,"22":0,"23":0,"24":0,"25":0,"26":0,"27":0,"28":0},"f":{"0":0,"1":0,"2":0,"3":0,"4":0,"5":0,"6":0,"7":0,"8":0,"9":0,"10":0,"11":0},"b":{"0":[0,0],"1":[0,0],"2":[0,0],"3":[0,0],"4":[0,0],"5":[0,0],"6":[0,0],"7":[0,0],"8":[0,0],"9":[0,0]}}
,"D:\\real-estate\\src\\security\\middleware\\securityContext.ts": {"path":"D:\\real-estate\\src\\security\\middleware\\securityContext.ts","statementMap":{"0":{"start":{"line":17,"column":41},"end":{"line":24,"column":1}},"1":{"start":{"line":18,"column":2},"end":{"line":22,"column":4}},"2":{"start":{"line":23,"column":2},"end":{"line":23,"column":9}},"3":{"start":{"line":17,"column":13},"end":{"line":17,"column":41}}},"fnMap":{"0":{"name":"(anonymous_0)","decl":{"start":{"line":17,"column":41},"end":{"line":17,"column":42}},"loc":{"start":{"line":17,"column":93},"end":{"line":24,"column":1}}}},"branchMap":{},"s":{"0":0,"1":0,"2":0,"3":0},"f":{"0":0},"b":{}}
,"D:\\real-estate\\src\\security\\middleware\\securityMiddleware.ts": {"path":"D:\\real-estate\\src\\security\\middleware\\securityMiddleware.ts","statementMap":{"0":{"start":{"line":20,"column":0},"end":{"line":20,"column":7}},"1":{"start":{"line":1,"column":0},"end":{"line":1,"column":72}},"2":{"start":{"line":2,"column":0},"end":{"line":2,"column":72}},"3":{"start":{"line":3,"column":0},"end":{"line":3,"column":73}},"4":{"start":{"line":15,"column":4},"end":{"line":15,"column":19}},"5":{"start":{"line":16,"column":4},"end":{"line":16,"column":41}},"6":{"start":{"line":24,"column":16},"end":{"line":30,"column":12}},"7":{"start":{"line":32,"column":41},"end":{"line":32,"column":88}},"8":{"start":{"line":34,"column":2},"end":{"line":38,"column":3}},"9":{"start":{"line":35,"column":36},"end":{"line":35,"column":65}},"10":{"start":{"line":37,"column":4},"end":{"line":37,"column":58}},"11":{"start":{"line":40,"column":2},"end":{"line":42,"column":3}},"12":{"start":{"line":41,"column":4},"end":{"line":41,"column":89}}},"fnMap":{"0":{"name":"(anonymous_0)","decl":{"start":{"line":14,"column":2},"end":{"line":14,"column":14}},"loc":{"start":{"line":14,"column":29},"end":{"line":17,"column":3}}},"1":{"name":"securityMiddleware","decl":{"start":{"line":20,"column":22},"end":{"line":20,"column":40}},"loc":{"start":{"line":22,"column":55},"end":{"line":43,"column":1}}}},"branchMap":{"0":{"loc":{"start":{"line":25,"column":25},"end":{"line":25,"column":52}},"type":"binary-expr","locations":[{"start":{"line":25,"column":25},"end":{"line":25,"column":37}},{"start":{"line":25,"column":41},"end":{"line":25,"column":52}}]},"1":{"loc":{"start":{"line":27,"column":38},"end":{"line":27,"column":65}},"type":"binary-expr","locations":[{"start":{"line":27,"column":38},"end":{"line":27,"column":50}},{"start":{"line":27,"column":54},"end":{"line":27,"column":65}}]},"2":{"loc":{"start":{"line":34,"column":2},"end":{"line":38,"column":3}},"type":"if","locations":[{"start":{"line":34,"column":2},"end":{"line":38,"column":3}},{"start":{},"end":{}}]},"3":{"loc":{"start":{"line":40,"column":2},"end":{"line":42,"column":3}},"type":"if","locations":[{"start":{"line":40,"column":2},"end":{"line":42,"column":3}},{"start":{},"end":{}}]},"4":{"loc":{"start":{"line":41,"column":37},"end":{"line":41,"column":87}},"type":"binary-expr","locations":[{"start":{"line":41,"column":37},"end":{"line":41,"column":54}},{"start":{"line":41,"column":58},"end":{"line":41,"column":87}}]}},"s":{"0":0,"1":0,"2":0,"3":0,"4":0,"5":0,"6":0,"7":0,"8":0,"9":0,"10":0,"11":0,"12":0},"f":{"0":0,"1":0},"b":{"0":[0,0],"1":[0,0],"2":[0,0],"3":[0,0],"4":[0,0]}}
,"D:\\real-estate\\src\\security\\repo\\securityEventRepository.ts": {"path":"D:\\real-estate\\src\\security\\repo\\securityEventRepository.ts","statementMap":{"0":{"start":{"line":8,"column":4},"end":{"line":8,"column":61}},"1":{"start":{"line":5,"column":0},"end":{"line":5,"column":13}}},"fnMap":{"0":{"name":"(anonymous_0)","decl":{"start":{"line":6,"column":2},"end":{"line":6,"column":7}},"loc":{"start":{"line":6,"column":65},"end":{"line":9,"column":3}}}},"branchMap":{},"s":{"0":0,"1":0},"f":{"0":0},"b":{}}
,"D:\\real-estate\\src\\security\\service\\geminiSecurity.service.ts": {"path":"D:\\real-estate\\src\\security\\service\\geminiSecurity.service.ts","statementMap":{"0":{"start":{"line":1,"column":0},"end":{"line":1,"column":70}},"1":{"start":{"line":2,"column":0},"end":{"line":2,"column":80}},"2":{"start":{"line":17,"column":19},"end":{"line":17,"column":45}},"3":{"start":{"line":18,"column":24},"end":{"line":18,"column":48}},"4":{"start":{"line":19,"column":27},"end":{"line":19,"column":64}},"5":{"start":{"line":20,"column":4},"end":{"line":20,"column":26}},"6":{"start":{"line":15,"column":0},"end":{"line":15,"column":13}},"7":{"start":{"line":27,"column":2},"end":{"line":27,"column":57}}},"fnMap":{"0":{"name":"(anonymous_0)","decl":{"start":{"line":16,"column":2},"end":{"line":16,"column":7}},"loc":{"start":{"line":16,"column":35},"end":{"line":21,"column":3}}},"1":{"name":"callGemini","decl":{"start":{"line":25,"column":15},"end":{"line":25,"column":25}},"loc":{"start":{"line":25,"column":40},"end":{"line":28,"column":1}}}},"branchMap":{},"s":{"0":0,"1":0,"2":0,"3":0,"4":0,"5":0,"6":0,"7":0},"f":{"0":0,"1":0},"b":{}}
,"D:\\real-estate\\src\\session\\sessionHeartbeat.ts": {"path":"D:\\real-estate\\src\\session\\sessionHeartbeat.ts","statementMap":{"0":{"start":{"line":4,"column":0},"end":{"line":4,"column":16}},"1":{"start":{"line":10,"column":2},"end":{"line":14,"column":4}}},"fnMap":{"0":{"name":"touchSession","decl":{"start":{"line":4,"column":16},"end":{"line":4,"column":28}},"loc":{"start":{"line":8,"column":13},"end":{"line":15,"column":1}}}},"branchMap":{},"s":{"0":0,"1":0},"f":{"0":0},"b":{}}
,"D:\\real-estate\\src\\shared\\debug.ts": {"path":"D:\\real-estate\\src\\shared\\debug.ts","statementMap":{"0":{"start":{"line":14,"column":0},"end":{"line":14,"column":16}},"1":{"start":{"line":19,"column":0},"end":{"line":19,"column":16}},"2":{"start":{"line":24,"column":0},"end":{"line":24,"column":16}},"3":{"start":{"line":3,"column":20},"end":{"line":3,"column":53}},"4":{"start":{"line":4,"column":21},"end":{"line":4,"column":55}},"5":{"start":{"line":5,"column":20},"end":{"line":5,"column":53}},"6":{"start":{"line":8,"column":2},"end":{"line":11,"column":4}},"7":{"start":{"line":15,"column":2},"end":{"line":15,"column":27}},"8":{"start":{"line":15,"column":20},"end":{"line":15,"column":27}},"9":{"start":{"line":16,"column":2},"end":{"line":16,"column":29}},"10":{"start":{"line":20,"column":2},"end":{"line":20,"column":28}},"11":{"start":{"line":20,"column":21},"end":{"line":20,"column":28}},"12":{"start":{"line":21,"column":2},"end":{"line":21,"column":30}},"13":{"start":{"line":25,"column":2},"end":{"line":25,"column":27}},"14":{"start":{"line":25,"column":20},"end":{"line":25,"column":27}},"15":{"start":{"line":26,"column":2},"end":{"line":26,"column":29}}},"fnMap":{"0":{"name":"log","decl":{"start":{"line":7,"column":9},"end":{"line":7,"column":12}},"loc":{"start":{"line":7,"column":53},"end":{"line":12,"column":1}}},"1":{"name":"debugAuth","decl":{"start":{"line":14,"column":16},"end":{"line":14,"column":25}},"loc":{"start":{"line":14,"column":53},"end":{"line":17,"column":1}}},"2":{"name":"debugToken","decl":{"start":{"line":19,"column":16},"end":{"line":19,"column":26}},"loc":{"start":{"line":19,"column":54},"end":{"line":22,"column":1}}},"3":{"name":"debugRisk","decl":{"start":{"line":24,"column":16},"end":{"line":24,"column":25}},"loc":{"start":{"line":24,"column":53},"end":{"line":27,"column":1}}}},"branchMap":{"0":{"loc":{"start":{"line":10,"column":4},"end":{"line":10,"column":45}},"type":"cond-expr","locations":[{"start":{"line":10,"column":11},"end":{"line":10,"column":40}},{"start":{"line":10,"column":43},"end":{"line":10,"column":45}}]},"1":{"loc":{"start":{"line":15,"column":2},"end":{"line":15,"column":27}},"type":"if","locations":[{"start":{"line":15,"column":2},"end":{"line":15,"column":27}},{"start":{},"end":{}}]},"2":{"loc":{"start":{"line":20,"column":2},"end":{"line":20,"column":28}},"type":"if","locations":[{"start":{"line":20,"column":2},"end":{"line":20,"column":28}},{"start":{},"end":{}}]},"3":{"loc":{"start":{"line":25,"column":2},"end":{"line":25,"column":27}},"type":"if","locations":[{"start":{"line":25,"column":2},"end":{"line":25,"column":27}},{"start":{},"end":{}}]}},"s":{"0":0,"1":0,"2":0,"3":0,"4":0,"5":0,"6":0,"7":0,"8":0,"9":0,"10":0,"11":0,"12":0,"13":0,"14":0,"15":0},"f":{"0":0,"1":0,"2":0,"3":0},"b":{"0":[0,0],"1":[0,0],"2":[0,0],"3":[0,0]}}
,"D:\\real-estate\\src\\shared\\apollo\\apolloClient.ts": {"path":"D:\\real-estate\\src\\shared\\apollo\\apolloClient.ts","statementMap":{"0":{"start":{"line":1,"column":0},"end":{"line":1,"column":76}},"1":{"start":{"line":2,"column":0},"end":{"line":2,"column":32}},"2":{"start":{"line":4,"column":21},"end":{"line":10,"column":2}},"3":{"start":{"line":12,"column":0},"end":{"line":12,"column":28}}},"fnMap":{},"branchMap":{},"s":{"0":0,"1":0,"2":0,"3":0},"f":{},"b":{}}
,"D:\\real-estate\\src\\shared\\auth\\requireScope.ts": {"path":"D:\\real-estate\\src\\shared\\auth\\requireScope.ts","statementMap":{"0":{"start":{"line":22,"column":0},"end":{"line":22,"column":16}},"1":{"start":{"line":23,"column":2},"end":{"line":46,"column":4}},"2":{"start":{"line":27,"column":6},"end":{"line":29,"column":24}},"3":{"start":{"line":31,"column":4},"end":{"line":33,"column":5}},"4":{"start":{"line":32,"column":6},"end":{"line":32,"column":41}},"5":{"start":{"line":35,"column":33},"end":{"line":35,"column":50}},"6":{"start":{"line":37,"column":21},"end":{"line":38,"column":null}},"7":{"start":{"line":38,"column":17},"end":{"line":38,"column":43}},"8":{"start":{"line":41,"column":4},"end":{"line":43,"column":5}},"9":{"start":{"line":42,"column":6},"end":{"line":42,"column":35}},"10":{"start":{"line":45,"column":4},"end":{"line":45,"column":17}}},"fnMap":{"0":{"name":"requireScope","decl":{"start":{"line":22,"column":16},"end":{"line":22,"column":28}},"loc":{"start":{"line":22,"column":58},"end":{"line":47,"column":1}}},"1":{"name":"(anonymous_1)","decl":{"start":{"line":23,"column":9},"end":{"line":23,"column":14}},"loc":{"start":{"line":23,"column":52},"end":{"line":46,"column":3}}},"2":{"name":"(anonymous_2)","decl":{"start":{"line":38,"column":6},"end":{"line":38,"column":7}},"loc":{"start":{"line":38,"column":17},"end":{"line":38,"column":43}}}},"branchMap":{"0":{"loc":{"start":{"line":22,"column":29},"end":{"line":22,"column":58}},"type":"default-arg","locations":[{"start":{"line":22,"column":56},"end":{"line":22,"column":58}}]},"1":{"loc":{"start":{"line":27,"column":6},"end":{"line":29,"column":24}},"type":"binary-expr","locations":[{"start":{"line":27,"column":6},"end":{"line":27,"column":15}},{"start":{"line":28,"column":6},"end":{"line":28,"column":20}},{"start":{"line":29,"column":6},"end":{"line":29,"column":24}}]},"2":{"loc":{"start":{"line":31,"column":4},"end":{"line":33,"column":5}},"type":"if","locations":[{"start":{"line":31,"column":4},"end":{"line":33,"column":5}},{"start":{},"end":{}}]},"3":{"loc":{"start":{"line":35,"column":33},"end":{"line":35,"column":50}},"type":"binary-expr","locations":[{"start":{"line":35,"column":33},"end":{"line":35,"column":44}},{"start":{"line":35,"column":48},"end":{"line":35,"column":50}}]},"4":{"loc":{"start":{"line":41,"column":4},"end":{"line":43,"column":5}},"type":"if","locations":[{"start":{"line":41,"column":4},"end":{"line":43,"column":5}},{"start":{},"end":{}}]}},"s":{"0":0,"1":0,"2":0,"3":0,"4":0,"5":0,"6":0,"7":0,"8":0,"9":0,"10":0},"f":{"0":0,"1":0,"2":0},"b":{"0":[0],"1":[0,0,0],"2":[0,0],"3":[0,0],"4":[0,0]}}
,"D:\\real-estate\\src\\shared\\container\\createContainer.ts": {"path":"D:\\real-estate\\src\\shared\\container\\createContainer.ts","statementMap":{"0":{"start":{"line":9,"column":0},"end":{"line":9,"column":24}},"1":{"start":{"line":10,"column":20},"end":{"line":10,"column":50}},"2":{"start":{"line":12,"column":2},"end":{"line":35,"column":4}},"3":{"start":{"line":14,"column":6},"end":{"line":18,"column":7}},"4":{"start":{"line":15,"column":8},"end":{"line":17,"column":10}},"5":{"start":{"line":19,"column":6},"end":{"line":19,"column":36}},"6":{"start":{"line":23,"column":6},"end":{"line":27,"column":7}},"7":{"start":{"line":24,"column":8},"end":{"line":26,"column":10}},"8":{"start":{"line":28,"column":6},"end":{"line":28,"column":37}},"9":{"start":{"line":33,"column":6},"end":{"line":33,"column":73}},"10":{"start":{"line":33,"column":55},"end":{"line":33,"column":71}}},"fnMap":{"0":{"name":"createContainer","decl":{"start":{"line":9,"column":24},"end":{"line":9,"column":39}},"loc":{"start":{"line":9,"column":39},"end":{"line":36,"column":1}}},"1":{"name":"(anonymous_1)","decl":{"start":{"line":13,"column":4},"end":{"line":13,"column":12}},"loc":{"start":{"line":13,"column":49},"end":{"line":20,"column":5}}},"2":{"name":"(anonymous_2)","decl":{"start":{"line":22,"column":4},"end":{"line":22,"column":11}},"loc":{"start":{"line":22,"column":27},"end":{"line":29,"column":5}}},"3":{"name":"(anonymous_3)","decl":{"start":{"line":32,"column":4},"end":{"line":32,"column":16}},"loc":{"start":{"line":32,"column":16},"end":{"line":34,"column":5}}},"4":{"name":"(anonymous_4)","decl":{"start":{"line":33,"column":46},"end":{"line":33,"column":51}},"loc":{"start":{"line":33,"column":55},"end":{"line":33,"column":71}}}},"branchMap":{"0":{"loc":{"start":{"line":14,"column":6},"end":{"line":18,"column":7}},"type":"if","locations":[{"start":{"line":14,"column":6},"end":{"line":18,"column":7}},{"start":{},"end":{}}]},"1":{"loc":{"start":{"line":23,"column":6},"end":{"line":27,"column":7}},"type":"if","locations":[{"start":{"line":23,"column":6},"end":{"line":27,"column":7}},{"start":{},"end":{}}]}},"s":{"0":0,"1":0,"2":0,"3":0,"4":0,"5":0,"6":0,"7":0,"8":0,"9":0,"10":0},"f":{"0":0,"1":0,"2":0,"3":0,"4":0},"b":{"0":[0,0],"1":[0,0]}}
,"D:\\real-estate\\src\\shared\\container\\root.container.ts": {"path":"D:\\real-estate\\src\\shared\\container\\root.container.ts","statementMap":{"0":{"start":{"line":2,"column":0},"end":{"line":2,"column":48}},"1":{"start":{"line":3,"column":0},"end":{"line":3,"column":34}},"2":{"start":{"line":4,"column":0},"end":{"line":4,"column":28}},"3":{"start":{"line":6,"column":13},"end":{"line":6,"column":43}},"4":{"start":{"line":8,"column":14},"end":{"line":8,"column":74}},"5":{"start":{"line":10,"column":0},"end":{"line":13,"column":2}},"6":{"start":{"line":12,"column":8},"end":{"line":12,"column":13}}},"fnMap":{"0":{"name":"(anonymous_1)","decl":{"start":{"line":12,"column":2},"end":{"line":12,"column":5}},"loc":{"start":{"line":12,"column":8},"end":{"line":12,"column":13}}}},"branchMap":{"0":{"loc":{"start":{"line":8,"column":24},"end":{"line":8,"column":73}},"type":"binary-expr","locations":[{"start":{"line":8,"column":24},"end":{"line":8,"column":45}},{"start":{"line":8,"column":49},"end":{"line":8,"column":73}}]}},"s":{"0":0,"1":0,"2":0,"3":0,"4":0,"5":0,"6":0},"f":{"0":0},"b":{"0":[0,0]}}
,"D:\\real-estate\\src\\shared\\container\\tokens.ts": {"path":"D:\\real-estate\\src\\shared\\container\\tokens.ts","statementMap":{"0":{"start":{"line":4,"column":13},"end":{"line":55,"column":11}}},"fnMap":{},"branchMap":{},"s":{"0":0},"f":{},"b":{}}
,"D:\\real-estate\\src\\shared\\db\\mongo.ts": {"path":"D:\\real-estate\\src\\shared\\db\\mongo.ts","statementMap":{"0":{"start":{"line":4,"column":0},"end":{"line":4,"column":7}},"1":{"start":{"line":2,"column":0},"end":{"line":2,"column":52}},"2":{"start":{"line":5,"column":2},"end":{"line":5,"column":36}},"3":{"start":{"line":7,"column":34},"end":{"line":10,"column":4}},"4":{"start":{"line":12,"column":2},"end":{"line":12,"column":39}},"5":{"start":{"line":14,"column":2},"end":{"line":14,"column":38}},"6":{"start":{"line":17,"column":0},"end":{"line":17,"column":24}}},"fnMap":{"0":{"name":"connectMongo","decl":{"start":{"line":4,"column":22},"end":{"line":4,"column":34}},"loc":{"start":{"line":4,"column":46},"end":{"line":15,"column":1}}}},"branchMap":{},"s":{"0":0,"1":0,"2":0,"3":0,"4":0,"5":0,"6":0},"f":{"0":0},"b":{}}
,"D:\\real-estate\\src\\shared\\directives\\auth.ts": {"path":"D:\\real-estate\\src\\shared\\directives\\auth.ts","statementMap":{"0":{"start":{"line":17,"column":0},"end":{"line":17,"column":16}},"1":{"start":{"line":1,"column":0},"end":{"line":1,"column":115}},"2":{"start":{"line":2,"column":0},"end":{"line":2,"column":75}},"3":{"start":{"line":18,"column":2},"end":{"line":44,"column":5}},"4":{"start":{"line":21,"column":6},"end":{"line":26,"column":7}},"5":{"start":{"line":25,"column":8},"end":{"line":25,"column":27}},"6":{"start":{"line":28,"column":28},"end":{"line":28,"column":74}},"7":{"start":{"line":29,"column":6},"end":{"line":31,"column":7}},"8":{"start":{"line":30,"column":8},"end":{"line":30,"column":27}},"9":{"start":{"line":33,"column":49},"end":{"line":33,"column":60}},"10":{"start":{"line":35,"column":6},"end":{"line":40,"column":8}},"11":{"start":{"line":36,"column":8},"end":{"line":38,"column":9}},"12":{"start":{"line":37,"column":10},"end":{"line":37,"column":49}},"13":{"start":{"line":39,"column":8},"end":{"line":39,"column":64}},"14":{"start":{"line":42,"column":6},"end":{"line":42,"column":25}}},"fnMap":{"0":{"name":"authDirectiveTransformer","decl":{"start":{"line":17,"column":16},"end":{"line":17,"column":40}},"loc":{"start":{"line":17,"column":62},"end":{"line":45,"column":1}}},"1":{"name":"(anonymous_1)","decl":{"start":{"line":19,"column":31},"end":{"line":19,"column":32}},"loc":{"start":{"line":19,"column":142},"end":{"line":43,"column":5}}},"2":{"name":"(anonymous_2)","decl":{"start":{"line":35,"column":28},"end":{"line":35,"column":38}},"loc":{"start":{"line":35,"column":111},"end":{"line":40,"column":7}}}},"branchMap":{"0":{"loc":{"start":{"line":21,"column":6},"end":{"line":26,"column":7}},"type":"if","locations":[{"start":{"line":21,"column":6},"end":{"line":26,"column":7}},{"start":{},"end":{}}]},"1":{"loc":{"start":{"line":22,"column":8},"end":{"line":23,"column":33}},"type":"binary-expr","locations":[{"start":{"line":22,"column":8},"end":{"line":22,"column":34}},{"start":{"line":23,"column":8},"end":{"line":23,"column":33}}]},"2":{"loc":{"start":{"line":29,"column":6},"end":{"line":31,"column":7}},"type":"if","locations":
[...]
,"D:\\real-estate\\src\\subgraphs\\user\\models\\credential.ts": {"path":"D:\\real-estate\\src\\subgraphs\\user\\models\\credential.ts","statementMap":{"0":{"start":{"line":2,"column":0},"end":{"line":2,"column":32}},"1":{"start":{"line":20,"column":25},"end":{"line":72,"column":null}},"2":{"start":{"line":76,"column":0},"end":{"line":79,"column":2}},"3":{"start":{"line":81,"column":0},"end":{"line":81,"column":75}}},"fnMap":{},"branchMap":{},"s":{"0":0,"1":0,"2":0,"3":0},"f":{},"b":{}}
,"D:\\real-estate\\src\\subgraphs\\user\\models\\index.ts": {"path":"D:\\real-estate\\src\\subgraphs\\user\\models\\index.ts","statementMap":{"0":{"start":{"line":2,"column":0},"end":{"line":2,"column":37}},"1":{"start":{"line":3,"column":0},"end":{"line":3,"column":40}},"2":{"start":{"line":4,"column":0},"end":{"line":4,"column":54}},"3":{"start":{"line":5,"column":0},"end":{"line":5,"column":45}},"4":{"start":{"line":6,"column":0},"end":{"line":6,"column":54}},"5":{"start":{"line":10,"column":0},"end":{"line":10,"column":57}},"6":{"start":{"line":11,"column":0},"end":{"line":11,"column":69}},"7":{"start":{"line":14,"column":0},"end":{"line":14,"column":38}},"8":{"start":{"line":17,"column":0},"end":{"line":17,"column":41}},"9":{"start":{"line":22,"column":0},"end":{"line":22,"column":25}}},"fnMap":{},"branchMap":{},"s":{"0":0,"1":0,"2":0,"3":0,"4":0,"5":0,"6":0,"7":0,"8":0,"9":0},"f":{},"b":{}}
,"D:\\real-estate\\src\\subgraphs\\user\\models\\mapToDomain.ts": {"path":"D:\\real-estate\\src\\subgraphs\\user\\models\\mapToDomain.ts","statementMap":{"0":{"start":{"line":5,"column":0},"end":{"line":5,"column":16}},"1":{"start":{"line":6,"column":2},"end":{"line":19,"column":4}}},"fnMap":{"0":{"name":"mapToDomain","decl":{"start":{"line":5,"column":16},"end":{"line":5,"column":27}},"loc":{"start":{"line":5,"column":47},"end":{"line":20,"column":1}}}},"branchMap":{},"s":{"0":2,"1":1},"f":{"0":1},"b":{}}
,"D:\\real-estate\\src\\subgraphs\\user\\models\\user.model.ts": {"path":"D:\\real-estate\\src\\subgraphs\\user\\models\\user.model.ts","statementMap":{"0":{"start":{"line":2,"column":0},"end":{"line":2,"column":61}},"1":{"start":{"line":3,"column":0},"end":{"line":3,"column":36}},"2":{"start":{"line":4,"column":0},"end":{"line":4,"column":50}},"3":{"start":{"line":20,"column":19},"end":{"line":34,"column":24}},"4":{"start":{"line":36,"column":0},"end":{"line":41,"column":3}},"5":{"start":{"line":37,"column":2},"end":{"line":39,"column":3}},"6":{"start":{"line":38,"column":4},"end":{"line":38,"column":35}},"7":{"start":{"line":40,"column":2},"end":{"line":40,"column":41}},"8":{"start":{"line":40,"column":34},"end":{"line":40,"column":41}},"9":{"start":{"line":43,"column":18},"end":{"line":43,"column":85}},"10":{"start":{"line":44,"column":0},"end":{"line":44,"column":25}}},"fnMap":{"0":{"name":"(anonymous_1)","decl":{"start":{"line":36,"column":27},"end":{"line":36,"column":37}},"loc":{"start":{"line":36,"column":41},"end":{"line":41,"column":1}}}},"branchMap":{"0":{"loc":{"start":{"line":37,"column":2},"end":{"line":39,"column":3}},"type":"if","locations":[{"start":{"line":37,"column":2},"end":{"line":39,"column":3}},{"start":{},"end":{}}]},"1":{"loc":{"start":{"line":40,"column":2},"end":{"line":40,"column":41}},"type":"if","locations":[{"start":{"line":40,"column":2},"end":{"line":40,"column":41}},{"start":{},"end":{}}]},"2":{"loc":{"start":{"line":43,"column":18},"end":{"line":43,"column":85}},"type":"binary-expr","locations":[{"start":{"line":43,"column":18},"end":{"line":43,"column":38}},{"start":{"line":43,"column":42},"end":{"line":43,"column":85}}]}},"s":{"0":0,"1":0,"2":0,"3":0,"4":0,"5":0,"6":0,"7":0,"8":0,"9":0,"10":0},"f":{"0":0},"b":{"0":[0,0],"1":[0,0],"2":[0,0]}}
,"D:\\real-estate\\src\\subgraphs\\user\\repos\\user.repo.ts": {"path":"D:\\real-estate\\src\\subgraphs\\user\\repos\\user.repo.ts","statementMap":{"0":{"start":{"line":22,"column":4},"end":{"line":22,"column":71}},"1":{"start":{"line":22,"column":20},"end":{"line":22,"column":71}},"2":{"start":{"line":23,"column":4},"end":{"line":23,"column":31}},"3":{"start":{"line":27,"column":2},"end":{"line":27,"column":65}},"4":{"start":{"line":31,"column":2},"end":{"line":31,"column":59}},"5":{"start":{"line":35,"column":18},"end":{"line":35,"column":51}},"6":{"start":{"line":36,"column":2},"end":{"line":36,"column":45}},"7":{"start":{"line":40,"column":4},"end":{"line":40,"column":78}},"8":{"start":{"line":44,"column":2},"end":{"line":44,"column":89}},"9":{"start":{"line":17,"column":0},"end":{"line":17,"column":21}}},"fnMap":{"0":{"name":"(anonymous_0)","decl":{"start":{"line":21,"column":2},"end":{"line":21,"column":14}},"loc":{"start":{"line":21,"column":58},"end":{"line":24,"column":3}}},"1":{"name":"(anonymous_1)","decl":{"start":{"line":26,"column":0},"end":{"line":26,"column":11}},"loc":{"start":{"line":26,"column":25},"end":{"line":28,"column":1}}},"2":{"name":"(anonymous_2)","decl":{"start":{"line":30,"column":0},"end":{"line":30,"column":8}},"loc":{"start":{"line":30,"column":19},"end":{"line":32,"column":1}}},"3":{"name":"(anonymous_3)","decl":{"start":{"line":34,"column":0},"end":{"line":34,"column":5}},"loc":{"start":{"line":34,"column":35},"end":{"line":37,"column":1}}},"4":{"name":"(anonymous_4)","decl":{"start":{"line":39,"column":2},"end":{"line":39,"column":7}},"loc":{"start":{"line":39,"column":29},"end":{"line":41,"column":3}}},"5":{"name":"(anonymous_5)","decl":{"start":{"line":43,"column":0},"end":{"line":43,"column":5}},"loc":{"start":{"line":43,"column":47},"end":{"line":45,"column":1}}}},"branchMap":{"0":{"loc":{"start":{"line":22,"column":4},"end":{"line":22,"column":71}},"type":"if","locations":[{"start":{"line":22,"column":4},"end":{"line":22,"column":71}},{"start":{},"end":{}}]}},"s":{"0":0,"1":0,"2":0,"3":0,"4":0,"5":0,"6":0,"7":0,"8":0,"9":0},"f":{"0":0,"1":0,"2":0,"3":0,"4":0,"5":0},"b":{"0":[0,0]}}
,"D:\\real-estate\\src\\subgraphs\\user\\resolvers\\index.ts": {"path":"D:\\real-estate\\src\\subgraphs\\user\\resolvers\\index.ts","statementMap":{"0":{"start":{"line":3,"column":0},"end":{"line":3,"column":63}},"1":{"start":{"line":4,"column":0},"end":{"line":4,"column":58}},"2":{"start":{"line":6,"column":0},"end":{"line":6,"column":63}},"3":{"start":{"line":19,"column":0},"end":{"line":88,"column":null}},"4":{"start":{"line":23,"column":27},"end":{"line":23,"column":74}},"5":{"start":{"line":24,"column":26},"end":{"line":24,"column":68}},"6":{"start":{"line":26,"column":25},"end":{"line":26,"column":55}},"7":{"start":{"line":28,"column":6},"end":{"line":30,"column":7}},"8":{"start":{"line":29,"column":8},"end":{"line":29,"column":null}},"9":{"start":{"line":32,"column":28},"end":{"line":35,"column":null}},"10":{"start":{"line":36,"column":22},"end":{"line":40,"column":8}},"11":{"start":{"line":41,"column":6},"end":{"line":43,"column":7}},"12":{"start":{"line":42,"column":8},"end":{"line":42,"column":50}},"13":{"start":{"line":44,"column":6},"end":{"line":44,"column":24}},"14":{"start":{"line":49,"column":6},"end":{"line":51,"column":27}},"15":{"start":{"line":57,"column":26},"end":{"line":57,"column":68}},"16":{"start":{"line":58,"column":6},"end":{"line":58,"column":42}},"17":{"start":{"line":64,"column":6},"end":{"line":64,"column":51}},"18":{"start":{"line":65,"column":6},"end":{"line":65,"column":34}},"19":{"start":{"line":66,"column":26},"end":{"line":67,"column":41}},"20":{"start":{"line":68,"column":6},"end":{"line":68,"column":48}},"21":{"start":{"line":75,"column":26},"end":{"line":75,"column":56}},"22":{"start":{"line":77,"column":6},"end":{"line":79,"column":7}},"23":{"start":{"line":78,"column":8},"end":{"line":78,"column":61}},"24":{"start":{"line":81,"column":6},"end":{"line":83,"column":7}},"25":{"start":{"line":82,"column":8},"end":{"line":82,"column":60}},"26":{"start":{"line":85,"column":6},"end":{"line":85,"column":44}}},"fnMap":{"0":{"name":"(anonymous_0)","decl":{"start":{"line":22,"column":14},"end":{"line":22,"column":19}},"loc":{"start":{"line":22,"column":97},"end":{"line":45,"column":5}}},"1":{"name":"(anonymous_1)","decl":{"start":{"line":48,"column":17},"end":{"line":48,"column":18}},"loc":{"start":{"line":49,"column":6},"end":{"line":51,"column":27}}},"2":{"name":"(anonymous_2)","decl":{"start":{"line":56,"column":4},"end":{"line":56,"column":9}},"loc":{"start":{"line":56,"column":79},"end":{"line":59,"column":5}}},"3":{"name":"(anonymous_3)","decl":{"start":{"line":63,"column":21},"end":{"line":63,"column":22}},"loc":{"start":{"line":63,"column":123},"end":{"line":69,"column":5}}},"4":{"name":"(anonymous_4)","decl":{"start":{"line":70,"column":20},"end":{"line":70,"column":25}},"loc":{"start":{"line":74,"column":8},"end":{"line":86,"column":5}}}},"branchMap":{"0":{"loc":{"start":{"line":28,"column":6},"end":{"line":30,"column":7}},"type":"if","locations":[{"start":{"line":28,"column":6},"end":{"line":30,"column":7}},{"start":{},"end":{}}]},"1":{"loc":{"start":{"line":33,"column":14},"end":{"line":33,"column":65}},"type":"cond-expr","locations":[{"start":{"line":33,"column":21},"end":{"line":33,"column":53}},{"start":{"line":33,"column":56},"end":{"line":33,"column":65}}]},"2":{"loc":{"start":{"line":38,"column":14},"end":{"line":38,"column":45}},"type":"binary-expr","locations":[{"start":{"line":38,"column":14},"end":{"line":38,"column":32}},{"start":{"line":38,"column":36},"end":{"line":38,"column":45}}]},"3":{"loc":{"start":{"line":41,"column":6},"end":{"line":43,"column":7}},"type":"if","locations":[{"start":{"line":41,"column":6},"end":{"line":43,"column":7}},{"start":{},"end":{}}]},"4":{"loc":{"start":{"line":77,"column":6},"end":{"line":79,"column":7}},"type":"if","locations":[{"start":{"line":77,"column":6},"end":{"line":79,"column":7}},{"start":{},"end":{}}]},"5":{"loc":{"start":{"line":81,"column":6},"end":{"line":83,"column":7}},"type":"if","locations":[{"start":{"line":81,"column":6},"end":{"line":83,"column":7}},{"start":{},"end":{}}]}},"s":{"0":1,"1":1,"2":1,"3":1,"4":0,"5":0,"6":0,"7":0,"8":0,"9":0,"10":0,"11":0,"12":0,"13":0,"14":4,"15":0,"16":0,"17":0,"18":0,"19":0,"20":0,"21":5,"22":5,"23":2,"24":3,"25":1,"26":2},"f":{"0":0,"1":4,"2":0,"3":0,"4":5},"b":{"0":[0,0],"1":[0,0],"2":[0,0],"3":[0,0],"4":[2,3],"5":[1,2]}}
,"D:\\real-estate\\src\\subgraphs\\user\\services\\user.service.ts": {"path":"D:\\real-estate\\src\\subgraphs\\user\\services\\user.service.ts","statementMap":{"0":{"start":{"line":2,"column":0},"end":{"line":2,"column":50}},"1":{"start":{"line":5,"column":0},"end":{"line":5,"column":50}},"2":{"start":{"line":6,"column":0},"end":{"line":6,"column":107}},"3":{"start":{"line":10,"column":0},"end":{"line":10,"column":52}},"4":{"start":{"line":18,"column":21},"end":{"line":18,"column":39}},"5":{"start":{"line":19,"column":21},"end":{"line":19,"column":58}},"6":{"start":{"line":23,"column":4},"end":{"line":25,"column":5}},"7":{"start":{"line":24,"column":6},"end":{"line":24,"column":48}},"8":{"start":{"line":26,"column":4},"end":{"line":33,"column":5}},"9":{"start":{"line":27,"column":21},"end":{"line":27,"column":59}},"10":{"start":{"line":28,"column":6},"end":{"line":28,"column":31}},"11":{"start":{"line":28,"column":19},"end":{"line":28,"column":31}},"12":{"start":{"line":29,"column":6},"end":{"line":29,"column":33}},"13":{"start":{"line":32,"column":6},"end":{"line":32,"column":55}},"14":{"start":{"line":37,"column":4},"end":{"line":37,"column":null}},"15":{"start":{"line":38,"column":4},"end":{"line":38,"column":null}},"16":{"start":{"line":39,"column":4},"end":{"line":41,"column":5}},"17":{"start":{"line":40,"column":6},"end":{"line":40,"column":63}},"18":{"start":{"line":43,"column":4},"end":{"line":45,"column":5}},"19":{"start":{"line":44,"column":6},"end":{"line":44,"column":45}},"20":{"start":{"line":47,"column":4},"end":{"line":74,"column":5}},"21":{"start":{"line":48,"column":19},"end":{"line":48,"column":51}},"22":{"start":{"line":50,"column":6},"end":{"line":50,"column":29}},"23":{"start":{"line":50,"column":17},"end":{"line":50,"column":29}},"24":{"start":{"line":53,"column":6},"end":{"line":55,"column":7}},"25":{"start":{"line":54,"column":8},"end":{"line":54,"column":65}},"26":{"start":{"line":57,"column":6},"end":{"line":59,"column":7}},"27":{"start":{"line":58,"column":8},"end":{"line":58,"column":77}},"28":{"start":{"line":61,"column":6},"end":{"line":61,"column":18}},"29":{"start":{"line":64,"column":6},"end":{"line":70,"column":7}},"30":{"start":{"line":69,"column":8},"end":{"line":69,"column":20}},"31":{"start":{"line":73,"column":6},"end":{"line":73,"column":55}},"32":{"start":{"line":79,"column":21},"end":{"line":79,"column":59}},"33":{"start":{"line":80,"column":4},"end":{"line":80,"column":34}},"34":{"start":{"line":80,"column":18},"end":{"line":80,"column":34}},"35":{"start":{"line":83,"column":4},"end":{"line":101,"column":5}},"36":{"start":{"line":84,"column":6},"end":{"line":94,"column":9}},"37":{"start":{"line":97,"column":6},"end":{"line":99,"column":7}},"38":{"start":{"line":98,"column":8},"end":{"line":98,"column":54}},"39":{"start":{"line":100,"column":6},"end":{"line":100,"column":16}},"40":{"start":{"line":105,"column":4},"end":{"line":105,"column":43}},"41":{"start":{"line":106,"column":4},"end":{"line":106,"column":16}},"42":{"start":{"line":16,"column":0},"end":{"line":16,"column":21}}},"fnMap":{"0":{"name":"(anonymous_9)","decl":{"start":{"line":17,"column":2},"end":{"line":17,"column":null}},"loc":{"start":{"line":19,"column":58},"end":{"line":20,"column":7}}},"1":{"name":"(anonymous_10)","decl":{"start":{"line":22,"column":2},"end":{"line":22,"column":7}},"loc":{"start":{"line":22,"column":33},"end":{"line":34,"column":3}}},"2":{"name":"(anonymous_11)","decl":{"start":{"line":36,"column":2},"end":{"line":36,"column":7}},"loc":{"start":{"line":36,"column":47},"end":{"line":75,"column":3}}},"3":{"name":"(anonymous_12)","decl":{"start":{"line":77,"column":2},"end":{"line":77,"column":7}},"loc":{"start":{"line":77,"column":75},"end":{"line":102,"column":3}}},"4":{"name":"(anonymous_13)","decl":{"start":{"line":104,"column":2},"end":{"line":104,"column":7}},"loc":{"start":{"line":104,"column":33},"end":{"line":107,"column":3}}}},"branchMap":{"0":{"loc":{"start":{"line":23,"column":4},"end":{"line":25,"column":5}},"type":"if","locations":[{"start":{"line":23,"column":4},"end":{"line":25,"column":5}},{"start":{},"end":{}}]},"1":{"loc":{"start":{"line":28,"column":6},"end":{"line":28,"column":31}},"type":"if","locations":[{"start":{"line":28,"column":6},"end":{"line":28,"column":31}},{"start":{},"end":{}}]},"2":{"loc":{"start":{"line":39,"column":4},"end":{"line":41,"column":5}},"type":"if","locations":[{"start":{"line":39,"column":4},"end":{"line":41,"column":5}},{"start":{},"end":{}}]},"3":{"loc":{"start":{"line":43,"column":4},"end":{"line":45,"column":5}},"type":"if","locations":[{"start":{"line":43,"column":4},"end":{"line":45,"column":5}},{"start":{},"end":{}}]},"4":{"loc":{"start":{"line":43,"column":8},"end":{"line":43,"column":51}},"type":"binary-expr","locations":[{"start":{"line":43,"column":8},"end":{"line":43,"column":11}},{"start":{"line":43,"column":15},"end":{"line":43,"column":37}},{"start":{"line":43,"column":41},"end":{"line":43,"column":51}}]},"5":{"loc":{"start":{"line":50,"column":6},"end":{"line":50,"column":29}},"type":"if","locations":[{"start":{"line":50,"column":6},"end":{"line":50,"column":29}},{"start":{},"end":{}}]},"6":{"loc":{"start":{"line":53,"column":6},"end":{"line":55,"column":7}},"type":"if","locations":[{"start":{"line":53,"column":6},"end":{"line":55,"column":7}},{"start":{},"end":{}}]},"7":{"loc":{"start":{"line":57,"column":6},"end":{"line":59,"column":7}},"type":"if","locations":[{"start":{"line":57,"column":6},"end":{"line":59,"column":7}},{"start":{},"end":{}}]},"8":{"loc":{"start":{"line":57,"column":10},"end":{"line":57,"column":97}},"type":"binary-expr","locations":[{"start":{"line":57,"column":10},"end":{"line":57,"column":42}},{"start":{"line":57,"column":46},"end":{"line":57,"column":97}}]},"9":{"loc":{"start":{"line":64,"column":6},"end":{"line":70,"column":7}},"type":"if","locations":[{"start":{"line":64,"column":6},"end":{"line":70,"column":7}},{"start":{},"end":{}}]},"10":{"loc":{"start":{"line":65,"column":8},"end":{"line":67,"column":39}},"type":"binary-expr","locations":[{"start":{"line":65,"column":8},"end":{"line":65,"column":39}},{"start":{"line":66,"column":8},"end":{"line":66,"column":44}},{"start":{"line":67,"column":8},"end":{"line":67,"column":39}}]},"11":{"loc":{"start":{"line":80,"column":4},"end":{"line":80,"column":34}},"type":"if","locations":[{"start":{"line":80,"column":4},"end":{"line":80,"column":34}},{"start":{},"end":{}}]},"12":{"loc":{"start":{"line":97,"column":6},"end":{"line":99,"column":7}},"type":"if","locations":[{"start":{"line":97,"column":6},"end":{"line":99,"column":7}},{"start":{},"end":{}}]}},"s":{"0":2,"1":2,"2":2,"3":2,"4":20,"5":20,"6":4,"7":1,"8":3,"9":3,"10":2,"11":1,"12":1,"13":1,"14":7,"15":7,"16":7,"17":1,"18":6,"19":1,"20":5,"21":5,"22":4,"23":1,"24":3,"25":0,"26":3,"27":1,"28":2,"29":2,"30":1,"31":1,"32":4,"33":4,"34":1,"35":3,"36":3,"37":2,"38":1,"39":1,"40":5,"41":4,"42":2},"f":{"0":20,"1":4,"2":7,"3":4,"4":5},"b":{"0":[1,3],"1":[1,1],"2":[1,6],"3":[1,5],"4":[6,5,5],"5":[1,3],"6":[0,3],"7":[1,2],"8":[3,2],"9":[1,1],"10":[2,2,2],"11":[1,3],"12":[1,1]}}
,"D:\\real-estate\\src\\utils\\buildSecurityPrompt.ts": {"path":"D:\\real-estate\\src\\utils\\buildSecurityPrompt.ts","statementMap":{"0":{"start":{"line":3,"column":0},"end":{"line":3,"column":16}},"1":{"start":{"line":5,"column":2},"end":{"line":5,"column":107}}},"fnMap":{"0":{"name":"buildSecurityPrompt","decl":{"start":{"line":3,"column":16},"end":{"line":3,"column":35}},"loc":{"start":{"line":3,"column":56},"end":{"line":6,"column":1}}}},"branchMap":{},"s":{"0":0,"1":0},"f":{"0":0},"b":{}}
,"D:\\real-estate\\src\\utils\\validateSecurityResponse.ts": {"path":"D:\\real-estate\\src\\utils\\validateSecurityResponse.ts","statementMap":{"0":{"start":{"line":4,"column":40},"end":{"line":16,"column":1}},"1":{"start":{"line":5,"column":50},"end":{"line":5,"column":58}},"2":{"start":{"line":7,"column":2},"end":{"line":9,"column":3}},"3":{"start":{"line":8,"column":4},"end":{"line":8,"column":56}},"4":{"start":{"line":11,"column":2},"end":{"line":15,"column":4}},"5":{"start":{"line":4,"column":13},"end":{"line":4,"column":40}}},"fnMap":{"0":{"name":"(anonymous_0)","decl":{"start":{"line":4,"column":40},"end":{"line":4,"column":41}},"loc":{"start":{"line":4,"column":78},"end":{"line":16,"column":1}}}},"branchMap":{"0":{"loc":{"start":{"line":7,"column":2},"end":{"line":9,"column":3}},"type":"if","locations":[{"start":{"line":7,"column":2},"end":{"line":9,"column":3}},{"start":{},"end":{}}]},"1":{"loc":{"start":{"line":7,"column":6},"end":{"line":7,"column":48}},"type":"binary-expr","locations":[{"start":{"line":7,"column":6},"end":{"line":7,"column":16}},{"start":{"line":7,"column":20},"end":{"line":7,"column":36}},{"start":{"line":7,"column":40},"end":{"line":7,"column":48}}]}},"s":{"0":0,"1":0,"2":0,"3":0,"4":0,"5":0},"f":{"0":0},"b":{"0":[0,0],"1":[0,0,0]}}
}
