TN:
SF:src\__tests__\mongodb-memory-server.ts
FN:6,(anonymous_1)
FN:19,(anonymous_2)
FNF:2
FNH:0
FNDA:0,(anonymous_1)
FNDA:0,(anonymous_2)
DA:1,0
DA:2,0
DA:6,0
DA:7,0
DA:9,0
DA:15,0
DA:16,0
DA:19,0
DA:20,0
DA:21,0
DA:22,0
LF:11
LH:0
BRDA:21,0,0,0
BRDA:21,0,1,0
BRF:2
BRH:0
end_of_record
TN:
SF:src\core\user\domain\normalizeRole.ts
FN:3,normalizeRole
FNF:1
FNH:0
FNDA:0,normalizeRole
DA:3,0
DA:5,0
DA:8,0
LF:3
LH:0
BRDA:5,0,0,0
BRDA:5,0,1,0
BRF:2
BRH:0
end_of_record
TN:
SF:src\core\user\domain\role.map.ts
FNF:0
FNH:0
DA:1,0
DA:2,0
DA:3,0
LF:3
LH:0
BRF:0
BRH:0
end_of_record
TN:
SF:src\core\user\services\user.service.ts
FN:16,(anonymous_0)
FN:20,(anonymous_1)
FNF:2
FNH:0
FNDA:0,(anonymous_0)
FNDA:0,(anonymous_1)
DA:1,0
DA:17,0
DA:21,0
DA:22,0
DA:24,0
DA:25,0
DA:29,0
LF:7
LH:0
BRDA:22,0,0,0
BRDA:22,0,1,0
BRF:2
BRH:0
end_of_record
TN:
SF:src\gateway\index.ts
FN:26,startGateway
FN:36,(anonymous_11)
FN:50,(anonymous_12)
FN:52,(anonymous_13)
FN:112,(anonymous_14)
FN:182,(anonymous_15)
FNF:6
FNH:0
FNDA:0,startGateway
FNDA:0,(anonymous_11)
FNDA:0,(anonymous_12)
FNDA:0,(anonymous_13)
FNDA:0,(anonymous_14)
FNDA:0,(anonymous_15)
DA:1,0
DA:2,0
DA:3,0
DA:4,0
DA:5,0
DA:6,0
DA:7,0
DA:8,0
DA:9,0
DA:10,0
DA:11,0
DA:12,0
DA:13,0
DA:14,0
DA:16,0
DA:17,0
DA:27,0
DA:32,0
DA:34,0
DA:37,0
DA:44,0
DA:51,0
DA:53,0
DA:55,0
DA:57,0
DA:58,0
DA:61,0
DA:62,0
DA:70,0
DA:81,0
DA:86,0
DA:88,0
DA:91,0
DA:93,0
DA:95,0
DA:97,0
DA:105,0
DA:106,0
DA:107,0
DA:109,0
DA:113,0
DA:114,0
DA:115,0
DA:116,0
DA:117,0
DA:120,0
DA:121,0
DA:124,0
DA:125,0
DA:127,0
DA:129,0
DA:132,0
DA:133,0
DA:137,0
DA:141,0
DA:142,0
DA:143,0
DA:144,0
DA:147,0
DA:149,0
DA:152,0
DA:157,0
DA:158,0
DA:163,0
DA:165,0
DA:172,0
DA:173,0
DA:182,0
DA:183,0
DA:187,0
LF:70
LH:0
BRDA:55,0,0,0
BRDA:55,0,1,0
BRDA:57,1,0,0
BRDA:57,1,1,0
BRDA:61,2,0,0
BRDA:61,2,1,0
BRDA:91,3,0,0
BRDA:91,3,1,0
BRDA:116,4,0,0
BRDA:116,4,1,0
BRDA:120,5,0,0
BRDA:120,5,1,0
BRDA:127,6,0,0
BRDA:127,6,1,0
BRDA:132,7,0,0
BRDA:132,7,1,0
BRDA:143,8,0,0
BRDA:143,8,1,0
BRDA:143,9,0,0
BRDA:143,9,1,0
BRDA:147,10,0,0
BRDA:147,10,1,0
BRDA:160,11,0,0
BRDA:160,11,1,0
BRF:24
BRH:0
end_of_record
TN:
SF:src\gateway\resolvers.ts
FN:23,(anonymous_0)
FNF:1
FNH:0
FNDA:0,(anonymous_0)
DA:21,0
DA:24,0
DA:28,0
DA:30,0
LF:4
LH:0
BRF:0
BRH:0
end_of_record
TN:
SF:src\gateway\cookies\authCookiePlugin.ts
FN:28,authCookiePlugin
FN:30,(anonymous_1)
FN:32,(anonymous_2)
FNF:3
FNH:0
FNDA:0,authCookiePlugin
FNDA:0,(anonymous_1)
FNDA:0,(anonymous_2)
DA:28,0
DA:29,0
DA:31,0
DA:33,0
DA:34,0
DA:39,0
DA:41,0
DA:42,0
DA:44,0
DA:47,0
DA:50,0
DA:53,0
DA:54,0
DA:56,0
DA:57,0
DA:64,0
DA:65,0
DA:74,0
DA:75,0
DA:77,0
DA:78,0
DA:87,0
DA:88,0
DA:89,0
DA:90,0
LF:25
LH:0
BRDA:34,0,0,0
BRDA:34,0,1,0
BRDA:39,1,0,0
BRDA:39,1,1,0
BRDA:42,2,0,0
BRDA:42,2,1,0
BRDA:50,3,0,0
BRDA:50,3,1,0
BRDA:53,4,0,0
BRDA:53,4,1,0
BRDA:56,5,0,0
BRDA:56,5,1,0
BRDA:64,6,0,0
BRDA:64,6,1,0
BRDA:74,7,0,0
BRDA:74,7,1,0
BRDA:77,8,0,0
BRDA:77,8,1,0
BRDA:87,9,0,0
BRDA:87,9,1,0
BRDA:87,10,0,0
BRDA:87,10,1,0
BRF:22
BRH:0
end_of_record
TN:
SF:src\gateway\cookies\clearAuthCookies.ts
FN:12,clearAuthCookies
FNF:1
FNH:0
FNDA:0,clearAuthCookies
DA:3,0
DA:12,0
DA:13,0
DA:17,0
LF:4
LH:0
BRF:0
BRH:0
end_of_record
TN:
SF:src\gateway\cookies\cookieOptions.ts
FNF:0
FNH:0
DA:3,0
DA:13,0
DA:20,0
LF:3
LH:0
BRDA:16,0,0,0
BRDA:16,0,1,0
BRDA:23,1,0,0
BRDA:23,1,1,0
BRF:4
BRH:0
end_of_record
TN:
SF:src\gateway\helpers\classifyToken.ts
FN:5,classifyToken
FNF:1
FNH:0
FNDA:0,classifyToken
DA:3,0
DA:5,0
DA:6,0
DA:8,0
DA:9,0
DA:12,0
DA:13,0
DA:16,0
DA:20,0
DA:23,0
LF:10
LH:0
BRDA:8,0,0,0
BRDA:8,0,1,0
BRDA:8,1,0,0
BRDA:8,1,1,0
BRDA:12,2,0,0
BRDA:12,2,1,0
BRDA:16,3,0,0
BRDA:16,3,1,0
BRDA:17,4,0,0
BRDA:17,4,1,0
BRF:10
BRH:0
end_of_record
TN:
SF:src\gateway\plugins\authCookiePlugin.ts
FN:46,authCookiePlugin
FN:48,(anonymous_2)
FN:50,(anonymous_3)
FNF:3
FNH:0
FNDA:0,authCookiePlugin
FNDA:0,(anonymous_2)
FNDA:0,(anonymous_3)
DA:2,0
DA:46,0
DA:47,0
DA:49,0
DA:51,0
DA:52,0
DA:57,0
DA:59,0
DA:60,0
DA:62,0
DA:65,0
DA:68,0
DA:71,0
DA:76,0
DA:79,0
DA:80,0
DA:81,0
DA:82,0
DA:83,0
DA:87,0
DA:89,0
DA:90,0
DA:99,0
DA:100,0
DA:110,0
DA:111,0
LF:26
LH:0
BRDA:52,0,0,0
BRDA:52,0,1,0
BRDA:57,1,0,0
BRDA:57,1,1,0
BRDA:60,2,0,0
BRDA:60,2,1,0
BRDA:68,3,0,0
BRDA:68,3,1,0
BRDA:71,4,0,0
BRDA:71,4,1,0
BRDA:71,4,2,0
BRDA:71,4,3,0
BRDA:76,5,0,0
BRDA:76,5,1,0
BRDA:79,6,0,0
BRDA:79,6,1,0
BRDA:89,7,0,0
BRDA:89,7,1,0
BRDA:99,8,0,0
BRDA:99,8,1,0
BRF:20
BRH:0
end_of_record
TN:
SF:src\infrastructure\userApolloClient.ts
FN:6,createUserApolloClient
FNF:1
FNH:0
FNDA:0,createUserApolloClient
DA:1,0
DA:2,0
DA:3,0
DA:4,0
DA:6,0
DA:8,0
DA:10,0
DA:11,0
DA:16,0
DA:25,0
LF:10
LH:0
BRDA:8,0,0,0
BRDA:8,0,1,0
BRDA:10,1,0,0
BRDA:10,1,1,0
BRF:4
BRH:0
end_of_record
TN:
SF:src\infrastructure\auth\authenticatedDataSource.ts
FN:15,(anonymous_0)
FNF:1
FNH:0
FNDA:0,(anonymous_0)
DA:2,0
DA:14,0
DA:18,0
DA:22,0
DA:23,0
DA:24,0
DA:28,0
DA:29,0
LF:8
LH:0
BRDA:18,0,0,0
BRDA:18,0,1,0
BRDA:23,1,0,0
BRDA:23,1,1,0
BRDA:28,2,0,0
BRDA:28,2,1,0
BRF:6
BRH:0
end_of_record
TN:
SF:src\infrastructure\auth\extractToken.ts
FN:7,extractToken
FNF:1
FNH:0
FNDA:0,extractToken
DA:8,0
DA:9,0
DA:10,0
DA:11,0
DA:13,0
DA:16,0
LF:6
LH:0
BRDA:9,0,0,0
BRDA:9,0,1,0
BRDA:10,1,0,0
BRDA:10,1,1,0
BRDA:10,2,0,0
BRDA:10,2,1,0
BRF:6
BRH:0
end_of_record
TN:
SF:src\infrastructure\auth\setAuthCookies.ts
FN:14,setAuthCookies
FNF:1
FNH:0
FNDA:0,setAuthCookies
DA:4,0
DA:14,0
DA:18,0
DA:19,0
DA:22,0
DA:28,0
DA:29,0
LF:7
LH:0
BRDA:18,0,0,0
BRDA:18,0,1,0
BRDA:28,1,0,0
BRDA:28,1,1,0
BRF:4
BRH:0
end_of_record
TN:
SF:src\infrastructure\auth\verifyJwt.ts
FN:21,verifyJwt
FNF:1
FNH:0
FNDA:0,verifyJwt
DA:2,0
DA:3,0
DA:4,0
DA:12,0
DA:14,0
DA:15,0
DA:22,0
DA:32,0
LF:8
LH:0
BRDA:14,0,0,0
BRDA:14,0,1,0
BRF:2
BRH:0
end_of_record
TN:
SF:src\infrastructure\redis\redis.ts
FN:8,createRedis
FN:17,(anonymous_2)
FN:18,(anonymous_3)
FN:23,closeRedis
FNF:4
FNH:0
FNDA:0,createRedis
FNDA:0,(anonymous_2)
FNDA:0,(anonymous_3)
FNDA:0,closeRedis
DA:2,1
DA:3,1
DA:4,1
DA:6,1
DA:8,1
DA:9,0
DA:10,0
DA:12,0
DA:17,0
DA:18,0
DA:20,0
DA:23,1
DA:24,0
DA:25,0
DA:26,0
DA:29,1
LF:16
LH:7
BRDA:9,0,0,0
BRDA:9,0,1,0
BRDA:10,1,0,0
BRDA:10,1,1,0
BRDA:24,2,0,0
BRDA:24,2,1,0
BRF:6
BRH:0
end_of_record
TN:
SF:src\infrastructure\utils\errors.ts
FN:4,(anonymous_0)
FN:14,(anonymous_1)
FN:24,(anonymous_2)
FNF:3
FNH:3
FNDA:1,(anonymous_0)
FNDA:2,(anonymous_1)
FNDA:4,(anonymous_2)
DA:1,3
DA:5,1
DA:15,2
DA:25,4
DA:34,3
LF:5
LH:5
BRF:0
BRH:0
end_of_record
TN:
SF:src\infrastructure\utils\handleError.ts
FN:4,(anonymous_0)
FNF:1
FNH:0
FNDA:0,(anonymous_0)
DA:4,0
DA:5,0
DA:6,0
DA:14,0
DA:15,0
DA:16,0
DA:24,0
DA:30,0
LF:8
LH:0
BRDA:8,0,0,0
BRDA:8,0,1,0
BRDA:14,1,0,0
BRDA:14,1,1,0
BRDA:18,2,0,0
BRDA:18,2,1,0
BRF:6
BRH:0
end_of_record
TN:
SF:src\middleware\authenticate.ts
FN:24,authenticate
FN:25,(anonymous_2)
FNF:2
FNH:0
FNDA:0,authenticate
FNDA:0,(anonymous_2)
DA:2,0
DA:4,0
DA:24,0
DA:25,0
DA:26,0
DA:27,0
DA:29,0
DA:31,0
DA:32,0
DA:41,0
DA:43,0
DA:44,0
DA:56,0
DA:58,0
LF:14
LH:0
BRDA:27,0,0,0
BRDA:27,0,1,0
BRDA:43,1,0,0
BRDA:43,1,1,0
BRF:4
BRH:0
end_of_record
TN:
SF:src\security\actions.ts
FN:3,(anonymous_0)
FNF:1
FNH:0
FNDA:0,(anonymous_0)
DA:3,0
DA:4,0
DA:5,0
DA:6,0
DA:8,0
DA:9,0
LF:6
LH:0
BRDA:3,0,0,0
BRDA:3,0,1,0
BRF:2
BRH:0
end_of_record
TN:
SF:src\security\permission.service.ts
FN:11,(anonymous_0)
FNF:1
FNH:1
FNDA:3,(anonymous_0)
DA:2,1
DA:3,1
DA:9,1
DA:13,3
DA:14,3
DA:16,3
DA:17,1
LF:7
LH:7
BRDA:16,0,0,1
BRDA:16,0,1,2
BRDA:16,1,0,3
BRDA:16,1,1,2
BRF:4
BRH:4
end_of_record
TN:
SF:src\security\policy.engine.ts
FN:11,(anonymous_0)
FN:17,(anonymous_1)
FN:25,(anonymous_2)
FN:33,(anonymous_3)
FN:43,(anonymous_4)
FN:51,(anonymous_5)
FN:63,(anonymous_6)
FN:71,(anonymous_7)
FNF:8
FNH:0
FNDA:0,(anonymous_0)
FNDA:0,(anonymous_1)
FNDA:0,(anonymous_2)
FNDA:0,(anonymous_3)
FNDA:0,(anonymous_4)
FNDA:0,(anonymous_5)
FNDA:0,(anonymous_6)
FNDA:0,(anonymous_7)
DA:4,0
DA:5,0
DA:9,0
DA:12,0
DA:18,0
DA:20,0
DA:22,0
DA:26,0
DA:28,0
DA:30,0
DA:34,0
DA:36,0
DA:44,0
DA:46,0
DA:48,0
DA:52,0
DA:54,0
DA:56,0
DA:64,0
DA:65,0
DA:77,0
DA:79,0
DA:80,0
DA:84,0
DA:85,0
DA:89,0
DA:94,0
DA:97,0
LF:28
LH:0
BRDA:18,0,0,0
BRDA:18,0,1,0
BRDA:20,1,0,0
BRDA:20,1,1,0
BRDA:26,2,0,0
BRDA:26,2,1,0
BRDA:28,3,0,0
BRDA:28,3,1,0
BRDA:34,4,0,0
BRDA:34,4,1,0
BRDA:44,5,0,0
BRDA:44,5,1,0
BRDA:46,6,0,0
BRDA:46,6,1,0
BRDA:52,7,0,0
BRDA:52,7,1,0
BRDA:54,8,0,0
BRDA:54,8,1,0
BRDA:64,9,0,0
BRDA:64,9,1,0
BRDA:79,10,0,0
BRDA:79,10,1,0
BRDA:84,11,0,0
BRDA:84,11,1,0
BRDA:89,12,0,0
BRDA:89,12,1,0
BRDA:90,13,0,0
BRDA:90,13,1,0
BRDA:90,13,2,0
BRF:29
BRH:0
end_of_record
TN:
SF:src\security\resourceTypes.ts
FN:3,(anonymous_0)
FNF:1
FNH:0
FNDA:0,(anonymous_0)
DA:3,0
DA:4,0
DA:5,0
DA:6,0
LF:4
LH:0
BRDA:3,0,0,0
BRDA:3,0,1,0
BRF:2
BRH:0
end_of_record
TN:
SF:src\security\audit\securityAudit.ts
FN:12,(anonymous_0)
FN:16,(anonymous_1)
FNF:2
FNH:0
FNDA:0,(anonymous_0)
FNDA:0,(anonymous_1)
DA:11,0
DA:13,0
LF:2
LH:0
BRF:0
BRH:0
end_of_record
TN:
SF:src\security\builder\authLoginEvent.ts
FN:33,(anonymous_0)
FN:58,(anonymous_1)
FN:82,(anonymous_2)
FNF:3
FNH:0
FNDA:0,(anonymous_0)
FNDA:0,(anonymous_1)
FNDA:0,(anonymous_2)
DA:3,0
DA:33,0
DA:42,0
DA:58,0
DA:64,0
DA:82,0
DA:89,0
LF:7
LH:0
BRF:0
BRH:0
end_of_record
TN:
SF:src\security\builder\securityEvent.builder.ts
FN:38,(anonymous_0)
FN:47,(anonymous_1)
FN:53,(anonymous_2)
FN:61,(anonymous_3)
FN:66,(anonymous_4)
FN:71,(anonymous_5)
FN:76,(anonymous_6)
FN:81,(anonymous_7)
FN:96,(anonymous_8)
FN:112,(anonymous_9)
FN:122,(anonymous_10)
FN:129,(anonymous_11)
FNF:12
FNH:0
FNDA:0,(anonymous_0)
FNDA:0,(anonymous_1)
FNDA:0,(anonymous_2)
FNDA:0,(anonymous_3)
FNDA:0,(anonymous_4)
FNDA:0,(anonymous_5)
FNDA:0,(anonymous_6)
FNDA:0,(anonymous_7)
FNDA:0,(anonymous_8)
FNDA:0,(anonymous_9)
FNDA:0,(anonymous_10)
FNDA:0,(anonymous_11)
DA:2,0
DA:38,0
DA:44,0
DA:48,0
DA:49,0
DA:50,0
DA:54,0
DA:58,0
DA:62,0
DA:63,0
DA:67,0
DA:68,0
DA:72,0
DA:73,0
DA:77,0
DA:78,0
DA:82,0
DA:97,0
DA:98,0
DA:105,0
DA:113,0
DA:123,0
DA:130,0
DA:132,0
DA:133,0
DA:134,0
DA:135,0
DA:137,0
LF:28
LH:0
BRDA:97,0,0,0
BRDA:97,0,1,0
BRDA:107,1,0,0
BRDA:107,1,1,0
BRDA:114,2,0,0
BRDA:114,2,1,0
BRDA:115,3,0,0
BRDA:115,3,1,0
BRDA:116,4,0,0
BRDA:116,4,1,0
BRDA:117,5,0,0
BRDA:117,5,1,0
BRDA:118,6,0,0
BRDA:118,6,1,0
BRDA:124,7,0,0
BRDA:124,7,1,0
BRDA:125,8,0,0
BRDA:125,8,1,0
BRDA:130,9,0,0
BRDA:130,9,1,0
BRF:20
BRH:0
end_of_record
TN:
SF:src\security\middleware\securityContext.ts
FN:17,(anonymous_0)
FNF:1
FNH:0
FNDA:0,(anonymous_0)
DA:17,0
DA:18,0
DA:23,0
LF:3
LH:0
BRF:0
BRH:0
end_of_record
TN:
SF:src\security\middleware\securityMiddleware.ts
FN:14,(anonymous_0)
FN:20,securityMiddleware
FNF:2
FNH:0
FNDA:0,(anonymous_0)
FNDA:0,securityMiddleware
DA:1,0
DA:2,0
DA:3,0
DA:15,0
DA:16,0
DA:20,0
DA:24,0
DA:32,0
DA:34,0
DA:35,0
DA:37,0
DA:40,0
DA:41,0
LF:13
LH:0
BRDA:25,0,0,0
BRDA:25,0,1,0
BRDA:27,1,0,0
BRDA:27,1,1,0
BRDA:34,2,0,0
BRDA:34,2,1,0
BRDA:40,3,0,0
BRDA:40,3,1,0
BRDA:41,4,0,0
BRDA:41,4,1,0
BRF:10
BRH:0
end_of_record
TN:
SF:src\security\repo\securityEventRepository.ts
FN:6,(anonymous_0)
FNF:1
FNH:0
FNDA:0,(anonymous_0)
DA:5,0
DA:8,0
LF:2
LH:0
BRF:0
BRH:0
end_of_record
TN:
SF:src\security\service\geminiSecurity.service.ts
FN:16,(anonymous_0)
FN:25,callGemini
FNF:2
FNH:0
FNDA:0,(anonymous_0)
FNDA:0,callGemini
DA:1,0
DA:2,0
DA:15,0
DA:17,0
DA:18,0
DA:19,0
DA:20,0
DA:27,0
LF:8
LH:0
BRF:0
BRH:0
end_of_record
TN:
SF:src\session\sessionHeartbeat.ts
FN:4,touchSession
FNF:1
FNH:0
FNDA:0,touchSession
DA:4,0
DA:10,0
LF:2
LH:0
BRF:0
BRH:0
end_of_record
TN:
SF:src\shared\debug.ts
FN:7,log
FN:14,debugAuth
FN:19,debugToken
FN:24,debugRisk
FNF:4
FNH:0
FNDA:0,log
FNDA:0,debugAuth
FNDA:0,debugToken
FNDA:0,debugRisk
DA:3,0
DA:4,0
DA:5,0
DA:8,0
DA:14,0
DA:15,0
DA:16,0
DA:19,0
DA:20,0
DA:21,0
DA:24,0
DA:25,0
DA:26,0
LF:13
LH:0
BRDA:10,0,0,0
BRDA:10,0,1,0
BRDA:15,1,0,0
BRDA:15,1,1,0
BRDA:20,2,0,0
BRDA:20,2,1,0
BRDA:25,3,0,0
BRDA:25,3,1,0
BRF:8
BRH:0
end_of_record
TN:
SF:src\shared\apollo\apolloClient.ts
FNF:0
FNH:0
DA:1,0
DA:2,0
DA:4,0
DA:12,0
LF:4
LH:0
BRF:0
BRH:0
end_of_record
TN:
SF:src\shared\auth\requireScope.ts
FN:22,requireScope
FN:23,(anonymous_1)
FN:38,(anonymous_2)
FNF:3
FNH:0
FNDA:0,requireScope
FNDA:0,(anonymous_1)
FNDA:0,(anonymous_2)
DA:22,0
DA:23,0
DA:27,0
DA:31,0
DA:32,0
DA:35,0
DA:37,0
DA:38,0
DA:41,0
DA:42,0
DA:45,0
LF:11
LH:0
BRDA:22,0,0,0
BRDA:27,1,0,0
BRDA:27,1,1,0
BRDA:27,1,2,0
BRDA:31,2,0,0
BRDA:31,2,1,0
BRDA:35,3,0,0
BRDA:35,3,1,0
BRDA:41,4,0,0
BRDA:41,4,1,0
BRF:10
BRH:0
end_of_record
TN:
SF:src\shared\container\createContainer.ts
FN:9,createContainer
FN:13,(anonymous_1)
FN:22,(anonymous_2)
FN:32,(anonymous_3)
FN:33,(anonymous_4)
FNF:5
FNH:0
FNDA:0,createContainer
FNDA:0,(anonymous_1)
FNDA:0,(anonymous_2)
FNDA:0,(anonymous_3)
FNDA:0,(anonymous_4)
DA:9,0
DA:10,0
DA:12,0
DA:14,0
DA:15,0
DA:19,0
DA:23,0
DA:24,0
DA:28,0
DA:33,0
LF:10
LH:0
BRDA:14,0,0,0
BRDA:14,0,1,0
BRDA:23,1,0,0
BRDA:23,1,1,0
BRF:4
BRH:0
end_of_record
TN:
SF:src\shared\container\root.container.ts
FN:12,(anonymous_1)
FNF:1
FNH:0
FNDA:0,(anonymous_1)
DA:2,0
DA:3,0
DA:4,0
DA:6,0
DA:8,0
DA:10,0
DA:12,0
LF:7
LH:0
BRDA:8,0,0,0
BRDA:8,0,1,0
BRF:2
BRH:0
end_of_record
TN:
SF:src\shared\container\tokens.ts
FNF:0
FNH:0
DA:4,0
LF:1
LH:0
BRF:0
BRH:0
end_of_record
TN:
SF:src\shared\db\mongo.ts
FN:4,connectMongo
FNF:1
FNH:0
FNDA:0,connectMongo
DA:2,0
DA:4,0
DA:5,0
DA:7,0
DA:12,0
DA:14,0
DA:17,0
LF:7
LH:0
BRF:0
BRH:0
end_of_record
TN:
SF:src\shared\directives\auth.ts
FN:17,authDirectiveTransformer
FN:19,(anonymous_1)
FN:35,(anonymous_2)
FNF:3
FNH:0
FNDA:0,authDirectiveTransformer
FNDA:0,(anonymous_1)
FNDA:0,(anonymous_2)
DA:1,0
DA:2,0
DA:17,0
DA:18,0
DA:21,0
DA:25,0
DA:28,0
DA:29,0
DA:30,0
DA:33,0
DA:35,0
DA:36,0
DA:37,0
DA:39,0
DA:42,0
LF:15
LH:0
BRDA:21,0,0,0
BRDA:21,0,1,0
BRDA:22,1,0,0
BRDA:22,1,1,0
BRDA:29,2,0,0
BRDA:29,2,1,0
BRDA:33,3,0,0
BRDA:36,4,0,0
BRDA:36,4,1,0
BRF:9
BRH:0
end_of_record
TN:
SF:src\shared\errors\errorCodes.ts
FN:3,(anonymous_0)
FNF:1
FNH:0
FNDA:0,(anonymous_0)
DA:3,0
DA:4,0
DA:5,0
DA:6,0
DA:7,0
DA:8,0
DA:9,0
DA:10,0
DA:12,0
LF:9
LH:0
BRDA:3,0,0,0
BRDA:3,0,1,0
BRF:2
BRH:0
end_of_record
TN:
SF:src\shared\security\hash.ts
FN:4,hashToken
FNF:1
FNH:0
FNDA:0,hashToken
DA:2,0
DA:4,0
DA:5,0
LF:3
LH:0
BRF:0
BRH:0
end_of_record
TN:
SF:src\shared\types\role.ts
FN:1,(anonymous_0)
FNF:1
FNH:1
FNDA:2,(anonymous_0)
DA:1,2
DA:2,2
DA:3,2
DA:4,2
DA:5,2
DA:6,2
LF:6
LH:6
BRDA:1,0,0,2
BRDA:1,0,1,2
BRF:2
BRH:2
end_of_record
TN:
SF:src\shared\types\types.ts
FN:1,(anonymous_0)
FN:8,(anonymous_1)
FNF:2
FNH:2
FNDA:1,(anonymous_0)
FNDA:1,(anonymous_1)
DA:1,1
DA:2,1
DA:3,1
DA:4,1
DA:5,1
DA:8,1
DA:10,1
DA:11,1
DA:12,1
DA:13,1
LF:10
LH:10
BRDA:1,0,0,1
BRDA:1,0,1,1
BRDA:8,1,0,1
BRDA:8,1,1,1
BRF:4
BRH:4
end_of_record
TN:
SF:src\subgraphs\admin\Services\approval.service.ts
FN:47,(anonymous_0)
FN:57,(anonymous_1)
FN:77,(anonymous_2)
FN:106,(anonymous_3)
FNF:4
FNH:0
FNDA:0,(anonymous_0)
FNDA:0,(anonymous_1)
FNDA:0,(anonymous_2)
FNDA:0,(anonymous_3)
DA:42,0
DA:52,0
DA:53,0
DA:54,0
DA:64,0
DA:78,0
DA:80,0
DA:81,0
DA:85,0
DA:86,0
DA:91,0
DA:96,0
DA:103,0
DA:107,0
LF:14
LH:0
BRDA:80,0,0,0
BRDA:80,0,1,0
BRDA:85,1,0,0
BRDA:85,1,1,0
BRF:4
BRH:0
end_of_record
TN:
SF:src\subgraphs\admin\Services\auditService.ts
FN:19,(anonymous_0)
FN:24,(anonymous_1)
FNF:2
FNH:0
FNDA:0,(anonymous_0)
FNDA:0,(anonymous_1)
DA:21,0
DA:26,0
DA:30,0
LF:3
LH:0
BRF:0
BRH:0
end_of_record
TN:
SF:src\subgraphs\admin\Services\authorizationService.ts
FNF:0
FNH:0
DA:8,0
LF:1
LH:0
BRF:0
BRH:0
end_of_record
TN:
SF:src\subgraphs\admin\Services\authz.service.ts
FNF:0
FNH:0
DA:8,0
LF:1
LH:0
BRF:0
BRH:0
end_of_record
TN:
SF:src\subgraphs\admin\Services\mergeAccount.service.ts
FN:72,(anonymous_2)
FN:97,(anonymous_3)
FN:141,(anonymous_4)
FN:143,(anonymous_5)
FN:216,(anonymous_6)
FN:281,(anonymous_7)
FN:191,_MergeAccountService_snapshotUser
FN:198,(anonymous_9)
FN:200,_MergeAccountService_credentialPreview
FNF:9
FNH:0
FNDA:0,(anonymous_2)
FNDA:0,(anonymous_3)
FNDA:0,(anonymous_4)
FNDA:0,(anonymous_5)
FNDA:0,(anonymous_6)
FNDA:0,(anonymous_7)
FNDA:0,_MergeAccountService_snapshotUser
FNDA:0,(anonymous_9)
FNDA:0,_MergeAccountService_credentialPreview
DA:1,0
DA:65,0
DA:85,0
DA:86,0
DA:87,0
DA:88,0
DA:89,0
DA:98,0
DA:99,0
DA:102,0
DA:103,0
DA:106,0
DA:108,0
DA:112,0
DA:115,0
DA:120,0
DA:121,0
DA:124,0
DA:129,0
DA:130,0
DA:135,0
DA:136,0
DA:141,0
DA:142,0
DA:144,0
DA:148,0
DA:149,0
DA:155,0
DA:159,0
DA:160,0
DA:165,0
DA:173,0
DA:191,0
DA:192,0
DA:198,0
DA:203,0
DA:223,0
DA:224,0
DA:229,0
DA:230,0
DA:233,0
DA:234,0
DA:236,0
DA:237,0
DA:243,0
DA:249,0
DA:254,0
DA:266,0
DA:267,0
DA:269,0
DA:270,0
DA:272,0
DA:287,0
DA:288,0
DA:291,0
DA:292,0
DA:295,0
DA:296,0
DA:298,0
DA:300,0
DA:305,0
DA:306,0
DA:311,0
DA:317,0
DA:323,0
DA:328,0
DA:339,0
DA:340,0
DA:342,0
DA:343,0
DA:345,0
LF:71
LH:0
BRDA:98,0,0,0
BRDA:98,0,1,0
BRDA:98,1,0,0
BRDA:98,1,1,0
BRDA:102,2,0,0
BRDA:102,2,1,0
BRDA:108,3,0,0
BRDA:108,3,1,0
BRDA:109,4,0,0
BRDA:109,4,1,0
BRDA:120,5,0,0
BRDA:120,5,1,0
BRDA:120,6,0,0
BRDA:120,6,1,0
BRDA:129,7,0,0
BRDA:129,7,1,0
BRDA:135,8,0,0
BRDA:135,8,1,0
BRDA:148,9,0,0
BRDA:148,9,1,0
BRDA:159,10,0,0
BRDA:159,10,1,0
BRDA:223,11,0,0
BRDA:223,11,1,0
BRDA:229,12,0,0
BRDA:229,12,1,0
BRDA:287,13,0,0
BRDA:287,13,1,0
BRDA:287,14,0,0
BRDA:287,14,1,0
BRDA:291,15,0,0
BRDA:291,15,1,0
BRDA:305,16,0,0
BRDA:305,16,1,0
BRDA:207,17,0,0
BRDA:207,17,1,0
BRF:36
BRH:0
end_of_record
TN:
SF:src\subgraphs\admin\Services\mergeService.ts
FN:14,(anonymous_0)
FN:19,(anonymous_1)
FNF:2
FNH:0
FNDA:0,(anonymous_0)
FNDA:0,(anonymous_1)
DA:16,0
DA:21,0
DA:25,0
LF:3
LH:0
BRF:0
BRH:0
end_of_record
TN:
SF:src\subgraphs\admin\repos\approvalRepo.ts
FN:12,(anonymous_0)
FN:17,(anonymous_1)
FN:22,(anonymous_2)
FN:27,(anonymous_3)
FNF:4
FNH:0
FNDA:0,(anonymous_0)
FNDA:0,(anonymous_1)
FNDA:0,(anonymous_2)
FNDA:0,(anonymous_3)
DA:14,0
DA:19,0
DA:24,0
DA:29,0
DA:33,0
LF:5
LH:0
BRF:0
BRH:0
end_of_record
TN:
SF:src\subgraphs\admin\repos\auditRepo.ts
FN:11,(anonymous_0)
FN:16,(anonymous_1)
FNF:2
FNH:0
FNDA:0,(anonymous_0)
FNDA:0,(anonymous_1)
DA:13,0
DA:18,0
DA:22,0
LF:3
LH:0
BRF:0
BRH:0
end_of_record
TN:
SF:src\subgraphs\admin\resolvers\adminMerge.resolver.ts
FN:44,(anonymous_0)
FN:89,(anonymous_1)
FNF:2
FNH:0
FNDA:0,(anonymous_0)
FNDA:0,(anonymous_1)
DA:3,0
DA:4,0
DA:5,0
DA:42,0
DA:52,0
DA:53,0
DA:58,0
DA:59,0
DA:66,0
DA:71,0
DA:82,0
DA:94,0
DA:95,0
DA:100,0
DA:101,0
DA:110,0
DA:115,0
LF:17
LH:0
BRDA:52,0,0,0
BRDA:52,0,1,0
BRDA:52,1,0,0
BRDA:52,1,1,0
BRDA:58,2,0,0
BRDA:58,2,1,0
BRDA:58,3,0,0
BRDA:58,3,1,0
BRDA:94,4,0,0
BRDA:94,4,1,0
BRDA:94,5,0,0
BRDA:94,5,1,0
BRDA:100,6,0,0
BRDA:100,6,1,0
BRF:14
BRH:0
end_of_record
TN:
SF:src\subgraphs\auth\index.ts
FN:62,(anonymous_1)
FN:93,(anonymous_2)
FN:107,(anonymous_3)
FNF:3
FNH:0
FNDA:0,(anonymous_1)
FNDA:0,(anonymous_2)
FNDA:0,(anonymous_3)
DA:2,0
DA:3,0
DA:4,0
DA:5,0
DA:6,0
DA:7,0
DA:8,0
DA:9,0
DA:10,0
DA:11,0
DA:12,0
DA:13,0
DA:14,0
DA:15,0
DA:17,0
DA:19,0
DA:21,0
DA:25,0
DA:31,0
DA:35,0
DA:38,0
DA:39,0
DA:40,0
DA:41,0
DA:43,0
DA:45,0
DA:48,0
DA:52,0
DA:53,0
DA:54,0
DA:56,0
DA:62,0
DA:63,0
DA:64,0
DA:66,0
DA:67,0
DA:69,0
DA:70,0
DA:71,0
DA:73,0
DA:74,0
DA:83,0
DA:84,0
DA:88,0
DA:93,0
DA:107,0
DA:108,0
LF:47
LH:0
BRDA:22,0,0,0
BRDA:22,0,1,0
BRDA:63,1,0,0
BRDA:63,1,1,0
BRDA:63,2,0,0
BRDA:63,2,1,0
BRDA:64,3,0,0
BRDA:64,3,1,0
BRDA:69,4,0,0
BRDA:69,4,1,0
BRDA:69,5,0,0
BRDA:69,5,1,0
BRDA:73,6,0,0
BRDA:73,6,1,0
BRDA:73,7,0,0
BRDA:73,7,1,0
BRDA:99,8,0,0
BRDA:99,8,1,0
BRF:18
BRH:0
end_of_record
TN:
SF:src\subgraphs\auth\adapters\queries.ts
FNF:0
FNH:0
DA:1,0
DA:7,0
DA:22,0
DA:41,0
LF:4
LH:0
BRF:0
BRH:0
end_of_record
TN:
SF:src\subgraphs\auth\adapters\user-subgraph.client.ts
FN:4,createUserSubgraphClient
FNF:1
FNH:0
FNDA:0,createUserSubgraphClient
DA:2,0
DA:4,0
DA:5,0
DA:7,0
DA:8,0
DA:11,0
LF:6
LH:0
BRDA:5,0,0,0
BRDA:5,0,1,0
BRDA:7,1,0,0
BRDA:7,1,1,0
BRF:4
BRH:0
end_of_record
TN:
SF:src\subgraphs\auth\adapters\user.client.factory.ts
FN:5,createUserGraphQLClient
FNF:1
FNH:0
FNDA:0,createUserGraphQLClient
DA:1,0
DA:2,0
DA:3,0
DA:5,0
DA:6,0
DA:8,0
DA:9,0
DA:12,0
LF:8
LH:0
BRDA:8,0,0,0
BRDA:8,0,1,0
BRF:2
BRH:0
end_of_record
TN:
SF:src\subgraphs\auth\adapters\user.client.ts
FN:34,(anonymous_0)
FN:45,(anonymous_1)
FN:56,(anonymous_2)
FN:71,(anonymous_3)
FN:84,(anonymous_4)
FNF:5
FNH:0
FNDA:0,(anonymous_0)
FNDA:0,(anonymous_1)
FNDA:0,(anonymous_2)
FNDA:0,(anonymous_3)
FNDA:0,(anonymous_4)
DA:1,0
DA:3,0
DA:31,0
DA:35,0
DA:36,0
DA:38,0
DA:46,0
DA:48,0
DA:53,0
DA:57,0
DA:59,0
DA:64,0
DA:72,0
DA:73,0
DA:76,0
DA:81,0
DA:93,0
DA:110,0
DA:116,0
LF:19
LH:0
BRDA:35,0,0,0
BRDA:35,0,1,0
BRDA:46,1,0,0
BRDA:46,1,1,0
BRDA:53,2,0,0
BRDA:53,2,1,0
BRDA:57,3,0,0
BRDA:57,3,1,0
BRDA:64,4,0,0
BRDA:64,4,1,0
BRDA:72,5,0,0
BRDA:72,5,1,0
BRDA:81,6,0,0
BRDA:81,6,1,0
BRF:14
BRH:0
end_of_record
TN:
SF:src\subgraphs\auth\adapters\oauth\github.adapter.ts
FN:32,(anonymous_0)
FN:36,(anonymous_1)
FNF:2
FNH:0
FNDA:0,(anonymous_0)
FNDA:0,(anonymous_1)
DA:2,0
DA:29,0
DA:33,0
DA:37,0
DA:39,0
DA:40,0
DA:43,0
LF:7
LH:0
BRDA:39,0,0,0
BRDA:39,0,1,0
BRDA:47,1,0,0
BRDA:47,1,1,0
BRF:4
BRH:0
end_of_record
TN:
SF:src\subgraphs\auth\adapters\oauth\google.adapter.ts
FN:20,(anonymous_0)
FN:24,(anonymous_1)
FNF:2
FNH:0
FNDA:0,(anonymous_0)
FNDA:0,(anonymous_1)
DA:2,0
DA:3,0
DA:17,0
DA:21,0
DA:25,0
DA:30,0
DA:32,0
DA:33,0
DA:36,0
LF:9
LH:0
BRDA:32,0,0,0
BRDA:32,0,1,0
BRF:2
BRH:0
end_of_record
TN:
SF:src\subgraphs\auth\adapters\oauth\index.ts
FN:14,(anonymous_0)
FN:18,(anonymous_1)
FNF:2
FNH:0
FNDA:0,(anonymous_0)
FNDA:0,(anonymous_1)
DA:11,0
DA:15,0
DA:19,0
DA:20,0
DA:22,0
DA:23,0
DA:26,0
LF:7
LH:0
BRDA:22,0,0,0
BRDA:22,0,1,0
BRF:2
BRH:0
end_of_record
TN:
SF:src\subgraphs\auth\adapters\oauth\oauth.types.ts
FN:2,(anonymous_0)
FNF:1
FNH:0
FNDA:0,(anonymous_0)
DA:2,0
DA:3,0
DA:4,0
LF:3
LH:0
BRDA:2,0,0,0
BRDA:2,0,1,0
BRF:2
BRH:0
end_of_record
TN:
SF:src\subgraphs\auth\container\RedisAdapter.ts
FN:5,(anonymous_0)
FN:7,(anonymous_1)
FN:19,(anonymous_2)
FN:23,(anonymous_3)
FNF:4
FNH:0
FNDA:0,(anonymous_0)
FNDA:0,(anonymous_1)
FNDA:0,(anonymous_2)
FNDA:0,(anonymous_3)
DA:4,0
DA:5,0
DA:12,0
DA:13,0
DA:15,0
DA:20,0
DA:24,0
LF:7
LH:0
BRDA:12,0,0,0
BRDA:12,0,1,0
BRF:2
BRH:0
end_of_record
TN:
SF:src\subgraphs\auth\container\auth.container.ts
FN:43,createAuthContainer
FN:50,(anonymous_2)
FN:53,(anonymous_3)
FN:57,(anonymous_4)
FN:62,(anonymous_5)
FN:74,(anonymous_6)
FN:82,(anonymous_7)
FN:93,(anonymous_8)
FN:98,(anonymous_9)
FN:106,(anonymous_10)
FN:116,(anonymous_11)
FN:125,(anonymous_12)
FN:135,(anonymous_13)
FN:141,(anonymous_14)
FN:146,(anonymous_15)
FN:155,(anonymous_16)
FN:165,(anonymous_17)
FN:170,(anonymous_18)
FN:189,(anonymous_19)
FN:198,(anonymous_20)
FN:203,(anonymous_21)
FN:211,(anonymous_22)
FN:215,(anonymous_23)
FN:222,(anonymous_24)
FNF:24
FNH:0
FNDA:0,createAuthContainer
FNDA:0,(anonymous_2)
FNDA:0,(anonymous_3)
FNDA:0,(anonymous_4)
FNDA:0,(anonymous_5)
FNDA:0,(anonymous_6)
FNDA:0,(anonymous_7)
FNDA:0,(anonymous_8)
FNDA:0,(anonymous_9)
FNDA:0,(anonymous_10)
FNDA:0,(anonymous_11)
FNDA:0,(anonymous_12)
FNDA:0,(anonymous_13)
FNDA:0,(anonymous_14)
FNDA:0,(anonymous_15)
FNDA:0,(anonymous_16)
FNDA:0,(anonymous_17)
FNDA:0,(anonymous_18)
FNDA:0,(anonymous_19)
FNDA:0,(anonymous_20)
FNDA:0,(anonymous_21)
FNDA:0,(anonymous_22)
FNDA:0,(anonymous_23)
FNDA:0,(anonymous_24)
DA:1,0
DA:2,0
DA:3,0
DA:6,0
DA:7,0
DA:8,0
DA:9,0
DA:10,0
DA:12,0
DA:13,0
DA:14,0
DA:15,0
DA:16,0
DA:17,0
DA:20,0
DA:21,0
DA:22,0
DA:23,0
DA:26,0
DA:29,0
DA:30,0
DA:31,0
DA:33,0
DA:34,0
DA:43,0
DA:45,0
DA:50,0
DA:52,0
DA:53,0
DA:56,0
DA:57,0
DA:60,0
DA:63,0
DA:72,0
DA:74,0
DA:80,0
DA:83,0
DA:91,0
DA:93,0
DA:96,0
DA:98,0
DA:104,0
DA:107,0
DA:114,0
DA:117,0
DA:123,0
DA:126,0
DA:133,0
DA:135,0
DA:139,0
DA:141,0
DA:144,0
DA:146,0
DA:153,0
DA:156,0
DA:163,0
DA:165,0
DA:168,0
DA:171,0
DA:187,0
DA:189,0
DA:196,0
DA:198,0
DA:201,0
DA:203,0
DA:209,0
DA:211,0
DA:213,0
DA:215,0
DA:220,0
DA:223,0
DA:254,0
LF:72
LH:0
BRDA:52,0,0,0
BRDA:52,0,1,0
BRDA:56,1,0,0
BRDA:56,1,1,0
BRF:4
BRH:0
end_of_record
TN:
SF:src\subgraphs\auth\container\index.ts
FN:16,buildAuthContext
FNF:1
FNH:0
FNDA:0,buildAuthContext
DA:2,0
DA:16,0
DA:17,0
DA:23,0
LF:4
LH:0
BRF:0
BRH:0
end_of_record
TN:
SF:src\subgraphs\auth\http\cookie.helper.ts
FN:3,setRefreshTokenCookie
FN:13,setCsrfCookie
FNF:2
FNH:0
FNDA:0,setRefreshTokenCookie
FNDA:0,setCsrfCookie
DA:3,0
DA:4,0
DA:13,0
DA:14,0
LF:4
LH:0
BRF:0
BRH:0
end_of_record
TN:
SF:src\subgraphs\auth\http\csrf.helper.ts
FN:12,generateCsrfToken
FN:16,verifyCsrf
FNF:2
FNH:0
FNDA:0,generateCsrfToken
FNDA:0,verifyCsrf
DA:1,0
DA:12,0
DA:13,0
DA:16,0
DA:17,0
DA:18,0
DA:20,0
DA:21,0
LF:8
LH:0
BRDA:20,0,0,0
BRDA:20,0,1,0
BRDA:20,1,0,0
BRDA:20,1,1,0
BRF:4
BRH:0
end_of_record
TN:
SF:src\subgraphs\auth\models\approvalRequest.model.ts
FNF:0
FNH:0
DA:2,0
DA:18,0
DA:65,0
LF:3
LH:0
BRF:0
BRH:0
end_of_record
TN:
SF:src\subgraphs\auth\models\credential.model.ts
FNF:0
FNH:0
DA:3,0
DA:17,0
DA:97,0
DA:103,0
DA:108,0
LF:5
LH:0
BRF:0
BRH:0
end_of_record
TN:
SF:src\subgraphs\auth\models\oauthAccounts.model.ts
FNF:0
FNH:0
DA:1,0
DA:9,0
DA:17,0
DA:22,0
LF:4
LH:0
BRF:0
BRH:0
end_of_record
TN:
SF:src\subgraphs\auth\models\refreshToken.model.ts
FNF:0
FNH:0
DA:2,1
DA:4,1
DA:21,1
DA:64,1
LF:4
LH:4
BRF:0
BRH:0
end_of_record
TN:
SF:src\subgraphs\auth\models\session.model.ts
FNF:0
FNH:0
DA:1,1
DA:14,1
DA:30,1
DA:32,1
LF:4
LH:4
BRF:0
BRH:0
end_of_record
TN:
SF:src\subgraphs\auth\models\user.model.ts
FNF:0
FNH:0
DA:1,1
DA:3,1
DA:17,1
DA:19,1
LF:4
LH:4
BRF:0
BRH:0
end_of_record
TN:
SF:src\subgraphs\auth\models\userProvider.model.ts
FNF:0
FNH:0
DA:2,0
DA:12,0
DA:20,0
DA:25,0
LF:4
LH:0
BRF:0
BRH:0
end_of_record
TN:
SF:src\subgraphs\auth\repos\credential.repo.ts
FN:23,(anonymous_0)
FN:35,(anonymous_1)
FN:45,(anonymous_2)
FN:53,(anonymous_3)
FN:79,(anonymous_4)
FN:92,(anonymous_5)
FN:105,(anonymous_6)
FN:130,(anonymous_7)
FN:143,(anonymous_8)
FN:161,(anonymous_9)
FNF:10
FNH:0
FNDA:0,(anonymous_0)
FNDA:0,(anonymous_1)
FNDA:0,(anonymous_2)
FNDA:0,(anonymous_3)
FNDA:0,(anonymous_4)
FNDA:0,(anonymous_5)
FNDA:0,(anonymous_6)
FNDA:0,(anonymous_7)
FNDA:0,(anonymous_8)
FNDA:0,(anonymous_9)
DA:20,0
DA:24,0
DA:25,0
DA:29,0
DA:39,0
DA:50,0
DA:65,0
DA:83,0
DA:96,0
DA:115,0
DA:124,0
DA:134,0
DA:147,0
DA:166,0
LF:14
LH:0
BRDA:24,0,0,0
BRDA:24,0,1,0
BRDA:37,1,0,0
BRDA:42,2,0,0
BRDA:42,2,1,0
BRDA:48,3,0,0
BRDA:63,4,0,0
BRDA:81,5,0,0
BRDA:86,6,0,0
BRDA:86,6,1,0
BRDA:94,7,0,0
BRDA:98,8,0,0
BRDA:98,8,1,0
BRDA:111,9,0,0
BRDA:113,10,0,0
BRDA:132,11,0,0
BRDA:145,12,0,0
BRDA:164,13,0,0
BRF:18
BRH:0
end_of_record
TN:
SF:src\subgraphs\auth\repos\oauthAccount.repo.ts
FN:10,(anonymous_0)
FN:17,(anonymous_1)
FN:26,(anonymous_2)
FN:32,(anonymous_3)
FN:45,(anonymous_4)
FN:58,(anonymous_5)
FNF:6
FNH:0
FNDA:0,(anonymous_0)
FNDA:0,(anonymous_1)
FNDA:0,(anonymous_2)
FNDA:0,(anonymous_3)
FNDA:0,(anonymous_4)
FNDA:0,(anonymous_5)
DA:7,0
DA:11,0
DA:12,0
DA:14,0
DA:21,0
DA:27,0
DA:38,0
DA:52,0
DA:62,0
DA:67,0
LF:10
LH:0
BRDA:11,0,0,0
BRDA:11,0,1,0
BRF:2
BRH:0
end_of_record
TN:
SF:src\subgraphs\auth\repos\refresh-token.redis.repo.ts
FN:18,(anonymous_1)
FN:22,(anonymous_2)
FN:42,(anonymous_3)
FN:46,(anonymous_4)
FN:62,(anonymous_5)
FN:76,(anonymous_6)
FN:90,(anonymous_7)
FN:96,(anonymous_8)
FNF:8
FNH:0
FNDA:0,(anonymous_1)
FNDA:0,(anonymous_2)
FNDA:0,(anonymous_3)
FNDA:0,(anonymous_4)
FNDA:0,(anonymous_5)
FNDA:0,(anonymous_6)
FNDA:0,(anonymous_7)
FNDA:0,(anonymous_8)
DA:1,0
DA:2,0
DA:18,0
DA:19,0
DA:21,0
DA:23,0
DA:25,0
DA:26,0
DA:31,0
DA:33,0
DA:34,0
DA:39,0
DA:43,0
DA:47,0
DA:48,0
DA:49,0
DA:51,0
DA:52,0
DA:53,0
DA:54,0
DA:59,0
DA:63,0
DA:65,0
DA:66,0
DA:67,0
DA:71,0
DA:77,0
DA:81,0
DA:82,0
DA:85,0
DA:91,0
DA:95,0
DA:96,0
DA:97,0
DA:99,0
DA:100,0
LF:36
LH:0
BRDA:49,0,0,0
BRDA:49,0,1,0
BRDA:67,1,0,0
BRDA:67,1,1,0
BRDA:68,2,0,0
BRDA:68,2,1,0
BRF:6
BRH:0
end_of_record
TN:
SF:src\subgraphs\auth\repos\refresh-token.repo.ts
FN:21,(anonymous_1)
FN:31,(anonymous_2)
FN:51,(anonymous_3)
FN:61,(anonymous_4)
FN:79,(anonymous_5)
FN:83,(anonymous_6)
FN:91,(anonymous_7)
FN:109,(anonymous_8)
FN:128,(anonymous_9)
FNF:9
FNH:1
FNDA:1,(anonymous_1)
FNDA:0,(anonymous_2)
FNDA:0,(anonymous_3)
FNDA:0,(anonymous_4)
FNDA:0,(anonymous_5)
FNDA:0,(anonymous_6)
FNDA:0,(anonymous_7)
FNDA:0,(anonymous_8)
FNDA:0,(anonymous_9)
DA:3,1
DA:18,1
DA:22,1
DA:23,0
DA:25,1
DA:32,0
DA:34,0
DA:36,0
DA:52,0
DA:62,0
DA:64,0
DA:65,0
DA:68,0
DA:80,0
DA:84,0
DA:92,0
DA:110,0
DA:129,0
LF:18
LH:4
BRDA:22,0,0,0
BRDA:22,0,1,1
BRDA:34,1,0,0
BRDA:34,1,1,0
BRDA:64,2,0,0
BRDA:64,2,1,0
BRF:6
BRH:1
end_of_record
TN:
SF:src\subgraphs\auth\repos\riskEvent.repo.ts
FN:16,(anonymous_0)
FN:20,(anonymous_1)
FNF:2
FNH:0
FNDA:0,(anonymous_0)
FNDA:0,(anonymous_1)
DA:2,0
DA:13,0
DA:17,0
DA:21,0
DA:22,0
DA:23,0
DA:24,0
LF:7
LH:0
BRDA:16,0,0,0
BRDA:22,1,0,0
BRDA:22,1,1,0
BRF:3
BRH:0
end_of_record
TN:
SF:src\subgraphs\auth\repos\session.repo.ts
FN:8,(anonymous_0)
FN:12,(anonymous_1)
FN:16,(anonymous_2)
FN:23,(anonymous_3)
FN:30,(anonymous_4)
FN:37,(anonymous_5)
FN:41,(anonymous_6)
FNF:7
FNH:2
FNDA:1,(anonymous_0)
FNDA:1,(anonymous_1)
FNDA:0,(anonymous_2)
FNDA:0,(anonymous_3)
FNDA:0,(anonymous_4)
FNDA:0,(anonymous_5)
FNDA:0,(anonymous_6)
DA:5,1
DA:9,1
DA:13,1
DA:17,0
DA:24,0
DA:31,0
DA:38,0
DA:42,0
LF:8
LH:3
BRF:0
BRH:0
end_of_record
TN:
SF:src\subgraphs\auth\repos\user.repo.ts
FN:41,(anonymous_0)
FN:49,(anonymous_1)
FN:74,(anonymous_2)
FN:90,(anonymous_3)
FN:99,(anonymous_4)
FN:115,(anonymous_5)
FN:119,(anonymous_6)
FN:123,(anonymous_7)
FNF:8
FNH:0
FNDA:0,(anonymous_0)
FNDA:0,(anonymous_1)
FNDA:0,(anonymous_2)
FNDA:0,(anonymous_3)
FNDA:0,(anonymous_4)
FNDA:0,(anonymous_5)
FNDA:0,(anonymous_6)
FNDA:0,(anonymous_7)
DA:3,0
DA:37,0
DA:42,0
DA:43,0
DA:50,0
DA:53,0
DA:55,0
DA:56,0
DA:60,0
DA:64,0
DA:67,0
DA:69,0
DA:76,0
DA:83,0
DA:84,0
DA:86,0
DA:91,0
DA:92,0
DA:93,0
DA:95,0
DA:100,0
DA:104,0
DA:107,0
DA:108,0
DA:109,0
DA:112,0
DA:116,0
DA:120,0
DA:124,0
LF:29
LH:0
BRDA:43,0,0,0
BRDA:43,0,1,0
BRDA:55,1,0,0
BRDA:55,1,1,0
BRDA:64,2,0,0
BRDA:64,2,1,0
BRDA:92,3,0,0
BRDA:92,3,1,0
BRDA:108,4,0,0
BRDA:108,4,1,0
BRDA:126,5,0,0
BRDA:126,5,1,0
BRF:12
BRH:0
end_of_record
TN:
SF:src\subgraphs\auth\repos\userProvider.repo.ts
FN:20,(anonymous_1)
FN:26,(anonymous_2)
FNF:2
FNH:0
FNDA:0,(anonymous_1)
FNDA:0,(anonymous_2)
DA:1,0
DA:19,0
DA:21,0
DA:27,0
DA:28,0
DA:34,0
DA:35,0
DA:40,0
LF:8
LH:0
BRDA:34,0,0,0
BRDA:34,0,1,0
BRF:2
BRH:0
end_of_record
TN:
SF:src\subgraphs\auth\resolvers\resolver.ts
FN:30,(anonymous_0)
FN:30,(anonymous_1)
FN:37,(anonymous_2)
FN:38,(anonymous_3)
FN:42,(anonymous_4)
FN:45,(anonymous_5)
FN:53,(anonymous_6)
FN:63,(anonymous_7)
FN:66,(anonymous_8)
FN:70,(anonymous_9)
FN:73,(anonymous_10)
FN:76,(anonymous_11)
FN:84,(anonymous_12)
FN:90,(anonymous_13)
FN:99,(anonymous_14)
FN:113,(anonymous_15)
FN:126,(anonymous_16)
FN:136,(anonymous_17)
FN:162,(anonymous_18)
FN:169,(anonymous_19)
FN:181,(anonymous_20)
FNF:21
FNH:0
FNDA:0,(anonymous_0)
FNDA:0,(anonymous_1)
FNDA:0,(anonymous_2)
FNDA:0,(anonymous_3)
FNDA:0,(anonymous_4)
FNDA:0,(anonymous_5)
FNDA:0,(anonymous_6)
FNDA:0,(anonymous_7)
FNDA:0,(anonymous_8)
FNDA:0,(anonymous_9)
FNDA:0,(anonymous_10)
FNDA:0,(anonymous_11)
FNDA:0,(anonymous_12)
FNDA:0,(anonymous_13)
FNDA:0,(anonymous_14)
FNDA:0,(anonymous_15)
FNDA:0,(anonymous_16)
FNDA:0,(anonymous_17)
FNDA:0,(anonymous_18)
FNDA:0,(anonymous_19)
FNDA:0,(anonymous_20)
DA:2,0
DA:30,0
DA:33,0
DA:36,0
DA:37,0
DA:38,0
DA:41,0
DA:42,0
DA:45,0
DA:47,0
DA:50,0
DA:54,0
DA:56,0
DA:64,0
DA:67,0
DA:71,0
DA:74,0
DA:76,0
DA:85,0
DA:86,0
DA:91,0
DA:93,0
DA:94,0
DA:96,0
DA:100,0
DA:102,0
DA:104,0
DA:114,0
DA:116,0
DA:118,0
DA:127,0
DA:128,0
DA:130,0
DA:131,0
DA:133,0
DA:141,0
DA:142,0
DA:143,0
DA:146,0
DA:148,0
DA:151,0
DA:158,0
DA:159,0
DA:167,0
DA:170,0
DA:171,0
DA:174,0
DA:181,0
LF:48
LH:0
BRDA:54,0,0,0
BRDA:54,0,1,0
BRDA:91,1,0,0
BRDA:91,1,1,0
BRDA:100,2,0,0
BRDA:100,2,1,0
BRDA:114,3,0,0
BRDA:114,3,1,0
BRDA:128,4,0,0
BRDA:128,4,1,0
BRF:10
BRH:0
end_of_record
TN:
SF:src\subgraphs\auth\risk\events.ts
FN:2,(anonymous_0)
FNF:1
FNH:0
FNDA:0,(anonymous_0)
DA:2,0
DA:3,0
DA:4,0
LF:3
LH:0
BRDA:2,0,0,0
BRDA:2,0,1,0
BRF:2
BRH:0
end_of_record
TN:
SF:src\subgraphs\auth\services\auth.service.ts
FN:100,(anonymous_0)
FN:127,(anonymous_1)
FN:194,(anonymous_2)
FN:271,(anonymous_3)
FN:333,(anonymous_4)
FN:346,(anonymous_5)
FN:366,(anonymous_6)
FNF:7
FNH:3
FNDA:9,(anonymous_0)
FNDA:8,(anonymous_1)
FNDA:1,(anonymous_2)
FNDA:0,(anonymous_3)
FNDA:0,(anonymous_4)
FNDA:0,(anonymous_5)
FNDA:0,(anonymous_6)
DA:2,2
DA:88,2
DA:101,9
DA:112,9
DA:113,72
DA:114,0
DA:118,9
DA:128,8
DA:136,7
DA:138,7
DA:144,6
DA:146,6
DA:147,2
DA:148,1
DA:151,1
DA:153,4
DA:155,4
DA:156,3
DA:159,3
DA:160,1
DA:162,1
DA:170,2
DA:176,2
DA:177,2
DA:181,4
DA:200,1
DA:202,1
DA:203,0
DA:207,1
DA:216,1
DA:224,1
DA:226,1
DA:236,0
DA:251,0
DA:256,0
DA:272,0
DA:273,0
DA:275,0
DA:276,0
DA:279,0
DA:286,0
DA:288,0
DA:289,0
DA:292,0
DA:293,0
DA:297,0
DA:302,0
DA:303,0
DA:306,0
DA:307,0
DA:316,0
DA:325,0
DA:334,0
DA:336,0
DA:337,0
DA:340,0
DA:342,0
DA:343,0
DA:346,0
DA:348,0
DA:349,0
DA:352,0
DA:354,0
DA:363,0
DA:367,0
DA:368,0
DA:371,0
DA:372,0
DA:373,0
DA:374,0
DA:376,0
DA:377,0
DA:378,0
DA:380,0
DA:382,0
DA:383,0
DA:384,0
DA:387,0
DA:390,0
DA:396,0
DA:403,0
LF:81
LH:30
BRDA:113,0,0,0
BRDA:113,0,1,72
BRDA:127,1,0,0
BRDA:146,2,0,2
BRDA:146,2,1,4
BRDA:147,3,0,1
BRDA:147,3,1,1
BRDA:155,4,0,3
BRDA:155,4,1,1
BRDA:159,5,0,1
BRDA:159,5,1,2
BRDA:194,6,0,0
BRDA:202,7,0,0
BRDA:202,7,1,1
BRDA:275,8,0,0
BRDA:275,8,1,0
BRDA:288,9,0,0
BRDA:288,9,1,0
BRDA:292,10,0,0
BRDA:292,10,1,0
BRDA:292,11,0,0
BRDA:292,11,1,0
BRDA:302,12,0,0
BRDA:302,12,1,0
BRDA:302,13,0,0
BRDA:302,13,1,0
BRDA:306,14,0,0
BRDA:306,14,1,0
BRDA:336,15,0,0
BRDA:336,15,1,0
BRDA:342,16,0,0
BRDA:342,16,1,0
BRDA:348,17,0,0
BRDA:348,17,1,0
BRDA:367,18,0,0
BRDA:367,18,1,0
BRDA:373,19,0,0
BRDA:373,19,1,0
BRDA:373,20,0,0
BRDA:373,20,1,0
BRDA:373,20,2,0
BRDA:373,20,3,0
BRDA:377,21,0,0
BRDA:377,21,1,0
BRDA:377,22,0,0
BRDA:377,22,1,0
BRDA:383,23,0,0
BRDA:383,23,1,0
BRF:48
BRH:10
end_of_record
TN:
SF:src\subgraphs\auth\services\credential\credential.service.ts
FN:22,(anonymous_1)
FN:27,(anonymous_2)
FN:35,(anonymous_3)
FN:39,(anonymous_4)
FN:43,(anonymous_5)
FNF:5
FNH:0
FNDA:0,(anonymous_1)
FNDA:0,(anonymous_2)
FNDA:0,(anonymous_3)
FNDA:0,(anonymous_4)
FNDA:0,(anonymous_5)
DA:2,0
DA:19,0
DA:23,0
DA:28,0
DA:29,0
DA:30,0
DA:31,0
DA:32,0
DA:36,0
DA:40,0
DA:44,0
LF:11
LH:0
BRDA:29,0,0,0
BRDA:29,0,1,0
BRDA:29,1,0,0
BRDA:29,1,1,0
BRDA:31,2,0,0
BRDA:31,2,1,0
BRF:6
BRH:0
end_of_record
TN:
SF:src\subgraphs\auth\services\oauth\oauth-provider.enum.ts
FN:3,(anonymous_0)
FNF:1
FNH:0
FNDA:0,(anonymous_0)
DA:3,0
DA:4,0
DA:5,0
DA:6,0
DA:7,0
DA:8,0
DA:9,0
LF:7
LH:0
BRDA:3,0,0,0
BRDA:3,0,1,0
BRF:2
BRH:0
end_of_record
TN:
SF:src\subgraphs\auth\services\oauth\oauth.service.ts
FN:38,oauthLogin
FNF:1
FNH:0
FNDA:0,oauthLogin
DA:2,0
DA:3,0
DA:38,0
DA:40,0
DA:54,0
DA:57,0
DA:58,0
DA:72,0
DA:76,0
LF:9
LH:0
BRDA:57,0,0,0
BRDA:57,0,1,0
BRF:2
BRH:0
end_of_record
TN:
SF:src\subgraphs\auth\services\oauth\oauthVerifier.ts
FN:16,(anonymous_1)
FN:25,(anonymous_2)
FNF:2
FNH:0
FNDA:0,(anonymous_1)
FNDA:0,(anonymous_2)
DA:1,0
DA:15,0
DA:17,0
DA:19,0
DA:21,0
DA:26,0
DA:27,0
LF:7
LH:0
BRDA:17,0,0,0
BRDA:17,0,1,0
BRF:2
BRH:0
end_of_record
TN:
SF:src\subgraphs\auth\services\oauth\verifiers\facebook.code.ts
FN:25,verifyFacebookCode
FNF:1
FNH:0
FNDA:0,verifyFacebookCode
DA:26,0
DA:27,0
DA:31,0
DA:41,0
DA:43,0
DA:44,0
DA:47,0
DA:50,0
DA:54,0
DA:56,0
DA:57,0
DA:60,0
DA:61,0
DA:64,0
DA:73,0
LF:15
LH:0
BRDA:26,0,0,0
BRDA:26,0,1,0
BRDA:43,1,0,0
BRDA:43,1,1,0
BRDA:56,2,0,0
BRDA:56,2,1,0
BRDA:56,3,0,0
BRDA:56,3,1,0
BRDA:60,4,0,0
BRDA:60,4,1,0
BRDA:69,5,0,0
BRDA:69,5,1,0
BRF:12
BRH:0
end_of_record
TN:
SF:src\subgraphs\auth\services\oauth\verifiers\github.code.ts
FN:21,verifyGithubCode
FNF:1
FNH:0
FNDA:0,verifyGithubCode
DA:22,0
DA:37,0
DA:39,0
DA:40,0
DA:43,0
DA:49,0
DA:51,0
DA:60,0
LF:8
LH:0
BRDA:39,0,0,0
BRDA:39,0,1,0
BRDA:55,1,0,0
BRDA:55,1,1,0
BRF:4
BRH:0
end_of_record
TN:
SF:src\subgraphs\auth\services\oauth\verifiers\google.id.ts
FN:22,verifyGoogleIdToken
FNF:1
FNH:0
FNDA:0,verifyGoogleIdToken
DA:2,0
DA:3,0
DA:4,0
DA:6,0
DA:8,0
DA:11,0
DA:22,0
DA:25,0
DA:26,0
DA:29,0
DA:34,0
DA:36,0
DA:37,0
DA:40,0
LF:14
LH:0
BRDA:25,0,0,0
BRDA:25,0,1,0
BRDA:36,1,0,0
BRDA:36,1,1,0
BRDA:43,2,0,0
BRDA:43,2,1,0
BRDA:44,3,0,0
BRDA:44,3,1,0
BRDA:45,4,0,0
BRDA:45,4,1,0
BRDA:46,5,0,0
BRDA:46,5,1,0
BRF:12
BRH:0
end_of_record
TN:
SF:src\subgraphs\auth\services\oauth\verifiers\google.idtoken.ts
FN:29,getKey
FN:30,(anonymous_2)
FN:36,verifyGoogleIdToken
FN:43,(anonymous_4)
FN:48,(anonymous_5)
FNF:5
FNH:0
FNDA:0,getKey
FNDA:0,(anonymous_2)
FNDA:0,verifyGoogleIdToken
FNDA:0,(anonymous_4)
FNDA:0,(anonymous_5)
DA:3,0
DA:4,0
DA:25,0
DA:30,0
DA:31,0
DA:32,0
DA:36,0
DA:37,0
DA:38,0
DA:43,0
DA:44,0
DA:49,0
DA:50,0
DA:55,0
DA:63,0
LF:15
LH:0
BRDA:31,0,0,0
BRDA:31,0,1,0
BRDA:49,1,0,0
BRDA:49,1,1,0
BRF:4
BRH:0
end_of_record
TN:
SF:src\subgraphs\auth\services\refresh\refreshToken.service.ts
FN:55,(anonymous_0)
FN:74,(anonymous_1)
FN:139,(anonymous_2)
FN:156,(anonymous_3)
FNF:4
FNH:0
FNDA:0,(anonymous_0)
FNDA:0,(anonymous_1)
FNDA:0,(anonymous_2)
FNDA:0,(anonymous_3)
DA:2,0
DA:49,0
DA:61,0
DA:62,0
DA:65,0
DA:66,0
DA:67,0
DA:68,0
DA:75,0
DA:77,0
DA:78,0
DA:81,0
DA:84,0
DA:85,0
DA:86,0
DA:90,0
DA:92,0
DA:93,0
DA:94,0
DA:99,0
DA:103,0
DA:114,0
DA:125,0
DA:140,0
DA:141,0
DA:142,0
DA:144,0
DA:157,0
DA:158,0
LF:29
LH:0
BRDA:61,0,0,0
BRDA:61,0,1,0
BRDA:61,1,0,0
BRDA:61,1,1,0
BRDA:61,1,2,0
BRDA:61,1,3,0
BRDA:77,2,0,0
BRDA:77,2,1,0
BRDA:81,3,0,0
BRDA:85,4,0,0
BRDA:85,4,1,0
BRDA:92,5,0,0
BRDA:92,5,1,0
BRDA:107,6,0,0
BRDA:107,6,1,0
BRDA:108,7,0,0
BRDA:108,7,1,0
BRDA:109,8,0,0
BRDA:109,8,1,0
BRDA:117,9,0,0
BRDA:117,9,1,0
BRDA:118,10,0,0
BRDA:118,10,1,0
BRDA:119,11,0,0
BRDA:119,11,1,0
BRF:25
BRH:0
end_of_record
TN:
SF:src\subgraphs\auth\services\risk\loginRisk.service.ts
FN:55,(anonymous_1)
FN:59,(anonymous_2)
FN:65,(anonymous_3)
FN:72,(anonymous_4)
FN:96,(anonymous_5)
FN:150,(anonymous_6)
FN:172,(anonymous_7)
FN:186,(anonymous_8)
FN:197,(anonymous_9)
FNF:9
FNH:2
FNDA:1,(anonymous_1)
FNDA:0,(anonymous_2)
FNDA:1,(anonymous_3)
FNDA:0,(anonymous_4)
FNDA:0,(anonymous_5)
FNDA:0,(anonymous_6)
FNDA:0,(anonymous_7)
FNDA:0,(anonymous_8)
FNDA:0,(anonymous_9)
DA:1,1
DA:2,1
DA:3,1
DA:51,1
DA:56,1
DA:60,0
DA:61,0
DA:62,0
DA:66,1
DA:78,0
DA:84,0
DA:101,0
DA:102,0
DA:104,0
DA:105,0
DA:107,0
DA:109,0
DA:112,0
DA:113,0
DA:114,0
DA:118,0
DA:122,0
DA:123,0
DA:127,0
DA:132,0
DA:133,0
DA:134,0
DA:138,0
DA:139,0
DA:143,0
DA:144,0
DA:147,0
DA:156,0
DA:158,0
DA:164,0
DA:169,0
DA:173,0
DA:175,0
DA:176,0
DA:177,0
DA:181,0
DA:182,0
DA:187,0
DA:198,0
DA:199,0
DA:201,0
DA:202,0
DA:203,0
LF:48
LH:6
BRDA:60,0,0,0
BRDA:60,0,1,0
BRDA:60,1,0,0
BRDA:60,1,1,0
BRDA:61,2,0,0
BRDA:61,2,1,0
BRDA:61,3,0,0
BRDA:61,3,1,0
BRDA:105,4,0,0
BRDA:105,4,1,0
BRDA:112,5,0,0
BRDA:112,5,1,0
BRDA:112,6,0,0
BRDA:112,6,1,0
BRDA:118,7,0,0
BRDA:118,7,1,0
BRDA:119,8,0,0
BRDA:119,8,1,0
BRDA:132,9,0,0
BRDA:132,9,1,0
BRDA:139,10,0,0
BRDA:139,10,1,0
BRDA:140,11,0,0
BRDA:140,11,1,0
BRDA:140,11,2,0
BRDA:176,12,0,0
BRDA:176,12,1,0
BRDA:181,13,0,0
BRDA:181,13,1,0
BRDA:199,14,0,0
BRDA:199,14,1,0
BRDA:202,15,0,0
BRDA:202,15,1,0
BRF:33
BRH:0
end_of_record
TN:
SF:src\subgraphs\auth\services\risk\riskPolicy.service.ts
FN:17,(anonymous_0)
FN:20,(anonymous_1)
FNF:2
FNH:0
FNDA:0,(anonymous_0)
FNDA:0,(anonymous_1)
DA:19,0
DA:20,0
DA:24,0
DA:25,0
DA:33,0
DA:42,0
LF:6
LH:0
BRDA:20,0,0,0
BRDA:20,0,1,0
BRDA:24,1,0,0
BRDA:24,1,1,0
BRF:4
BRH:0
end_of_record
TN:
SF:src\subgraphs\auth\services\token\token.service.ts
FN:48,(anonymous_10)
FN:68,(anonymous_11)
FN:93,(anonymous_12)
FN:114,(anonymous_13)
FN:136,(anonymous_14)
FN:157,(anonymous_15)
FN:205,(anonymous_16)
FN:209,(anonymous_17)
FNF:8
FNH:3
FNDA:1,(anonymous_10)
FNDA:1,(anonymous_11)
FNDA:0,(anonymous_12)
FNDA:0,(anonymous_13)
FNDA:0,(anonymous_14)
FNDA:1,(anonymous_15)
FNDA:0,(anonymous_16)
FNDA:0,(anonymous_17)
DA:3,1
DA:4,1
DA:5,1
DA:6,1
DA:13,1
DA:40,1
DA:44,1
DA:49,1
DA:50,0
DA:51,0
DA:54,1
DA:55,1
DA:58,1
DA:70,1
DA:78,0
DA:90,0
DA:94,0
DA:95,0
DA:100,0
DA:101,0
DA:104,0
DA:106,0
DA:117,0
DA:119,0
DA:133,0
DA:137,0
DA:138,0
DA:143,0
DA:144,0
DA:147,0
DA:149,0
DA:174,1
DA:184,0
DA:194,0
DA:206,0
DA:210,0
DA:212,0
DA:214,0
DA:215,0
DA:217,0
DA:218,0
DA:220,0
DA:222,0
DA:224,0
DA:226,0
DA:228,0
DA:230,0
LF:47
LH:13
BRDA:49,0,0,0
BRDA:49,0,1,1
BRDA:54,1,0,1
BRDA:54,1,1,0
BRDA:56,2,0,1
BRDA:56,2,1,0
BRDA:59,3,0,1
BRDA:59,3,1,0
BRDA:100,4,0,0
BRDA:100,4,1,0
BRDA:143,5,0,0
BRDA:143,5,1,0
BRDA:161,6,0,1
BRDA:212,7,0,0
BRDA:212,7,1,0
BRDA:215,8,0,0
BRDA:215,8,1,0
BRDA:220,9,0,0
BRDA:220,9,1,0
BRDA:220,9,2,0
BRDA:220,9,3,0
BRDA:220,9,4,0
BRF:22
BRH:5
end_of_record
TN:
SF:src\subgraphs\property\index.ts
FN:20,(anonymous_1)
FN:38,(anonymous_2)
FNF:2
FNH:0
FNDA:0,(anonymous_1)
FNDA:0,(anonymous_2)
DA:1,0
DA:2,0
DA:3,0
DA:4,0
DA:5,0
DA:6,0
DA:7,0
DA:9,0
DA:14,0
DA:18,0
DA:21,0
DA:22,0
DA:25,0
DA:30,0
DA:33,0
DA:34,0
DA:36,0
DA:39,0
LF:18
LH:0
BRDA:21,0,0,0
BRDA:21,0,1,0
BRDA:22,1,0,0
BRDA:22,1,1,0
BRDA:25,2,0,0
BRDA:25,2,1,0
BRDA:26,3,0,0
BRDA:26,3,1,0
BRDA:26,3,2,0
BRDA:34,4,0,0
BRDA:34,4,1,0
BRF:11
BRH:0
end_of_record
TN:
SF:src\subgraphs\property\resolvers\property.resolver.ts
FN:56,(anonymous_0)
FN:122,(anonymous_1)
FNF:2
FNH:0
FNDA:0,(anonymous_0)
FNDA:0,(anonymous_1)
DA:2,0
DA:3,0
DA:52,0
DA:54,0
DA:57,0
DA:58,0
DA:63,0
DA:86,0
DA:87,0
DA:88,0
DA:92,0
DA:93,0
DA:97,0
DA:98,0
DA:101,0
DA:109,0
DA:118,0
DA:122,0
DA:126,0
LF:19
LH:0
BRDA:57,0,0,0
BRDA:57,0,1,0
BRDA:74,1,0,0
BRDA:74,1,1,0
BRDA:87,2,0,0
BRDA:87,2,1,0
BRDA:92,3,0,0
BRDA:92,3,1,0
BRDA:97,4,0,0
BRDA:97,4,1,0
BRF:10
BRH:0
end_of_record
TN:
SF:src\subgraphs\user\index.ts
FN:58,(anonymous_1)
FN:75,(anonymous_2)
FNF:2
FNH:0
FNDA:0,(anonymous_1)
FNDA:0,(anonymous_2)
DA:2,0
DA:4,0
DA:5,0
DA:7,0
DA:8,0
DA:9,0
DA:10,0
DA:11,0
DA:12,0
DA:13,0
DA:14,0
DA:16,0
DA:17,0
DA:18,0
DA:21,0
DA:26,0
DA:32,0
DA:35,0
DA:36,0
DA:38,0
DA:45,0
DA:51,0
DA:53,0
DA:59,0
DA:60,0
DA:62,0
DA:63,0
DA:66,0
DA:75,0
DA:76,0
LF:30
LH:0
BRDA:27,0,0,0
BRDA:27,0,1,0
BRDA:62,1,0,0
BRDA:62,1,1,0
BRDA:67,2,0,0
BRDA:67,2,1,0
BRF:6
BRH:0
end_of_record
TN:
SF:src\subgraphs\user\container\user.container.ts
FN:10,createUserContainer
FN:19,(anonymous_2)
FN:28,(anonymous_3)
FN:38,(anonymous_4)
FNF:4
FNH:0
FNDA:0,createUserContainer
FNDA:0,(anonymous_2)
FNDA:0,(anonymous_3)
FNDA:0,(anonymous_4)
DA:2,0
DA:3,0
DA:4,0
DA:6,0
DA:7,0
DA:8,0
DA:10,0
DA:11,0
DA:16,0
DA:19,0
DA:22,0
DA:26,0
DA:29,0
DA:35,0
DA:38,0
DA:42,0
DA:45,0
LF:17
LH:0
BRF:0
BRH:0
end_of_record
TN:
SF:src\subgraphs\user\models\credential.ts
FNF:0
FNH:0
DA:2,0
DA:20,0
DA:76,0
DA:81,0
LF:4
LH:0
BRF:0
BRH:0
end_of_record
TN:
SF:src\subgraphs\user\models\index.ts
FNF:0
FNH:0
DA:2,0
DA:3,0
DA:4,0
DA:5,0
DA:6,0
DA:10,0
DA:11,0
DA:14,0
DA:17,0
DA:22,0
LF:10
LH:0
BRF:0
BRH:0
end_of_record
TN:
SF:src\subgraphs\user\models\mapToDomain.ts
FN:5,mapToDomain
FNF:1
FNH:1
FNDA:1,mapToDomain
DA:5,2
DA:6,1
LF:2
LH:2
BRF:0
BRH:0
end_of_record
TN:
SF:src\subgraphs\user\models\user.model.ts
FN:36,(anonymous_1)
FNF:1
FNH:0
FNDA:0,(anonymous_1)
DA:2,0
DA:3,0
DA:4,0
DA:20,0
DA:36,0
DA:37,0
DA:38,0
DA:40,0
DA:43,0
DA:44,0
LF:10
LH:0
BRDA:37,0,0,0
BRDA:37,0,1,0
BRDA:40,1,0,0
BRDA:40,1,1,0
BRDA:43,2,0,0
BRDA:43,2,1,0
BRF:6
BRH:0
end_of_record
TN:
SF:src\subgraphs\user\repos\user.repo.ts
FN:21,(anonymous_0)
FN:26,(anonymous_1)
FN:30,(anonymous_2)
FN:34,(anonymous_3)
FN:39,(anonymous_4)
FN:43,(anonymous_5)
FNF:6
FNH:0
FNDA:0,(anonymous_0)
FNDA:0,(anonymous_1)
FNDA:0,(anonymous_2)
FNDA:0,(anonymous_3)
FNDA:0,(anonymous_4)
FNDA:0,(anonymous_5)
DA:17,0
DA:22,0
DA:23,0
DA:27,0
DA:31,0
DA:35,0
DA:36,0
DA:40,0
DA:44,0
LF:9
LH:0
BRDA:22,0,0,0
BRDA:22,0,1,0
BRF:2
BRH:0
end_of_record
TN:
SF:src\subgraphs\user\resolvers\index.ts
FN:22,(anonymous_0)
FN:48,(anonymous_1)
FN:56,(anonymous_2)
FN:63,(anonymous_3)
FN:70,(anonymous_4)
FNF:5
FNH:2
FNDA:0,(anonymous_0)
FNDA:4,(anonymous_1)
FNDA:0,(anonymous_2)
FNDA:0,(anonymous_3)
FNDA:5,(anonymous_4)
DA:3,1
DA:4,1
DA:6,1
DA:19,1
DA:23,0
DA:24,0
DA:26,0
DA:28,0
DA:29,0
DA:32,0
DA:36,0
DA:41,0
DA:42,0
DA:44,0
DA:49,4
DA:57,0
DA:58,0
DA:64,0
DA:65,0
DA:66,0
DA:68,0
DA:75,5
DA:77,5
DA:78,2
DA:81,3
DA:82,1
DA:85,2
LF:27
LH:11
BRDA:28,0,0,0
BRDA:28,0,1,0
BRDA:33,1,0,0
BRDA:33,1,1,0
BRDA:38,2,0,0
BRDA:38,2,1,0
BRDA:41,3,0,0
BRDA:41,3,1,0
BRDA:77,4,0,2
BRDA:77,4,1,3
BRDA:81,5,0,1
BRDA:81,5,1,2
BRF:12
BRH:4
end_of_record
TN:
SF:src\subgraphs\user\services\user.service.ts
FN:17,(anonymous_9)
FN:22,(anonymous_10)
FN:36,(anonymous_11)
FN:77,(anonymous_12)
FN:104,(anonymous_13)
FNF:5
FNH:5
FNDA:20,(anonymous_9)
FNDA:4,(anonymous_10)
FNDA:7,(anonymous_11)
FNDA:4,(anonymous_12)
FNDA:5,(anonymous_13)
DA:2,2
DA:5,2
DA:6,2
DA:10,2
DA:16,2
DA:18,20
DA:19,20
DA:23,4
DA:24,1
DA:26,3
DA:27,3
DA:28,2
DA:29,1
DA:32,1
DA:37,7
DA:38,7
DA:39,7
DA:40,1
DA:43,6
DA:44,1
DA:47,5
DA:48,5
DA:50,4
DA:53,3
DA:54,0
DA:57,3
DA:58,1
DA:61,2
DA:64,2
DA:69,1
DA:73,1
DA:79,4
DA:80,4
DA:83,3
DA:84,3
DA:97,2
DA:98,1
DA:100,1
DA:105,5
DA:106,4
LF:40
LH:39
BRDA:23,0,0,1
BRDA:23,0,1,3
BRDA:28,1,0,1
BRDA:28,1,1,1
BRDA:39,2,0,1
BRDA:39,2,1,6
BRDA:43,3,0,1
BRDA:43,3,1,5
BRDA:43,4,0,6
BRDA:43,4,1,5
BRDA:43,4,2,5
BRDA:50,5,0,1
BRDA:50,5,1,3
BRDA:53,6,0,0
BRDA:53,6,1,3
BRDA:57,7,0,1
BRDA:57,7,1,2
BRDA:57,8,0,3
BRDA:57,8,1,2
BRDA:64,9,0,1
BRDA:64,9,1,1
BRDA:65,10,0,2
BRDA:65,10,1,2
BRDA:65,10,2,2
BRDA:80,11,0,1
BRDA:80,11,1,3
BRDA:97,12,0,1
BRDA:97,12,1,1
BRF:28
BRH:27
end_of_record
TN:
SF:src\utils\buildSecurityPrompt.ts
FN:3,buildSecurityPrompt
FNF:1
FNH:0
FNDA:0,buildSecurityPrompt
DA:3,0
DA:5,0
LF:2
LH:0
BRF:0
BRH:0
end_of_record
TN:
SF:src\utils\validateSecurityResponse.ts
FN:4,(anonymous_0)
FNF:1
FNH:0
FNDA:0,(anonymous_0)
DA:4,0
DA:5,0
DA:7,0
DA:8,0
DA:11,0
LF:5
LH:0
BRDA:7,0,0,0
BRDA:7,0,1,0
BRDA:7,1,0,0
BRDA:7,1,1,0
BRDA:7,1,2,0
BRF:5
BRH:0
end_of_record
